[2025-11-30T16:54:51.842+0000] {processor.py:161} INFO - Started process (PID=796) to work on /opt/airflow/dags/energy_consumption_dag.py
[2025-11-30T16:54:51.844+0000] {processor.py:830} INFO - Processing file /opt/airflow/dags/energy_consumption_dag.py for tasks to queue
[2025-11-30T16:54:51.848+0000] {logging_mixin.py:188} INFO - [2025-11-30T16:54:51.847+0000] {dagbag.py:545} INFO - Filling up the DagBag from /opt/airflow/dags/energy_consumption_dag.py
[2025-11-30T16:54:51.909+0000] {processor.py:840} INFO - DAG(s) 'energy_consumption_dag' retrieved from /opt/airflow/dags/energy_consumption_dag.py
[2025-11-30T16:54:52.059+0000] {logging_mixin.py:188} INFO - [2025-11-30T16:54:52.059+0000] {override.py:1858} INFO - Created Permission View: can delete on DAG:energy_consumption_dag
[2025-11-30T16:54:52.072+0000] {logging_mixin.py:188} INFO - [2025-11-30T16:54:52.072+0000] {override.py:1858} INFO - Created Permission View: can edit on DAG:energy_consumption_dag
[2025-11-30T16:54:52.083+0000] {logging_mixin.py:188} INFO - [2025-11-30T16:54:52.082+0000] {override.py:1858} INFO - Created Permission View: can read on DAG:energy_consumption_dag
[2025-11-30T16:54:52.084+0000] {logging_mixin.py:188} INFO - [2025-11-30T16:54:52.084+0000] {dag.py:3089} INFO - Sync 1 DAGs
[2025-11-30T16:54:52.098+0000] {logging_mixin.py:188} INFO - [2025-11-30T16:54:52.098+0000] {dag.py:3111} INFO - Creating ORM DAG for energy_consumption_dag
[2025-11-30T16:54:52.100+0000] {logging_mixin.py:188} INFO - [2025-11-30T16:54:52.100+0000] {dag.py:3947} INFO - Setting next_dagrun for energy_consumption_dag to None, run_after=None
[2025-11-30T16:54:52.137+0000] {processor.py:183} INFO - Processing /opt/airflow/dags/energy_consumption_dag.py took 0.306 seconds
[2025-11-30T16:55:22.705+0000] {processor.py:161} INFO - Started process (PID=837) to work on /opt/airflow/dags/energy_consumption_dag.py
[2025-11-30T16:55:22.709+0000] {processor.py:830} INFO - Processing file /opt/airflow/dags/energy_consumption_dag.py for tasks to queue
[2025-11-30T16:55:22.712+0000] {logging_mixin.py:188} INFO - [2025-11-30T16:55:22.711+0000] {dagbag.py:545} INFO - Filling up the DagBag from /opt/airflow/dags/energy_consumption_dag.py
[2025-11-30T16:55:22.749+0000] {processor.py:840} INFO - DAG(s) 'energy_consumption_dag' retrieved from /opt/airflow/dags/energy_consumption_dag.py
[2025-11-30T16:55:22.782+0000] {logging_mixin.py:188} INFO - [2025-11-30T16:55:22.782+0000] {dag.py:3089} INFO - Sync 1 DAGs
[2025-11-30T16:55:22.795+0000] {logging_mixin.py:188} INFO - [2025-11-30T16:55:22.795+0000] {dag.py:3947} INFO - Setting next_dagrun for energy_consumption_dag to None, run_after=None
[2025-11-30T16:55:22.821+0000] {processor.py:183} INFO - Processing /opt/airflow/dags/energy_consumption_dag.py took 0.123 seconds
[2025-11-30T16:55:53.299+0000] {processor.py:161} INFO - Started process (PID=878) to work on /opt/airflow/dags/energy_consumption_dag.py
[2025-11-30T16:55:53.301+0000] {processor.py:830} INFO - Processing file /opt/airflow/dags/energy_consumption_dag.py for tasks to queue
[2025-11-30T16:55:53.304+0000] {logging_mixin.py:188} INFO - [2025-11-30T16:55:53.303+0000] {dagbag.py:545} INFO - Filling up the DagBag from /opt/airflow/dags/energy_consumption_dag.py
[2025-11-30T16:55:53.346+0000] {processor.py:840} INFO - DAG(s) 'energy_consumption_dag' retrieved from /opt/airflow/dags/energy_consumption_dag.py
[2025-11-30T16:55:53.383+0000] {logging_mixin.py:188} INFO - [2025-11-30T16:55:53.383+0000] {dag.py:3089} INFO - Sync 1 DAGs
[2025-11-30T16:55:53.400+0000] {logging_mixin.py:188} INFO - [2025-11-30T16:55:53.399+0000] {dag.py:3947} INFO - Setting next_dagrun for energy_consumption_dag to None, run_after=None
[2025-11-30T16:55:53.436+0000] {processor.py:183} INFO - Processing /opt/airflow/dags/energy_consumption_dag.py took 0.145 seconds
[2025-11-30T16:56:23.991+0000] {processor.py:161} INFO - Started process (PID=1095) to work on /opt/airflow/dags/energy_consumption_dag.py
[2025-11-30T16:56:23.993+0000] {processor.py:830} INFO - Processing file /opt/airflow/dags/energy_consumption_dag.py for tasks to queue
[2025-11-30T16:56:23.997+0000] {logging_mixin.py:188} INFO - [2025-11-30T16:56:23.996+0000] {dagbag.py:545} INFO - Filling up the DagBag from /opt/airflow/dags/energy_consumption_dag.py
[2025-11-30T16:56:24.036+0000] {processor.py:840} INFO - DAG(s) 'energy_consumption_dag' retrieved from /opt/airflow/dags/energy_consumption_dag.py
[2025-11-30T16:56:24.074+0000] {logging_mixin.py:188} INFO - [2025-11-30T16:56:24.074+0000] {dag.py:3089} INFO - Sync 1 DAGs
[2025-11-30T16:56:24.089+0000] {logging_mixin.py:188} INFO - [2025-11-30T16:56:24.089+0000] {dag.py:3947} INFO - Setting next_dagrun for energy_consumption_dag to None, run_after=None
[2025-11-30T16:56:24.122+0000] {processor.py:183} INFO - Processing /opt/airflow/dags/energy_consumption_dag.py took 0.138 seconds
[2025-11-30T16:56:54.607+0000] {processor.py:161} INFO - Started process (PID=1447) to work on /opt/airflow/dags/energy_consumption_dag.py
[2025-11-30T16:56:54.609+0000] {processor.py:830} INFO - Processing file /opt/airflow/dags/energy_consumption_dag.py for tasks to queue
[2025-11-30T16:56:54.611+0000] {logging_mixin.py:188} INFO - [2025-11-30T16:56:54.611+0000] {dagbag.py:545} INFO - Filling up the DagBag from /opt/airflow/dags/energy_consumption_dag.py
[2025-11-30T16:56:54.660+0000] {processor.py:840} INFO - DAG(s) 'energy_consumption_dag' retrieved from /opt/airflow/dags/energy_consumption_dag.py
[2025-11-30T16:56:54.694+0000] {logging_mixin.py:188} INFO - [2025-11-30T16:56:54.693+0000] {dag.py:3089} INFO - Sync 1 DAGs
[2025-11-30T16:56:54.707+0000] {logging_mixin.py:188} INFO - [2025-11-30T16:56:54.706+0000] {dag.py:3947} INFO - Setting next_dagrun for energy_consumption_dag to None, run_after=None
[2025-11-30T16:56:54.741+0000] {processor.py:183} INFO - Processing /opt/airflow/dags/energy_consumption_dag.py took 0.140 seconds
[2025-11-30T16:57:25.190+0000] {processor.py:161} INFO - Started process (PID=1488) to work on /opt/airflow/dags/energy_consumption_dag.py
[2025-11-30T16:57:25.192+0000] {processor.py:830} INFO - Processing file /opt/airflow/dags/energy_consumption_dag.py for tasks to queue
[2025-11-30T16:57:25.195+0000] {logging_mixin.py:188} INFO - [2025-11-30T16:57:25.194+0000] {dagbag.py:545} INFO - Filling up the DagBag from /opt/airflow/dags/energy_consumption_dag.py
[2025-11-30T16:57:25.252+0000] {processor.py:840} INFO - DAG(s) 'energy_consumption_dag' retrieved from /opt/airflow/dags/energy_consumption_dag.py
[2025-11-30T16:57:25.292+0000] {logging_mixin.py:188} INFO - [2025-11-30T16:57:25.291+0000] {dag.py:3089} INFO - Sync 1 DAGs
[2025-11-30T16:57:25.310+0000] {logging_mixin.py:188} INFO - [2025-11-30T16:57:25.310+0000] {dag.py:3947} INFO - Setting next_dagrun for energy_consumption_dag to None, run_after=None
[2025-11-30T16:57:25.345+0000] {processor.py:183} INFO - Processing /opt/airflow/dags/energy_consumption_dag.py took 0.160 seconds
[2025-11-30T16:57:55.943+0000] {processor.py:161} INFO - Started process (PID=1529) to work on /opt/airflow/dags/energy_consumption_dag.py
[2025-11-30T16:57:55.944+0000] {processor.py:830} INFO - Processing file /opt/airflow/dags/energy_consumption_dag.py for tasks to queue
[2025-11-30T16:57:55.947+0000] {logging_mixin.py:188} INFO - [2025-11-30T16:57:55.947+0000] {dagbag.py:545} INFO - Filling up the DagBag from /opt/airflow/dags/energy_consumption_dag.py
[2025-11-30T16:57:55.979+0000] {processor.py:840} INFO - DAG(s) 'energy_consumption_dag' retrieved from /opt/airflow/dags/energy_consumption_dag.py
[2025-11-30T16:57:56.005+0000] {logging_mixin.py:188} INFO - [2025-11-30T16:57:56.005+0000] {dag.py:3089} INFO - Sync 1 DAGs
[2025-11-30T16:57:56.016+0000] {logging_mixin.py:188} INFO - [2025-11-30T16:57:56.016+0000] {dag.py:3947} INFO - Setting next_dagrun for energy_consumption_dag to None, run_after=None
[2025-11-30T16:57:56.045+0000] {processor.py:183} INFO - Processing /opt/airflow/dags/energy_consumption_dag.py took 0.108 seconds
[2025-11-30T16:58:26.244+0000] {processor.py:161} INFO - Started process (PID=1570) to work on /opt/airflow/dags/energy_consumption_dag.py
[2025-11-30T16:58:26.245+0000] {processor.py:830} INFO - Processing file /opt/airflow/dags/energy_consumption_dag.py for tasks to queue
[2025-11-30T16:58:26.248+0000] {logging_mixin.py:188} INFO - [2025-11-30T16:58:26.248+0000] {dagbag.py:545} INFO - Filling up the DagBag from /opt/airflow/dags/energy_consumption_dag.py
[2025-11-30T16:58:26.289+0000] {processor.py:840} INFO - DAG(s) 'energy_consumption_dag' retrieved from /opt/airflow/dags/energy_consumption_dag.py
[2025-11-30T16:58:26.320+0000] {logging_mixin.py:188} INFO - [2025-11-30T16:58:26.319+0000] {dag.py:3089} INFO - Sync 1 DAGs
[2025-11-30T16:58:26.332+0000] {logging_mixin.py:188} INFO - [2025-11-30T16:58:26.332+0000] {dag.py:3947} INFO - Setting next_dagrun for energy_consumption_dag to None, run_after=None
[2025-11-30T16:58:26.361+0000] {processor.py:183} INFO - Processing /opt/airflow/dags/energy_consumption_dag.py took 0.124 seconds
[2025-11-30T16:58:56.861+0000] {processor.py:161} INFO - Started process (PID=1611) to work on /opt/airflow/dags/energy_consumption_dag.py
[2025-11-30T16:58:56.863+0000] {processor.py:830} INFO - Processing file /opt/airflow/dags/energy_consumption_dag.py for tasks to queue
[2025-11-30T16:58:56.866+0000] {logging_mixin.py:188} INFO - [2025-11-30T16:58:56.866+0000] {dagbag.py:545} INFO - Filling up the DagBag from /opt/airflow/dags/energy_consumption_dag.py
[2025-11-30T16:58:56.922+0000] {processor.py:840} INFO - DAG(s) 'energy_consumption_dag' retrieved from /opt/airflow/dags/energy_consumption_dag.py
[2025-11-30T16:58:56.955+0000] {logging_mixin.py:188} INFO - [2025-11-30T16:58:56.955+0000] {dag.py:3089} INFO - Sync 1 DAGs
[2025-11-30T16:58:56.968+0000] {logging_mixin.py:188} INFO - [2025-11-30T16:58:56.968+0000] {dag.py:3947} INFO - Setting next_dagrun for energy_consumption_dag to None, run_after=None
[2025-11-30T16:58:56.997+0000] {processor.py:183} INFO - Processing /opt/airflow/dags/energy_consumption_dag.py took 0.142 seconds
[2025-11-30T16:59:27.485+0000] {processor.py:161} INFO - Started process (PID=1652) to work on /opt/airflow/dags/energy_consumption_dag.py
[2025-11-30T16:59:27.487+0000] {processor.py:830} INFO - Processing file /opt/airflow/dags/energy_consumption_dag.py for tasks to queue
[2025-11-30T16:59:27.489+0000] {logging_mixin.py:188} INFO - [2025-11-30T16:59:27.489+0000] {dagbag.py:545} INFO - Filling up the DagBag from /opt/airflow/dags/energy_consumption_dag.py
[2025-11-30T16:59:27.523+0000] {processor.py:840} INFO - DAG(s) 'energy_consumption_dag' retrieved from /opt/airflow/dags/energy_consumption_dag.py
[2025-11-30T16:59:27.556+0000] {logging_mixin.py:188} INFO - [2025-11-30T16:59:27.555+0000] {dag.py:3089} INFO - Sync 1 DAGs
[2025-11-30T16:59:27.569+0000] {logging_mixin.py:188} INFO - [2025-11-30T16:59:27.569+0000] {dag.py:3947} INFO - Setting next_dagrun for energy_consumption_dag to None, run_after=None
[2025-11-30T16:59:27.602+0000] {processor.py:183} INFO - Processing /opt/airflow/dags/energy_consumption_dag.py took 0.124 seconds
[2025-11-30T16:59:57.839+0000] {processor.py:161} INFO - Started process (PID=1693) to work on /opt/airflow/dags/energy_consumption_dag.py
[2025-11-30T16:59:57.841+0000] {processor.py:830} INFO - Processing file /opt/airflow/dags/energy_consumption_dag.py for tasks to queue
[2025-11-30T16:59:57.843+0000] {logging_mixin.py:188} INFO - [2025-11-30T16:59:57.843+0000] {dagbag.py:545} INFO - Filling up the DagBag from /opt/airflow/dags/energy_consumption_dag.py
[2025-11-30T16:59:57.903+0000] {processor.py:840} INFO - DAG(s) 'energy_consumption_dag' retrieved from /opt/airflow/dags/energy_consumption_dag.py
[2025-11-30T16:59:57.936+0000] {logging_mixin.py:188} INFO - [2025-11-30T16:59:57.935+0000] {dag.py:3089} INFO - Sync 1 DAGs
[2025-11-30T16:59:57.949+0000] {logging_mixin.py:188} INFO - [2025-11-30T16:59:57.948+0000] {dag.py:3947} INFO - Setting next_dagrun for energy_consumption_dag to None, run_after=None
[2025-11-30T16:59:57.982+0000] {processor.py:183} INFO - Processing /opt/airflow/dags/energy_consumption_dag.py took 0.149 seconds
[2025-11-30T17:00:29.044+0000] {processor.py:161} INFO - Started process (PID=1734) to work on /opt/airflow/dags/energy_consumption_dag.py
[2025-11-30T17:00:29.045+0000] {processor.py:830} INFO - Processing file /opt/airflow/dags/energy_consumption_dag.py for tasks to queue
[2025-11-30T17:00:29.048+0000] {logging_mixin.py:188} INFO - [2025-11-30T17:00:29.047+0000] {dagbag.py:545} INFO - Filling up the DagBag from /opt/airflow/dags/energy_consumption_dag.py
[2025-11-30T17:00:29.098+0000] {processor.py:840} INFO - DAG(s) 'energy_consumption_dag' retrieved from /opt/airflow/dags/energy_consumption_dag.py
[2025-11-30T17:00:29.129+0000] {logging_mixin.py:188} INFO - [2025-11-30T17:00:29.129+0000] {dag.py:3089} INFO - Sync 1 DAGs
[2025-11-30T17:00:29.140+0000] {logging_mixin.py:188} INFO - [2025-11-30T17:00:29.140+0000] {dag.py:3947} INFO - Setting next_dagrun for energy_consumption_dag to None, run_after=None
[2025-11-30T17:00:29.172+0000] {processor.py:183} INFO - Processing /opt/airflow/dags/energy_consumption_dag.py took 0.133 seconds
[2025-11-30T17:05:00.198+0000] {processor.py:161} INFO - Started process (PID=1778) to work on /opt/airflow/dags/energy_consumption_dag.py
[2025-11-30T17:05:00.203+0000] {processor.py:830} INFO - Processing file /opt/airflow/dags/energy_consumption_dag.py for tasks to queue
[2025-11-30T17:05:00.207+0000] {logging_mixin.py:188} INFO - [2025-11-30T17:05:00.206+0000] {dagbag.py:545} INFO - Filling up the DagBag from /opt/airflow/dags/energy_consumption_dag.py
[2025-11-30T17:05:00.252+0000] {processor.py:840} INFO - DAG(s) 'energy_consumption_dag' retrieved from /opt/airflow/dags/energy_consumption_dag.py
[2025-11-30T17:05:00.315+0000] {logging_mixin.py:188} INFO - [2025-11-30T17:05:00.314+0000] {dag.py:3089} INFO - Sync 1 DAGs
[2025-11-30T17:05:00.346+0000] {logging_mixin.py:188} INFO - [2025-11-30T17:05:00.346+0000] {dag.py:3947} INFO - Setting next_dagrun for energy_consumption_dag to None, run_after=None
[2025-11-30T17:05:00.437+0000] {processor.py:183} INFO - Processing /opt/airflow/dags/energy_consumption_dag.py took 0.272 seconds
[2025-11-30T17:05:31.137+0000] {processor.py:161} INFO - Started process (PID=1816) to work on /opt/airflow/dags/energy_consumption_dag.py
[2025-11-30T17:05:31.138+0000] {processor.py:830} INFO - Processing file /opt/airflow/dags/energy_consumption_dag.py for tasks to queue
[2025-11-30T17:05:31.139+0000] {logging_mixin.py:188} INFO - [2025-11-30T17:05:31.139+0000] {dagbag.py:545} INFO - Filling up the DagBag from /opt/airflow/dags/energy_consumption_dag.py
[2025-11-30T17:05:31.154+0000] {processor.py:840} INFO - DAG(s) 'energy_consumption_dag' retrieved from /opt/airflow/dags/energy_consumption_dag.py
[2025-11-30T17:05:31.178+0000] {logging_mixin.py:188} INFO - [2025-11-30T17:05:31.178+0000] {dag.py:3089} INFO - Sync 1 DAGs
[2025-11-30T17:05:31.187+0000] {logging_mixin.py:188} INFO - [2025-11-30T17:05:31.187+0000] {dag.py:3947} INFO - Setting next_dagrun for energy_consumption_dag to None, run_after=None
[2025-11-30T17:05:31.212+0000] {processor.py:183} INFO - Processing /opt/airflow/dags/energy_consumption_dag.py took 0.080 seconds
[2025-11-30T17:06:02.111+0000] {processor.py:161} INFO - Started process (PID=1857) to work on /opt/airflow/dags/energy_consumption_dag.py
[2025-11-30T17:06:02.112+0000] {processor.py:830} INFO - Processing file /opt/airflow/dags/energy_consumption_dag.py for tasks to queue
[2025-11-30T17:06:02.114+0000] {logging_mixin.py:188} INFO - [2025-11-30T17:06:02.113+0000] {dagbag.py:545} INFO - Filling up the DagBag from /opt/airflow/dags/energy_consumption_dag.py
[2025-11-30T17:06:02.126+0000] {processor.py:840} INFO - DAG(s) 'energy_consumption_dag' retrieved from /opt/airflow/dags/energy_consumption_dag.py
[2025-11-30T17:06:02.148+0000] {logging_mixin.py:188} INFO - [2025-11-30T17:06:02.147+0000] {dag.py:3089} INFO - Sync 1 DAGs
[2025-11-30T17:06:02.156+0000] {logging_mixin.py:188} INFO - [2025-11-30T17:06:02.156+0000] {dag.py:3947} INFO - Setting next_dagrun for energy_consumption_dag to None, run_after=None
[2025-11-30T17:06:02.179+0000] {processor.py:183} INFO - Processing /opt/airflow/dags/energy_consumption_dag.py took 0.073 seconds
[2025-11-30T17:06:32.655+0000] {processor.py:161} INFO - Started process (PID=1898) to work on /opt/airflow/dags/energy_consumption_dag.py
[2025-11-30T17:06:32.656+0000] {processor.py:830} INFO - Processing file /opt/airflow/dags/energy_consumption_dag.py for tasks to queue
[2025-11-30T17:06:32.657+0000] {logging_mixin.py:188} INFO - [2025-11-30T17:06:32.657+0000] {dagbag.py:545} INFO - Filling up the DagBag from /opt/airflow/dags/energy_consumption_dag.py
[2025-11-30T17:06:32.676+0000] {processor.py:840} INFO - DAG(s) 'energy_consumption_dag' retrieved from /opt/airflow/dags/energy_consumption_dag.py
[2025-11-30T17:06:32.700+0000] {logging_mixin.py:188} INFO - [2025-11-30T17:06:32.700+0000] {dag.py:3089} INFO - Sync 1 DAGs
[2025-11-30T17:06:32.710+0000] {logging_mixin.py:188} INFO - [2025-11-30T17:06:32.710+0000] {dag.py:3947} INFO - Setting next_dagrun for energy_consumption_dag to None, run_after=None
[2025-11-30T17:06:32.737+0000] {processor.py:183} INFO - Processing /opt/airflow/dags/energy_consumption_dag.py took 0.087 seconds
[2025-11-30T17:07:03.044+0000] {processor.py:161} INFO - Started process (PID=1939) to work on /opt/airflow/dags/energy_consumption_dag.py
[2025-11-30T17:07:03.045+0000] {processor.py:830} INFO - Processing file /opt/airflow/dags/energy_consumption_dag.py for tasks to queue
[2025-11-30T17:07:03.047+0000] {logging_mixin.py:188} INFO - [2025-11-30T17:07:03.047+0000] {dagbag.py:545} INFO - Filling up the DagBag from /opt/airflow/dags/energy_consumption_dag.py
[2025-11-30T17:07:03.069+0000] {processor.py:840} INFO - DAG(s) 'energy_consumption_dag' retrieved from /opt/airflow/dags/energy_consumption_dag.py
[2025-11-30T17:07:03.093+0000] {logging_mixin.py:188} INFO - [2025-11-30T17:07:03.093+0000] {dag.py:3089} INFO - Sync 1 DAGs
[2025-11-30T17:07:03.103+0000] {logging_mixin.py:188} INFO - [2025-11-30T17:07:03.103+0000] {dag.py:3947} INFO - Setting next_dagrun for energy_consumption_dag to None, run_after=None
[2025-11-30T17:07:03.127+0000] {processor.py:183} INFO - Processing /opt/airflow/dags/energy_consumption_dag.py took 0.087 seconds
[2025-11-30T17:07:33.223+0000] {processor.py:161} INFO - Started process (PID=1980) to work on /opt/airflow/dags/energy_consumption_dag.py
[2025-11-30T17:07:33.224+0000] {processor.py:830} INFO - Processing file /opt/airflow/dags/energy_consumption_dag.py for tasks to queue
[2025-11-30T17:07:33.225+0000] {logging_mixin.py:188} INFO - [2025-11-30T17:07:33.225+0000] {dagbag.py:545} INFO - Filling up the DagBag from /opt/airflow/dags/energy_consumption_dag.py
[2025-11-30T17:07:33.242+0000] {processor.py:840} INFO - DAG(s) 'energy_consumption_dag' retrieved from /opt/airflow/dags/energy_consumption_dag.py
[2025-11-30T17:07:33.264+0000] {logging_mixin.py:188} INFO - [2025-11-30T17:07:33.264+0000] {dag.py:3089} INFO - Sync 1 DAGs
[2025-11-30T17:07:33.273+0000] {logging_mixin.py:188} INFO - [2025-11-30T17:07:33.273+0000] {dag.py:3947} INFO - Setting next_dagrun for energy_consumption_dag to None, run_after=None
[2025-11-30T17:07:33.298+0000] {processor.py:183} INFO - Processing /opt/airflow/dags/energy_consumption_dag.py took 0.080 seconds
[2025-11-30T17:08:03.779+0000] {processor.py:161} INFO - Started process (PID=2021) to work on /opt/airflow/dags/energy_consumption_dag.py
[2025-11-30T17:08:03.780+0000] {processor.py:830} INFO - Processing file /opt/airflow/dags/energy_consumption_dag.py for tasks to queue
[2025-11-30T17:08:03.782+0000] {logging_mixin.py:188} INFO - [2025-11-30T17:08:03.782+0000] {dagbag.py:545} INFO - Filling up the DagBag from /opt/airflow/dags/energy_consumption_dag.py
[2025-11-30T17:08:03.802+0000] {processor.py:840} INFO - DAG(s) 'energy_consumption_dag' retrieved from /opt/airflow/dags/energy_consumption_dag.py
[2025-11-30T17:08:03.825+0000] {logging_mixin.py:188} INFO - [2025-11-30T17:08:03.824+0000] {dag.py:3089} INFO - Sync 1 DAGs
[2025-11-30T17:08:03.834+0000] {logging_mixin.py:188} INFO - [2025-11-30T17:08:03.834+0000] {dag.py:3947} INFO - Setting next_dagrun for energy_consumption_dag to None, run_after=None
[2025-11-30T17:08:03.860+0000] {processor.py:183} INFO - Processing /opt/airflow/dags/energy_consumption_dag.py took 0.085 seconds
[2025-11-30T17:08:34.397+0000] {processor.py:161} INFO - Started process (PID=2062) to work on /opt/airflow/dags/energy_consumption_dag.py
[2025-11-30T17:08:34.398+0000] {processor.py:830} INFO - Processing file /opt/airflow/dags/energy_consumption_dag.py for tasks to queue
[2025-11-30T17:08:34.399+0000] {logging_mixin.py:188} INFO - [2025-11-30T17:08:34.399+0000] {dagbag.py:545} INFO - Filling up the DagBag from /opt/airflow/dags/energy_consumption_dag.py
[2025-11-30T17:08:34.417+0000] {processor.py:840} INFO - DAG(s) 'energy_consumption_dag' retrieved from /opt/airflow/dags/energy_consumption_dag.py
[2025-11-30T17:08:34.440+0000] {logging_mixin.py:188} INFO - [2025-11-30T17:08:34.440+0000] {dag.py:3089} INFO - Sync 1 DAGs
[2025-11-30T17:08:34.450+0000] {logging_mixin.py:188} INFO - [2025-11-30T17:08:34.450+0000] {dag.py:3947} INFO - Setting next_dagrun for energy_consumption_dag to None, run_after=None
[2025-11-30T17:08:34.477+0000] {processor.py:183} INFO - Processing /opt/airflow/dags/energy_consumption_dag.py took 0.084 seconds
[2025-11-30T17:09:04.804+0000] {processor.py:161} INFO - Started process (PID=2103) to work on /opt/airflow/dags/energy_consumption_dag.py
[2025-11-30T17:09:04.805+0000] {processor.py:830} INFO - Processing file /opt/airflow/dags/energy_consumption_dag.py for tasks to queue
[2025-11-30T17:09:04.807+0000] {logging_mixin.py:188} INFO - [2025-11-30T17:09:04.807+0000] {dagbag.py:545} INFO - Filling up the DagBag from /opt/airflow/dags/energy_consumption_dag.py
[2025-11-30T17:09:04.827+0000] {processor.py:840} INFO - DAG(s) 'energy_consumption_dag' retrieved from /opt/airflow/dags/energy_consumption_dag.py
[2025-11-30T17:09:04.849+0000] {logging_mixin.py:188} INFO - [2025-11-30T17:09:04.849+0000] {dag.py:3089} INFO - Sync 1 DAGs
[2025-11-30T17:09:04.858+0000] {logging_mixin.py:188} INFO - [2025-11-30T17:09:04.858+0000] {dag.py:3947} INFO - Setting next_dagrun for energy_consumption_dag to None, run_after=None
[2025-11-30T17:09:04.884+0000] {processor.py:183} INFO - Processing /opt/airflow/dags/energy_consumption_dag.py took 0.085 seconds
[2025-11-30T17:09:35.083+0000] {processor.py:161} INFO - Started process (PID=2144) to work on /opt/airflow/dags/energy_consumption_dag.py
[2025-11-30T17:09:35.084+0000] {processor.py:830} INFO - Processing file /opt/airflow/dags/energy_consumption_dag.py for tasks to queue
[2025-11-30T17:09:35.086+0000] {logging_mixin.py:188} INFO - [2025-11-30T17:09:35.085+0000] {dagbag.py:545} INFO - Filling up the DagBag from /opt/airflow/dags/energy_consumption_dag.py
[2025-11-30T17:09:35.115+0000] {processor.py:840} INFO - DAG(s) 'energy_consumption_dag' retrieved from /opt/airflow/dags/energy_consumption_dag.py
[2025-11-30T17:09:35.140+0000] {logging_mixin.py:188} INFO - [2025-11-30T17:09:35.140+0000] {dag.py:3089} INFO - Sync 1 DAGs
[2025-11-30T17:09:35.151+0000] {logging_mixin.py:188} INFO - [2025-11-30T17:09:35.150+0000] {dag.py:3947} INFO - Setting next_dagrun for energy_consumption_dag to None, run_after=None
[2025-11-30T17:09:35.180+0000] {processor.py:183} INFO - Processing /opt/airflow/dags/energy_consumption_dag.py took 0.103 seconds
[2025-11-30T17:10:05.567+0000] {processor.py:161} INFO - Started process (PID=2185) to work on /opt/airflow/dags/energy_consumption_dag.py
[2025-11-30T17:10:05.568+0000] {processor.py:830} INFO - Processing file /opt/airflow/dags/energy_consumption_dag.py for tasks to queue
[2025-11-30T17:10:05.570+0000] {logging_mixin.py:188} INFO - [2025-11-30T17:10:05.570+0000] {dagbag.py:545} INFO - Filling up the DagBag from /opt/airflow/dags/energy_consumption_dag.py
[2025-11-30T17:10:05.594+0000] {processor.py:840} INFO - DAG(s) 'energy_consumption_dag' retrieved from /opt/airflow/dags/energy_consumption_dag.py
[2025-11-30T17:10:05.622+0000] {logging_mixin.py:188} INFO - [2025-11-30T17:10:05.622+0000] {dag.py:3089} INFO - Sync 1 DAGs
[2025-11-30T17:10:05.632+0000] {logging_mixin.py:188} INFO - [2025-11-30T17:10:05.632+0000] {dag.py:3947} INFO - Setting next_dagrun for energy_consumption_dag to None, run_after=None
[2025-11-30T17:10:05.654+0000] {processor.py:183} INFO - Processing /opt/airflow/dags/energy_consumption_dag.py took 0.094 seconds
[2025-11-30T17:10:36.180+0000] {processor.py:161} INFO - Started process (PID=2226) to work on /opt/airflow/dags/energy_consumption_dag.py
[2025-11-30T17:10:36.181+0000] {processor.py:830} INFO - Processing file /opt/airflow/dags/energy_consumption_dag.py for tasks to queue
[2025-11-30T17:10:36.183+0000] {logging_mixin.py:188} INFO - [2025-11-30T17:10:36.183+0000] {dagbag.py:545} INFO - Filling up the DagBag from /opt/airflow/dags/energy_consumption_dag.py
[2025-11-30T17:10:36.204+0000] {processor.py:840} INFO - DAG(s) 'energy_consumption_dag' retrieved from /opt/airflow/dags/energy_consumption_dag.py
[2025-11-30T17:10:36.229+0000] {logging_mixin.py:188} INFO - [2025-11-30T17:10:36.229+0000] {dag.py:3089} INFO - Sync 1 DAGs
[2025-11-30T17:10:36.240+0000] {logging_mixin.py:188} INFO - [2025-11-30T17:10:36.240+0000] {dag.py:3947} INFO - Setting next_dagrun for energy_consumption_dag to None, run_after=None
[2025-11-30T17:10:36.266+0000] {processor.py:183} INFO - Processing /opt/airflow/dags/energy_consumption_dag.py took 0.090 seconds
[2025-11-30T17:11:06.503+0000] {processor.py:161} INFO - Started process (PID=2314) to work on /opt/airflow/dags/energy_consumption_dag.py
[2025-11-30T17:11:06.504+0000] {processor.py:830} INFO - Processing file /opt/airflow/dags/energy_consumption_dag.py for tasks to queue
[2025-11-30T17:11:06.506+0000] {logging_mixin.py:188} INFO - [2025-11-30T17:11:06.506+0000] {dagbag.py:545} INFO - Filling up the DagBag from /opt/airflow/dags/energy_consumption_dag.py
[2025-11-30T17:11:06.525+0000] {processor.py:840} INFO - DAG(s) 'energy_consumption_dag' retrieved from /opt/airflow/dags/energy_consumption_dag.py
[2025-11-30T17:11:06.548+0000] {logging_mixin.py:188} INFO - [2025-11-30T17:11:06.548+0000] {dag.py:3089} INFO - Sync 1 DAGs
[2025-11-30T17:11:06.560+0000] {logging_mixin.py:188} INFO - [2025-11-30T17:11:06.560+0000] {dag.py:3947} INFO - Setting next_dagrun for energy_consumption_dag to None, run_after=None
[2025-11-30T17:11:06.585+0000] {processor.py:183} INFO - Processing /opt/airflow/dags/energy_consumption_dag.py took 0.086 seconds
[2025-11-30T17:11:36.655+0000] {processor.py:161} INFO - Started process (PID=2355) to work on /opt/airflow/dags/energy_consumption_dag.py
[2025-11-30T17:11:36.656+0000] {processor.py:830} INFO - Processing file /opt/airflow/dags/energy_consumption_dag.py for tasks to queue
[2025-11-30T17:11:36.658+0000] {logging_mixin.py:188} INFO - [2025-11-30T17:11:36.657+0000] {dagbag.py:545} INFO - Filling up the DagBag from /opt/airflow/dags/energy_consumption_dag.py
[2025-11-30T17:11:36.677+0000] {processor.py:840} INFO - DAG(s) 'energy_consumption_dag' retrieved from /opt/airflow/dags/energy_consumption_dag.py
[2025-11-30T17:11:36.703+0000] {logging_mixin.py:188} INFO - [2025-11-30T17:11:36.703+0000] {dag.py:3089} INFO - Sync 1 DAGs
[2025-11-30T17:11:36.714+0000] {logging_mixin.py:188} INFO - [2025-11-30T17:11:36.714+0000] {dag.py:3947} INFO - Setting next_dagrun for energy_consumption_dag to None, run_after=None
[2025-11-30T17:11:36.739+0000] {processor.py:183} INFO - Processing /opt/airflow/dags/energy_consumption_dag.py took 0.089 seconds
[2025-11-30T17:12:07.211+0000] {processor.py:161} INFO - Started process (PID=2396) to work on /opt/airflow/dags/energy_consumption_dag.py
[2025-11-30T17:12:07.213+0000] {processor.py:830} INFO - Processing file /opt/airflow/dags/energy_consumption_dag.py for tasks to queue
[2025-11-30T17:12:07.215+0000] {logging_mixin.py:188} INFO - [2025-11-30T17:12:07.215+0000] {dagbag.py:545} INFO - Filling up the DagBag from /opt/airflow/dags/energy_consumption_dag.py
[2025-11-30T17:12:07.231+0000] {processor.py:840} INFO - DAG(s) 'energy_consumption_dag' retrieved from /opt/airflow/dags/energy_consumption_dag.py
[2025-11-30T17:12:07.254+0000] {logging_mixin.py:188} INFO - [2025-11-30T17:12:07.254+0000] {dag.py:3089} INFO - Sync 1 DAGs
[2025-11-30T17:12:07.265+0000] {logging_mixin.py:188} INFO - [2025-11-30T17:12:07.265+0000] {dag.py:3947} INFO - Setting next_dagrun for energy_consumption_dag to None, run_after=None
[2025-11-30T17:12:07.293+0000] {processor.py:183} INFO - Processing /opt/airflow/dags/energy_consumption_dag.py took 0.087 seconds
[2025-11-30T17:12:38.916+0000] {processor.py:161} INFO - Started process (PID=2437) to work on /opt/airflow/dags/energy_consumption_dag.py
[2025-11-30T17:12:38.917+0000] {processor.py:830} INFO - Processing file /opt/airflow/dags/energy_consumption_dag.py for tasks to queue
[2025-11-30T17:12:38.918+0000] {logging_mixin.py:188} INFO - [2025-11-30T17:12:38.918+0000] {dagbag.py:545} INFO - Filling up the DagBag from /opt/airflow/dags/energy_consumption_dag.py
[2025-11-30T17:12:38.937+0000] {processor.py:840} INFO - DAG(s) 'energy_consumption_dag' retrieved from /opt/airflow/dags/energy_consumption_dag.py
[2025-11-30T17:12:38.961+0000] {logging_mixin.py:188} INFO - [2025-11-30T17:12:38.960+0000] {dag.py:3089} INFO - Sync 1 DAGs
[2025-11-30T17:12:38.970+0000] {logging_mixin.py:188} INFO - [2025-11-30T17:12:38.970+0000] {dag.py:3947} INFO - Setting next_dagrun for energy_consumption_dag to None, run_after=None
[2025-11-30T17:12:38.996+0000] {processor.py:183} INFO - Processing /opt/airflow/dags/energy_consumption_dag.py took 0.085 seconds
[2025-11-30T17:13:09.314+0000] {processor.py:161} INFO - Started process (PID=2478) to work on /opt/airflow/dags/energy_consumption_dag.py
[2025-11-30T17:13:09.315+0000] {processor.py:830} INFO - Processing file /opt/airflow/dags/energy_consumption_dag.py for tasks to queue
[2025-11-30T17:13:09.316+0000] {logging_mixin.py:188} INFO - [2025-11-30T17:13:09.316+0000] {dagbag.py:545} INFO - Filling up the DagBag from /opt/airflow/dags/energy_consumption_dag.py
[2025-11-30T17:13:09.338+0000] {processor.py:840} INFO - DAG(s) 'energy_consumption_dag' retrieved from /opt/airflow/dags/energy_consumption_dag.py
[2025-11-30T17:13:09.365+0000] {logging_mixin.py:188} INFO - [2025-11-30T17:13:09.365+0000] {dag.py:3089} INFO - Sync 1 DAGs
[2025-11-30T17:13:09.376+0000] {logging_mixin.py:188} INFO - [2025-11-30T17:13:09.376+0000] {dag.py:3947} INFO - Setting next_dagrun for energy_consumption_dag to None, run_after=None
[2025-11-30T17:13:09.401+0000] {processor.py:183} INFO - Processing /opt/airflow/dags/energy_consumption_dag.py took 0.092 seconds
[2025-11-30T17:13:40.060+0000] {processor.py:161} INFO - Started process (PID=2519) to work on /opt/airflow/dags/energy_consumption_dag.py
[2025-11-30T17:13:40.061+0000] {processor.py:830} INFO - Processing file /opt/airflow/dags/energy_consumption_dag.py for tasks to queue
[2025-11-30T17:13:40.063+0000] {logging_mixin.py:188} INFO - [2025-11-30T17:13:40.062+0000] {dagbag.py:545} INFO - Filling up the DagBag from /opt/airflow/dags/energy_consumption_dag.py
[2025-11-30T17:13:40.082+0000] {processor.py:840} INFO - DAG(s) 'energy_consumption_dag' retrieved from /opt/airflow/dags/energy_consumption_dag.py
[2025-11-30T17:13:40.109+0000] {logging_mixin.py:188} INFO - [2025-11-30T17:13:40.108+0000] {dag.py:3089} INFO - Sync 1 DAGs
[2025-11-30T17:13:40.120+0000] {logging_mixin.py:188} INFO - [2025-11-30T17:13:40.120+0000] {dag.py:3947} INFO - Setting next_dagrun for energy_consumption_dag to None, run_after=None
[2025-11-30T17:13:40.148+0000] {processor.py:183} INFO - Processing /opt/airflow/dags/energy_consumption_dag.py took 0.094 seconds
[2025-11-30T17:14:10.407+0000] {processor.py:161} INFO - Started process (PID=2560) to work on /opt/airflow/dags/energy_consumption_dag.py
[2025-11-30T17:14:10.408+0000] {processor.py:830} INFO - Processing file /opt/airflow/dags/energy_consumption_dag.py for tasks to queue
[2025-11-30T17:14:10.410+0000] {logging_mixin.py:188} INFO - [2025-11-30T17:14:10.409+0000] {dagbag.py:545} INFO - Filling up the DagBag from /opt/airflow/dags/energy_consumption_dag.py
[2025-11-30T17:14:10.431+0000] {processor.py:840} INFO - DAG(s) 'energy_consumption_dag' retrieved from /opt/airflow/dags/energy_consumption_dag.py
[2025-11-30T17:14:10.455+0000] {logging_mixin.py:188} INFO - [2025-11-30T17:14:10.455+0000] {dag.py:3089} INFO - Sync 1 DAGs
[2025-11-30T17:14:10.465+0000] {logging_mixin.py:188} INFO - [2025-11-30T17:14:10.465+0000] {dag.py:3947} INFO - Setting next_dagrun for energy_consumption_dag to None, run_after=None
[2025-11-30T17:14:10.492+0000] {processor.py:183} INFO - Processing /opt/airflow/dags/energy_consumption_dag.py took 0.090 seconds
[2025-11-30T17:14:41.947+0000] {processor.py:161} INFO - Started process (PID=2601) to work on /opt/airflow/dags/energy_consumption_dag.py
[2025-11-30T17:14:41.948+0000] {processor.py:830} INFO - Processing file /opt/airflow/dags/energy_consumption_dag.py for tasks to queue
[2025-11-30T17:14:41.949+0000] {logging_mixin.py:188} INFO - [2025-11-30T17:14:41.949+0000] {dagbag.py:545} INFO - Filling up the DagBag from /opt/airflow/dags/energy_consumption_dag.py
[2025-11-30T17:14:41.967+0000] {processor.py:840} INFO - DAG(s) 'energy_consumption_dag' retrieved from /opt/airflow/dags/energy_consumption_dag.py
[2025-11-30T17:14:41.991+0000] {logging_mixin.py:188} INFO - [2025-11-30T17:14:41.991+0000] {dag.py:3089} INFO - Sync 1 DAGs
[2025-11-30T17:14:42.001+0000] {logging_mixin.py:188} INFO - [2025-11-30T17:14:42.001+0000] {dag.py:3947} INFO - Setting next_dagrun for energy_consumption_dag to None, run_after=None
[2025-11-30T17:14:42.028+0000] {processor.py:183} INFO - Processing /opt/airflow/dags/energy_consumption_dag.py took 0.085 seconds
[2025-11-30T17:15:12.762+0000] {processor.py:161} INFO - Started process (PID=2642) to work on /opt/airflow/dags/energy_consumption_dag.py
[2025-11-30T17:15:12.763+0000] {processor.py:830} INFO - Processing file /opt/airflow/dags/energy_consumption_dag.py for tasks to queue
[2025-11-30T17:15:12.765+0000] {logging_mixin.py:188} INFO - [2025-11-30T17:15:12.764+0000] {dagbag.py:545} INFO - Filling up the DagBag from /opt/airflow/dags/energy_consumption_dag.py
[2025-11-30T17:15:12.783+0000] {processor.py:840} INFO - DAG(s) 'energy_consumption_dag' retrieved from /opt/airflow/dags/energy_consumption_dag.py
[2025-11-30T17:15:12.814+0000] {logging_mixin.py:188} INFO - [2025-11-30T17:15:12.814+0000] {dag.py:3089} INFO - Sync 1 DAGs
[2025-11-30T17:15:12.824+0000] {logging_mixin.py:188} INFO - [2025-11-30T17:15:12.824+0000] {dag.py:3947} INFO - Setting next_dagrun for energy_consumption_dag to None, run_after=None
[2025-11-30T17:15:12.848+0000] {processor.py:183} INFO - Processing /opt/airflow/dags/energy_consumption_dag.py took 0.090 seconds
[2025-11-30T17:15:43.370+0000] {processor.py:161} INFO - Started process (PID=2683) to work on /opt/airflow/dags/energy_consumption_dag.py
[2025-11-30T17:15:43.371+0000] {processor.py:830} INFO - Processing file /opt/airflow/dags/energy_consumption_dag.py for tasks to queue
[2025-11-30T17:15:43.372+0000] {logging_mixin.py:188} INFO - [2025-11-30T17:15:43.372+0000] {dagbag.py:545} INFO - Filling up the DagBag from /opt/airflow/dags/energy_consumption_dag.py
[2025-11-30T17:15:43.394+0000] {processor.py:840} INFO - DAG(s) 'energy_consumption_dag' retrieved from /opt/airflow/dags/energy_consumption_dag.py
[2025-11-30T17:15:43.419+0000] {logging_mixin.py:188} INFO - [2025-11-30T17:15:43.419+0000] {dag.py:3089} INFO - Sync 1 DAGs
[2025-11-30T17:15:43.430+0000] {logging_mixin.py:188} INFO - [2025-11-30T17:15:43.430+0000] {dag.py:3947} INFO - Setting next_dagrun for energy_consumption_dag to None, run_after=None
[2025-11-30T17:15:43.458+0000] {processor.py:183} INFO - Processing /opt/airflow/dags/energy_consumption_dag.py took 0.092 seconds
[2025-11-30T17:16:13.813+0000] {processor.py:161} INFO - Started process (PID=2724) to work on /opt/airflow/dags/energy_consumption_dag.py
[2025-11-30T17:16:13.814+0000] {processor.py:830} INFO - Processing file /opt/airflow/dags/energy_consumption_dag.py for tasks to queue
[2025-11-30T17:16:13.815+0000] {logging_mixin.py:188} INFO - [2025-11-30T17:16:13.815+0000] {dagbag.py:545} INFO - Filling up the DagBag from /opt/airflow/dags/energy_consumption_dag.py
[2025-11-30T17:16:13.835+0000] {processor.py:840} INFO - DAG(s) 'energy_consumption_dag' retrieved from /opt/airflow/dags/energy_consumption_dag.py
[2025-11-30T17:16:13.858+0000] {logging_mixin.py:188} INFO - [2025-11-30T17:16:13.858+0000] {dag.py:3089} INFO - Sync 1 DAGs
[2025-11-30T17:16:13.870+0000] {logging_mixin.py:188} INFO - [2025-11-30T17:16:13.870+0000] {dag.py:3947} INFO - Setting next_dagrun for energy_consumption_dag to None, run_after=None
[2025-11-30T17:16:13.897+0000] {processor.py:183} INFO - Processing /opt/airflow/dags/energy_consumption_dag.py took 0.089 seconds
[2025-11-30T17:16:45.366+0000] {processor.py:161} INFO - Started process (PID=2765) to work on /opt/airflow/dags/energy_consumption_dag.py
[2025-11-30T17:16:45.367+0000] {processor.py:830} INFO - Processing file /opt/airflow/dags/energy_consumption_dag.py for tasks to queue
[2025-11-30T17:16:45.369+0000] {logging_mixin.py:188} INFO - [2025-11-30T17:16:45.369+0000] {dagbag.py:545} INFO - Filling up the DagBag from /opt/airflow/dags/energy_consumption_dag.py
[2025-11-30T17:16:45.386+0000] {processor.py:840} INFO - DAG(s) 'energy_consumption_dag' retrieved from /opt/airflow/dags/energy_consumption_dag.py
[2025-11-30T17:16:45.409+0000] {logging_mixin.py:188} INFO - [2025-11-30T17:16:45.409+0000] {dag.py:3089} INFO - Sync 1 DAGs
[2025-11-30T17:16:45.419+0000] {logging_mixin.py:188} INFO - [2025-11-30T17:16:45.419+0000] {dag.py:3947} INFO - Setting next_dagrun for energy_consumption_dag to None, run_after=None
[2025-11-30T17:16:45.445+0000] {processor.py:183} INFO - Processing /opt/airflow/dags/energy_consumption_dag.py took 0.083 seconds
[2025-11-30T17:17:15.729+0000] {processor.py:161} INFO - Started process (PID=2806) to work on /opt/airflow/dags/energy_consumption_dag.py
[2025-11-30T17:17:15.730+0000] {processor.py:830} INFO - Processing file /opt/airflow/dags/energy_consumption_dag.py for tasks to queue
[2025-11-30T17:17:15.731+0000] {logging_mixin.py:188} INFO - [2025-11-30T17:17:15.731+0000] {dagbag.py:545} INFO - Filling up the DagBag from /opt/airflow/dags/energy_consumption_dag.py
[2025-11-30T17:17:15.749+0000] {processor.py:840} INFO - DAG(s) 'energy_consumption_dag' retrieved from /opt/airflow/dags/energy_consumption_dag.py
[2025-11-30T17:17:15.775+0000] {logging_mixin.py:188} INFO - [2025-11-30T17:17:15.774+0000] {dag.py:3089} INFO - Sync 1 DAGs
[2025-11-30T17:17:15.785+0000] {logging_mixin.py:188} INFO - [2025-11-30T17:17:15.785+0000] {dag.py:3947} INFO - Setting next_dagrun for energy_consumption_dag to None, run_after=None
[2025-11-30T17:17:15.811+0000] {processor.py:183} INFO - Processing /opt/airflow/dags/energy_consumption_dag.py took 0.088 seconds
[2025-11-30T17:17:46.882+0000] {processor.py:161} INFO - Started process (PID=2847) to work on /opt/airflow/dags/energy_consumption_dag.py
[2025-11-30T17:17:46.883+0000] {processor.py:830} INFO - Processing file /opt/airflow/dags/energy_consumption_dag.py for tasks to queue
[2025-11-30T17:17:46.886+0000] {logging_mixin.py:188} INFO - [2025-11-30T17:17:46.885+0000] {dagbag.py:545} INFO - Filling up the DagBag from /opt/airflow/dags/energy_consumption_dag.py
[2025-11-30T17:17:46.907+0000] {processor.py:840} INFO - DAG(s) 'energy_consumption_dag' retrieved from /opt/airflow/dags/energy_consumption_dag.py
[2025-11-30T17:17:46.943+0000] {logging_mixin.py:188} INFO - [2025-11-30T17:17:46.943+0000] {dag.py:3089} INFO - Sync 1 DAGs
[2025-11-30T17:17:46.960+0000] {logging_mixin.py:188} INFO - [2025-11-30T17:17:46.960+0000] {dag.py:3947} INFO - Setting next_dagrun for energy_consumption_dag to None, run_after=None
[2025-11-30T17:17:46.996+0000] {processor.py:183} INFO - Processing /opt/airflow/dags/energy_consumption_dag.py took 0.120 seconds
[2025-11-30T23:51:25.832+0000] {processor.py:161} INFO - Started process (PID=179) to work on /opt/airflow/dags/energy_consumption_dag.py
[2025-11-30T23:51:25.833+0000] {processor.py:830} INFO - Processing file /opt/airflow/dags/energy_consumption_dag.py for tasks to queue
[2025-11-30T23:51:25.834+0000] {logging_mixin.py:188} INFO - [2025-11-30T23:51:25.834+0000] {dagbag.py:545} INFO - Filling up the DagBag from /opt/airflow/dags/energy_consumption_dag.py
[2025-11-30T23:51:25.861+0000] {processor.py:840} INFO - DAG(s) 'energy_consumption_dag' retrieved from /opt/airflow/dags/energy_consumption_dag.py
[2025-11-30T23:51:25.892+0000] {logging_mixin.py:188} INFO - [2025-11-30T23:51:25.892+0000] {dag.py:3089} INFO - Sync 1 DAGs
[2025-11-30T23:51:25.910+0000] {logging_mixin.py:188} INFO - [2025-11-30T23:51:25.910+0000] {dag.py:3947} INFO - Setting next_dagrun for energy_consumption_dag to None, run_after=None
[2025-11-30T23:51:25.938+0000] {processor.py:183} INFO - Processing /opt/airflow/dags/energy_consumption_dag.py took 0.111 seconds
[2025-11-30T23:51:56.053+0000] {processor.py:161} INFO - Started process (PID=217) to work on /opt/airflow/dags/energy_consumption_dag.py
[2025-11-30T23:51:56.054+0000] {processor.py:830} INFO - Processing file /opt/airflow/dags/energy_consumption_dag.py for tasks to queue
[2025-11-30T23:51:56.056+0000] {logging_mixin.py:188} INFO - [2025-11-30T23:51:56.056+0000] {dagbag.py:545} INFO - Filling up the DagBag from /opt/airflow/dags/energy_consumption_dag.py
[2025-11-30T23:51:56.077+0000] {processor.py:840} INFO - DAG(s) 'energy_consumption_dag' retrieved from /opt/airflow/dags/energy_consumption_dag.py
[2025-11-30T23:51:56.217+0000] {logging_mixin.py:188} INFO - [2025-11-30T23:51:56.217+0000] {dag.py:3089} INFO - Sync 1 DAGs
[2025-11-30T23:51:56.225+0000] {logging_mixin.py:188} INFO - [2025-11-30T23:51:56.224+0000] {dag.py:3947} INFO - Setting next_dagrun for energy_consumption_dag to None, run_after=None
[2025-11-30T23:51:56.252+0000] {processor.py:183} INFO - Processing /opt/airflow/dags/energy_consumption_dag.py took 0.205 seconds
