[2025-11-30T16:54:51.853+0000] {processor.py:161} INFO - Started process (PID=799) to work on /opt/airflow/dags/inflation_forecast_dag.py
[2025-11-30T16:54:51.856+0000] {processor.py:830} INFO - Processing file /opt/airflow/dags/inflation_forecast_dag.py for tasks to queue
[2025-11-30T16:54:51.859+0000] {logging_mixin.py:188} INFO - [2025-11-30T16:54:51.858+0000] {dagbag.py:545} INFO - Filling up the DagBag from /opt/airflow/dags/inflation_forecast_dag.py
[2025-11-30T16:54:51.921+0000] {processor.py:840} INFO - DAG(s) 'inflation_forecast_dag' retrieved from /opt/airflow/dags/inflation_forecast_dag.py
[2025-11-30T16:54:52.063+0000] {logging_mixin.py:188} INFO - [2025-11-30T16:54:52.063+0000] {override.py:1858} INFO - Created Permission View: can delete on DAG:inflation_forecast_dag
[2025-11-30T16:54:52.076+0000] {logging_mixin.py:188} INFO - [2025-11-30T16:54:52.076+0000] {override.py:1858} INFO - Created Permission View: can edit on DAG:inflation_forecast_dag
[2025-11-30T16:54:52.086+0000] {logging_mixin.py:188} INFO - [2025-11-30T16:54:52.085+0000] {override.py:1858} INFO - Created Permission View: can read on DAG:inflation_forecast_dag
[2025-11-30T16:54:52.087+0000] {logging_mixin.py:188} INFO - [2025-11-30T16:54:52.087+0000] {dag.py:3089} INFO - Sync 1 DAGs
[2025-11-30T16:54:52.101+0000] {logging_mixin.py:188} INFO - [2025-11-30T16:54:52.101+0000] {dag.py:3111} INFO - Creating ORM DAG for inflation_forecast_dag
[2025-11-30T16:54:52.103+0000] {logging_mixin.py:188} INFO - [2025-11-30T16:54:52.103+0000] {dag.py:3947} INFO - Setting next_dagrun for inflation_forecast_dag to None, run_after=None
[2025-11-30T16:54:52.139+0000] {processor.py:183} INFO - Processing /opt/airflow/dags/inflation_forecast_dag.py took 0.296 seconds
[2025-11-30T16:55:22.716+0000] {processor.py:161} INFO - Started process (PID=840) to work on /opt/airflow/dags/inflation_forecast_dag.py
[2025-11-30T16:55:22.718+0000] {processor.py:830} INFO - Processing file /opt/airflow/dags/inflation_forecast_dag.py for tasks to queue
[2025-11-30T16:55:22.721+0000] {logging_mixin.py:188} INFO - [2025-11-30T16:55:22.720+0000] {dagbag.py:545} INFO - Filling up the DagBag from /opt/airflow/dags/inflation_forecast_dag.py
[2025-11-30T16:55:22.759+0000] {processor.py:840} INFO - DAG(s) 'inflation_forecast_dag' retrieved from /opt/airflow/dags/inflation_forecast_dag.py
[2025-11-30T16:55:22.791+0000] {logging_mixin.py:188} INFO - [2025-11-30T16:55:22.791+0000] {dag.py:3089} INFO - Sync 1 DAGs
[2025-11-30T16:55:22.803+0000] {logging_mixin.py:188} INFO - [2025-11-30T16:55:22.803+0000] {dag.py:3947} INFO - Setting next_dagrun for inflation_forecast_dag to None, run_after=None
[2025-11-30T16:55:22.831+0000] {processor.py:183} INFO - Processing /opt/airflow/dags/inflation_forecast_dag.py took 0.121 seconds
[2025-11-30T16:55:53.311+0000] {processor.py:161} INFO - Started process (PID=881) to work on /opt/airflow/dags/inflation_forecast_dag.py
[2025-11-30T16:55:53.313+0000] {processor.py:830} INFO - Processing file /opt/airflow/dags/inflation_forecast_dag.py for tasks to queue
[2025-11-30T16:55:53.317+0000] {logging_mixin.py:188} INFO - [2025-11-30T16:55:53.316+0000] {dagbag.py:545} INFO - Filling up the DagBag from /opt/airflow/dags/inflation_forecast_dag.py
[2025-11-30T16:55:53.366+0000] {processor.py:840} INFO - DAG(s) 'inflation_forecast_dag' retrieved from /opt/airflow/dags/inflation_forecast_dag.py
[2025-11-30T16:55:53.403+0000] {logging_mixin.py:188} INFO - [2025-11-30T16:55:53.403+0000] {dag.py:3089} INFO - Sync 1 DAGs
[2025-11-30T16:55:53.421+0000] {logging_mixin.py:188} INFO - [2025-11-30T16:55:53.421+0000] {dag.py:3947} INFO - Setting next_dagrun for inflation_forecast_dag to None, run_after=None
[2025-11-30T16:55:53.454+0000] {processor.py:183} INFO - Processing /opt/airflow/dags/inflation_forecast_dag.py took 0.151 seconds
[2025-11-30T16:56:24.005+0000] {processor.py:161} INFO - Started process (PID=1098) to work on /opt/airflow/dags/inflation_forecast_dag.py
[2025-11-30T16:56:24.007+0000] {processor.py:830} INFO - Processing file /opt/airflow/dags/inflation_forecast_dag.py for tasks to queue
[2025-11-30T16:56:24.009+0000] {logging_mixin.py:188} INFO - [2025-11-30T16:56:24.009+0000] {dagbag.py:545} INFO - Filling up the DagBag from /opt/airflow/dags/inflation_forecast_dag.py
[2025-11-30T16:56:24.044+0000] {processor.py:840} INFO - DAG(s) 'inflation_forecast_dag' retrieved from /opt/airflow/dags/inflation_forecast_dag.py
[2025-11-30T16:56:24.082+0000] {logging_mixin.py:188} INFO - [2025-11-30T16:56:24.082+0000] {dag.py:3089} INFO - Sync 1 DAGs
[2025-11-30T16:56:24.096+0000] {logging_mixin.py:188} INFO - [2025-11-30T16:56:24.096+0000] {dag.py:3947} INFO - Setting next_dagrun for inflation_forecast_dag to None, run_after=None
[2025-11-30T16:56:24.128+0000] {processor.py:183} INFO - Processing /opt/airflow/dags/inflation_forecast_dag.py took 0.129 seconds
[2025-11-30T16:56:54.620+0000] {processor.py:161} INFO - Started process (PID=1450) to work on /opt/airflow/dags/inflation_forecast_dag.py
[2025-11-30T16:56:54.622+0000] {processor.py:830} INFO - Processing file /opt/airflow/dags/inflation_forecast_dag.py for tasks to queue
[2025-11-30T16:56:54.625+0000] {logging_mixin.py:188} INFO - [2025-11-30T16:56:54.624+0000] {dagbag.py:545} INFO - Filling up the DagBag from /opt/airflow/dags/inflation_forecast_dag.py
[2025-11-30T16:56:54.670+0000] {processor.py:840} INFO - DAG(s) 'inflation_forecast_dag' retrieved from /opt/airflow/dags/inflation_forecast_dag.py
[2025-11-30T16:56:54.703+0000] {logging_mixin.py:188} INFO - [2025-11-30T16:56:54.703+0000] {dag.py:3089} INFO - Sync 1 DAGs
[2025-11-30T16:56:54.717+0000] {logging_mixin.py:188} INFO - [2025-11-30T16:56:54.717+0000] {dag.py:3947} INFO - Setting next_dagrun for inflation_forecast_dag to None, run_after=None
[2025-11-30T16:56:54.750+0000] {processor.py:183} INFO - Processing /opt/airflow/dags/inflation_forecast_dag.py took 0.135 seconds
[2025-11-30T16:57:25.204+0000] {processor.py:161} INFO - Started process (PID=1491) to work on /opt/airflow/dags/inflation_forecast_dag.py
[2025-11-30T16:57:25.206+0000] {processor.py:830} INFO - Processing file /opt/airflow/dags/inflation_forecast_dag.py for tasks to queue
[2025-11-30T16:57:25.209+0000] {logging_mixin.py:188} INFO - [2025-11-30T16:57:25.209+0000] {dagbag.py:545} INFO - Filling up the DagBag from /opt/airflow/dags/inflation_forecast_dag.py
[2025-11-30T16:57:25.265+0000] {processor.py:840} INFO - DAG(s) 'inflation_forecast_dag' retrieved from /opt/airflow/dags/inflation_forecast_dag.py
[2025-11-30T16:57:25.304+0000] {logging_mixin.py:188} INFO - [2025-11-30T16:57:25.304+0000] {dag.py:3089} INFO - Sync 1 DAGs
[2025-11-30T16:57:25.322+0000] {logging_mixin.py:188} INFO - [2025-11-30T16:57:25.322+0000] {dag.py:3947} INFO - Setting next_dagrun for inflation_forecast_dag to None, run_after=None
[2025-11-30T16:57:25.360+0000] {processor.py:183} INFO - Processing /opt/airflow/dags/inflation_forecast_dag.py took 0.162 seconds
[2025-11-30T16:57:55.955+0000] {processor.py:161} INFO - Started process (PID=1532) to work on /opt/airflow/dags/inflation_forecast_dag.py
[2025-11-30T16:57:55.956+0000] {processor.py:830} INFO - Processing file /opt/airflow/dags/inflation_forecast_dag.py for tasks to queue
[2025-11-30T16:57:55.958+0000] {logging_mixin.py:188} INFO - [2025-11-30T16:57:55.958+0000] {dagbag.py:545} INFO - Filling up the DagBag from /opt/airflow/dags/inflation_forecast_dag.py
[2025-11-30T16:57:55.982+0000] {processor.py:840} INFO - DAG(s) 'inflation_forecast_dag' retrieved from /opt/airflow/dags/inflation_forecast_dag.py
[2025-11-30T16:57:56.007+0000] {logging_mixin.py:188} INFO - [2025-11-30T16:57:56.007+0000] {dag.py:3089} INFO - Sync 1 DAGs
[2025-11-30T16:57:56.019+0000] {logging_mixin.py:188} INFO - [2025-11-30T16:57:56.018+0000] {dag.py:3947} INFO - Setting next_dagrun for inflation_forecast_dag to None, run_after=None
[2025-11-30T16:57:56.050+0000] {processor.py:183} INFO - Processing /opt/airflow/dags/inflation_forecast_dag.py took 0.101 seconds
[2025-11-30T16:58:26.254+0000] {processor.py:161} INFO - Started process (PID=1573) to work on /opt/airflow/dags/inflation_forecast_dag.py
[2025-11-30T16:58:26.256+0000] {processor.py:830} INFO - Processing file /opt/airflow/dags/inflation_forecast_dag.py for tasks to queue
[2025-11-30T16:58:26.258+0000] {logging_mixin.py:188} INFO - [2025-11-30T16:58:26.258+0000] {dagbag.py:545} INFO - Filling up the DagBag from /opt/airflow/dags/inflation_forecast_dag.py
[2025-11-30T16:58:26.299+0000] {processor.py:840} INFO - DAG(s) 'inflation_forecast_dag' retrieved from /opt/airflow/dags/inflation_forecast_dag.py
[2025-11-30T16:58:26.328+0000] {logging_mixin.py:188} INFO - [2025-11-30T16:58:26.328+0000] {dag.py:3089} INFO - Sync 1 DAGs
[2025-11-30T16:58:26.340+0000] {logging_mixin.py:188} INFO - [2025-11-30T16:58:26.340+0000] {dag.py:3947} INFO - Setting next_dagrun for inflation_forecast_dag to None, run_after=None
[2025-11-30T16:58:26.371+0000] {processor.py:183} INFO - Processing /opt/airflow/dags/inflation_forecast_dag.py took 0.124 seconds
[2025-11-30T16:58:56.868+0000] {processor.py:161} INFO - Started process (PID=1614) to work on /opt/airflow/dags/inflation_forecast_dag.py
[2025-11-30T16:58:56.870+0000] {processor.py:830} INFO - Processing file /opt/airflow/dags/inflation_forecast_dag.py for tasks to queue
[2025-11-30T16:58:56.873+0000] {logging_mixin.py:188} INFO - [2025-11-30T16:58:56.873+0000] {dagbag.py:545} INFO - Filling up the DagBag from /opt/airflow/dags/inflation_forecast_dag.py
[2025-11-30T16:58:56.929+0000] {processor.py:840} INFO - DAG(s) 'inflation_forecast_dag' retrieved from /opt/airflow/dags/inflation_forecast_dag.py
[2025-11-30T16:58:56.959+0000] {logging_mixin.py:188} INFO - [2025-11-30T16:58:56.959+0000] {dag.py:3089} INFO - Sync 1 DAGs
[2025-11-30T16:58:56.971+0000] {logging_mixin.py:188} INFO - [2025-11-30T16:58:56.970+0000] {dag.py:3947} INFO - Setting next_dagrun for inflation_forecast_dag to None, run_after=None
[2025-11-30T16:58:56.998+0000] {processor.py:183} INFO - Processing /opt/airflow/dags/inflation_forecast_dag.py took 0.134 seconds
[2025-11-30T16:59:27.496+0000] {processor.py:161} INFO - Started process (PID=1655) to work on /opt/airflow/dags/inflation_forecast_dag.py
[2025-11-30T16:59:27.498+0000] {processor.py:830} INFO - Processing file /opt/airflow/dags/inflation_forecast_dag.py for tasks to queue
[2025-11-30T16:59:27.501+0000] {logging_mixin.py:188} INFO - [2025-11-30T16:59:27.500+0000] {dagbag.py:545} INFO - Filling up the DagBag from /opt/airflow/dags/inflation_forecast_dag.py
[2025-11-30T16:59:27.532+0000] {processor.py:840} INFO - DAG(s) 'inflation_forecast_dag' retrieved from /opt/airflow/dags/inflation_forecast_dag.py
[2025-11-30T16:59:27.563+0000] {logging_mixin.py:188} INFO - [2025-11-30T16:59:27.563+0000] {dag.py:3089} INFO - Sync 1 DAGs
[2025-11-30T16:59:27.576+0000] {logging_mixin.py:188} INFO - [2025-11-30T16:59:27.576+0000] {dag.py:3947} INFO - Setting next_dagrun for inflation_forecast_dag to None, run_after=None
[2025-11-30T16:59:27.610+0000] {processor.py:183} INFO - Processing /opt/airflow/dags/inflation_forecast_dag.py took 0.121 seconds
[2025-11-30T16:59:57.852+0000] {processor.py:161} INFO - Started process (PID=1696) to work on /opt/airflow/dags/inflation_forecast_dag.py
[2025-11-30T16:59:57.854+0000] {processor.py:830} INFO - Processing file /opt/airflow/dags/inflation_forecast_dag.py for tasks to queue
[2025-11-30T16:59:57.856+0000] {logging_mixin.py:188} INFO - [2025-11-30T16:59:57.856+0000] {dagbag.py:545} INFO - Filling up the DagBag from /opt/airflow/dags/inflation_forecast_dag.py
[2025-11-30T16:59:57.915+0000] {processor.py:840} INFO - DAG(s) 'inflation_forecast_dag' retrieved from /opt/airflow/dags/inflation_forecast_dag.py
[2025-11-30T16:59:57.943+0000] {logging_mixin.py:188} INFO - [2025-11-30T16:59:57.943+0000] {dag.py:3089} INFO - Sync 1 DAGs
[2025-11-30T16:59:57.955+0000] {logging_mixin.py:188} INFO - [2025-11-30T16:59:57.955+0000] {dag.py:3947} INFO - Setting next_dagrun for inflation_forecast_dag to None, run_after=None
[2025-11-30T16:59:57.987+0000] {processor.py:183} INFO - Processing /opt/airflow/dags/inflation_forecast_dag.py took 0.141 seconds
[2025-11-30T17:00:29.051+0000] {processor.py:161} INFO - Started process (PID=1737) to work on /opt/airflow/dags/inflation_forecast_dag.py
[2025-11-30T17:00:29.052+0000] {processor.py:830} INFO - Processing file /opt/airflow/dags/inflation_forecast_dag.py for tasks to queue
[2025-11-30T17:00:29.054+0000] {logging_mixin.py:188} INFO - [2025-11-30T17:00:29.054+0000] {dagbag.py:545} INFO - Filling up the DagBag from /opt/airflow/dags/inflation_forecast_dag.py
[2025-11-30T17:00:29.101+0000] {processor.py:840} INFO - DAG(s) 'inflation_forecast_dag' retrieved from /opt/airflow/dags/inflation_forecast_dag.py
[2025-11-30T17:00:29.129+0000] {logging_mixin.py:188} INFO - [2025-11-30T17:00:29.129+0000] {dag.py:3089} INFO - Sync 1 DAGs
[2025-11-30T17:00:29.140+0000] {logging_mixin.py:188} INFO - [2025-11-30T17:00:29.140+0000] {dag.py:3947} INFO - Setting next_dagrun for inflation_forecast_dag to None, run_after=None
[2025-11-30T17:00:29.174+0000] {processor.py:183} INFO - Processing /opt/airflow/dags/inflation_forecast_dag.py took 0.128 seconds
[2025-11-30T17:05:00.549+0000] {processor.py:161} INFO - Started process (PID=1784) to work on /opt/airflow/dags/inflation_forecast_dag.py
[2025-11-30T17:05:00.555+0000] {processor.py:830} INFO - Processing file /opt/airflow/dags/inflation_forecast_dag.py for tasks to queue
[2025-11-30T17:05:00.559+0000] {logging_mixin.py:188} INFO - [2025-11-30T17:05:00.559+0000] {dagbag.py:545} INFO - Filling up the DagBag from /opt/airflow/dags/inflation_forecast_dag.py
[2025-11-30T17:05:00.656+0000] {processor.py:840} INFO - DAG(s) 'inflation_forecast_dag' retrieved from /opt/airflow/dags/inflation_forecast_dag.py
[2025-11-30T17:05:00.894+0000] {logging_mixin.py:188} INFO - [2025-11-30T17:05:00.894+0000] {dag.py:3089} INFO - Sync 1 DAGs
[2025-11-30T17:05:00.984+0000] {logging_mixin.py:188} INFO - [2025-11-30T17:05:00.983+0000] {dag.py:3947} INFO - Setting next_dagrun for inflation_forecast_dag to None, run_after=None
[2025-11-30T17:05:01.060+0000] {processor.py:183} INFO - Processing /opt/airflow/dags/inflation_forecast_dag.py took 0.527 seconds
[2025-11-30T17:05:31.143+0000] {processor.py:161} INFO - Started process (PID=1819) to work on /opt/airflow/dags/inflation_forecast_dag.py
[2025-11-30T17:05:31.143+0000] {processor.py:830} INFO - Processing file /opt/airflow/dags/inflation_forecast_dag.py for tasks to queue
[2025-11-30T17:05:31.145+0000] {logging_mixin.py:188} INFO - [2025-11-30T17:05:31.145+0000] {dagbag.py:545} INFO - Filling up the DagBag from /opt/airflow/dags/inflation_forecast_dag.py
[2025-11-30T17:05:31.157+0000] {processor.py:840} INFO - DAG(s) 'inflation_forecast_dag' retrieved from /opt/airflow/dags/inflation_forecast_dag.py
[2025-11-30T17:05:31.177+0000] {logging_mixin.py:188} INFO - [2025-11-30T17:05:31.177+0000] {dag.py:3089} INFO - Sync 1 DAGs
[2025-11-30T17:05:31.186+0000] {logging_mixin.py:188} INFO - [2025-11-30T17:05:31.186+0000] {dag.py:3947} INFO - Setting next_dagrun for inflation_forecast_dag to None, run_after=None
[2025-11-30T17:05:31.208+0000] {processor.py:183} INFO - Processing /opt/airflow/dags/inflation_forecast_dag.py took 0.070 seconds
[2025-11-30T17:06:02.119+0000] {processor.py:161} INFO - Started process (PID=1860) to work on /opt/airflow/dags/inflation_forecast_dag.py
[2025-11-30T17:06:02.120+0000] {processor.py:830} INFO - Processing file /opt/airflow/dags/inflation_forecast_dag.py for tasks to queue
[2025-11-30T17:06:02.121+0000] {logging_mixin.py:188} INFO - [2025-11-30T17:06:02.121+0000] {dagbag.py:545} INFO - Filling up the DagBag from /opt/airflow/dags/inflation_forecast_dag.py
[2025-11-30T17:06:02.135+0000] {processor.py:840} INFO - DAG(s) 'inflation_forecast_dag' retrieved from /opt/airflow/dags/inflation_forecast_dag.py
[2025-11-30T17:06:02.158+0000] {logging_mixin.py:188} INFO - [2025-11-30T17:06:02.158+0000] {dag.py:3089} INFO - Sync 1 DAGs
[2025-11-30T17:06:02.170+0000] {logging_mixin.py:188} INFO - [2025-11-30T17:06:02.170+0000] {dag.py:3947} INFO - Setting next_dagrun for inflation_forecast_dag to None, run_after=None
[2025-11-30T17:06:02.192+0000] {processor.py:183} INFO - Processing /opt/airflow/dags/inflation_forecast_dag.py took 0.078 seconds
[2025-11-30T17:06:32.660+0000] {processor.py:161} INFO - Started process (PID=1901) to work on /opt/airflow/dags/inflation_forecast_dag.py
[2025-11-30T17:06:32.660+0000] {processor.py:830} INFO - Processing file /opt/airflow/dags/inflation_forecast_dag.py for tasks to queue
[2025-11-30T17:06:32.662+0000] {logging_mixin.py:188} INFO - [2025-11-30T17:06:32.662+0000] {dagbag.py:545} INFO - Filling up the DagBag from /opt/airflow/dags/inflation_forecast_dag.py
[2025-11-30T17:06:32.679+0000] {processor.py:840} INFO - DAG(s) 'inflation_forecast_dag' retrieved from /opt/airflow/dags/inflation_forecast_dag.py
[2025-11-30T17:06:32.699+0000] {logging_mixin.py:188} INFO - [2025-11-30T17:06:32.699+0000] {dag.py:3089} INFO - Sync 1 DAGs
[2025-11-30T17:06:32.709+0000] {logging_mixin.py:188} INFO - [2025-11-30T17:06:32.709+0000] {dag.py:3947} INFO - Setting next_dagrun for inflation_forecast_dag to None, run_after=None
[2025-11-30T17:06:32.734+0000] {processor.py:183} INFO - Processing /opt/airflow/dags/inflation_forecast_dag.py took 0.079 seconds
[2025-11-30T17:07:03.048+0000] {processor.py:161} INFO - Started process (PID=1942) to work on /opt/airflow/dags/inflation_forecast_dag.py
[2025-11-30T17:07:03.049+0000] {processor.py:830} INFO - Processing file /opt/airflow/dags/inflation_forecast_dag.py for tasks to queue
[2025-11-30T17:07:03.051+0000] {logging_mixin.py:188} INFO - [2025-11-30T17:07:03.051+0000] {dagbag.py:545} INFO - Filling up the DagBag from /opt/airflow/dags/inflation_forecast_dag.py
[2025-11-30T17:07:03.072+0000] {processor.py:840} INFO - DAG(s) 'inflation_forecast_dag' retrieved from /opt/airflow/dags/inflation_forecast_dag.py
[2025-11-30T17:07:03.095+0000] {logging_mixin.py:188} INFO - [2025-11-30T17:07:03.094+0000] {dag.py:3089} INFO - Sync 1 DAGs
[2025-11-30T17:07:03.104+0000] {logging_mixin.py:188} INFO - [2025-11-30T17:07:03.104+0000] {dag.py:3947} INFO - Setting next_dagrun for inflation_forecast_dag to None, run_after=None
[2025-11-30T17:07:03.129+0000] {processor.py:183} INFO - Processing /opt/airflow/dags/inflation_forecast_dag.py took 0.085 seconds
[2025-11-30T17:07:33.230+0000] {processor.py:161} INFO - Started process (PID=1983) to work on /opt/airflow/dags/inflation_forecast_dag.py
[2025-11-30T17:07:33.231+0000] {processor.py:830} INFO - Processing file /opt/airflow/dags/inflation_forecast_dag.py for tasks to queue
[2025-11-30T17:07:33.233+0000] {logging_mixin.py:188} INFO - [2025-11-30T17:07:33.232+0000] {dagbag.py:545} INFO - Filling up the DagBag from /opt/airflow/dags/inflation_forecast_dag.py
[2025-11-30T17:07:33.249+0000] {processor.py:840} INFO - DAG(s) 'inflation_forecast_dag' retrieved from /opt/airflow/dags/inflation_forecast_dag.py
[2025-11-30T17:07:33.270+0000] {logging_mixin.py:188} INFO - [2025-11-30T17:07:33.270+0000] {dag.py:3089} INFO - Sync 1 DAGs
[2025-11-30T17:07:33.279+0000] {logging_mixin.py:188} INFO - [2025-11-30T17:07:33.279+0000] {dag.py:3947} INFO - Setting next_dagrun for inflation_forecast_dag to None, run_after=None
[2025-11-30T17:07:33.303+0000] {processor.py:183} INFO - Processing /opt/airflow/dags/inflation_forecast_dag.py took 0.078 seconds
[2025-11-30T17:08:03.787+0000] {processor.py:161} INFO - Started process (PID=2024) to work on /opt/airflow/dags/inflation_forecast_dag.py
[2025-11-30T17:08:03.788+0000] {processor.py:830} INFO - Processing file /opt/airflow/dags/inflation_forecast_dag.py for tasks to queue
[2025-11-30T17:08:03.789+0000] {logging_mixin.py:188} INFO - [2025-11-30T17:08:03.789+0000] {dagbag.py:545} INFO - Filling up the DagBag from /opt/airflow/dags/inflation_forecast_dag.py
[2025-11-30T17:08:03.810+0000] {processor.py:840} INFO - DAG(s) 'inflation_forecast_dag' retrieved from /opt/airflow/dags/inflation_forecast_dag.py
[2025-11-30T17:08:03.832+0000] {logging_mixin.py:188} INFO - [2025-11-30T17:08:03.832+0000] {dag.py:3089} INFO - Sync 1 DAGs
[2025-11-30T17:08:03.842+0000] {logging_mixin.py:188} INFO - [2025-11-30T17:08:03.842+0000] {dag.py:3947} INFO - Setting next_dagrun for inflation_forecast_dag to None, run_after=None
[2025-11-30T17:08:03.866+0000] {processor.py:183} INFO - Processing /opt/airflow/dags/inflation_forecast_dag.py took 0.083 seconds
[2025-11-30T17:08:34.401+0000] {processor.py:161} INFO - Started process (PID=2065) to work on /opt/airflow/dags/inflation_forecast_dag.py
[2025-11-30T17:08:34.402+0000] {processor.py:830} INFO - Processing file /opt/airflow/dags/inflation_forecast_dag.py for tasks to queue
[2025-11-30T17:08:34.404+0000] {logging_mixin.py:188} INFO - [2025-11-30T17:08:34.403+0000] {dagbag.py:545} INFO - Filling up the DagBag from /opt/airflow/dags/inflation_forecast_dag.py
[2025-11-30T17:08:34.421+0000] {processor.py:840} INFO - DAG(s) 'inflation_forecast_dag' retrieved from /opt/airflow/dags/inflation_forecast_dag.py
[2025-11-30T17:08:34.441+0000] {logging_mixin.py:188} INFO - [2025-11-30T17:08:34.441+0000] {dag.py:3089} INFO - Sync 1 DAGs
[2025-11-30T17:08:34.451+0000] {logging_mixin.py:188} INFO - [2025-11-30T17:08:34.450+0000] {dag.py:3947} INFO - Setting next_dagrun for inflation_forecast_dag to None, run_after=None
[2025-11-30T17:08:34.478+0000] {processor.py:183} INFO - Processing /opt/airflow/dags/inflation_forecast_dag.py took 0.081 seconds
[2025-11-30T17:09:04.811+0000] {processor.py:161} INFO - Started process (PID=2106) to work on /opt/airflow/dags/inflation_forecast_dag.py
[2025-11-30T17:09:04.811+0000] {processor.py:830} INFO - Processing file /opt/airflow/dags/inflation_forecast_dag.py for tasks to queue
[2025-11-30T17:09:04.813+0000] {logging_mixin.py:188} INFO - [2025-11-30T17:09:04.813+0000] {dagbag.py:545} INFO - Filling up the DagBag from /opt/airflow/dags/inflation_forecast_dag.py
[2025-11-30T17:09:04.834+0000] {processor.py:840} INFO - DAG(s) 'inflation_forecast_dag' retrieved from /opt/airflow/dags/inflation_forecast_dag.py
[2025-11-30T17:09:04.855+0000] {logging_mixin.py:188} INFO - [2025-11-30T17:09:04.855+0000] {dag.py:3089} INFO - Sync 1 DAGs
[2025-11-30T17:09:04.864+0000] {logging_mixin.py:188} INFO - [2025-11-30T17:09:04.864+0000] {dag.py:3947} INFO - Setting next_dagrun for inflation_forecast_dag to None, run_after=None
[2025-11-30T17:09:04.888+0000] {processor.py:183} INFO - Processing /opt/airflow/dags/inflation_forecast_dag.py took 0.081 seconds
[2025-11-30T17:09:35.088+0000] {processor.py:161} INFO - Started process (PID=2147) to work on /opt/airflow/dags/inflation_forecast_dag.py
[2025-11-30T17:09:35.088+0000] {processor.py:830} INFO - Processing file /opt/airflow/dags/inflation_forecast_dag.py for tasks to queue
[2025-11-30T17:09:35.090+0000] {logging_mixin.py:188} INFO - [2025-11-30T17:09:35.090+0000] {dagbag.py:545} INFO - Filling up the DagBag from /opt/airflow/dags/inflation_forecast_dag.py
[2025-11-30T17:09:35.115+0000] {processor.py:840} INFO - DAG(s) 'inflation_forecast_dag' retrieved from /opt/airflow/dags/inflation_forecast_dag.py
[2025-11-30T17:09:35.141+0000] {logging_mixin.py:188} INFO - [2025-11-30T17:09:35.140+0000] {dag.py:3089} INFO - Sync 1 DAGs
[2025-11-30T17:09:35.151+0000] {logging_mixin.py:188} INFO - [2025-11-30T17:09:35.151+0000] {dag.py:3947} INFO - Setting next_dagrun for inflation_forecast_dag to None, run_after=None
[2025-11-30T17:09:35.178+0000] {processor.py:183} INFO - Processing /opt/airflow/dags/inflation_forecast_dag.py took 0.095 seconds
[2025-11-30T17:10:05.585+0000] {processor.py:161} INFO - Started process (PID=2188) to work on /opt/airflow/dags/inflation_forecast_dag.py
[2025-11-30T17:10:05.591+0000] {processor.py:830} INFO - Processing file /opt/airflow/dags/inflation_forecast_dag.py for tasks to queue
[2025-11-30T17:10:05.595+0000] {logging_mixin.py:188} INFO - [2025-11-30T17:10:05.594+0000] {dagbag.py:545} INFO - Filling up the DagBag from /opt/airflow/dags/inflation_forecast_dag.py
[2025-11-30T17:10:05.615+0000] {processor.py:840} INFO - DAG(s) 'inflation_forecast_dag' retrieved from /opt/airflow/dags/inflation_forecast_dag.py
[2025-11-30T17:10:05.639+0000] {logging_mixin.py:188} INFO - [2025-11-30T17:10:05.639+0000] {dag.py:3089} INFO - Sync 1 DAGs
[2025-11-30T17:10:05.648+0000] {logging_mixin.py:188} INFO - [2025-11-30T17:10:05.648+0000] {dag.py:3947} INFO - Setting next_dagrun for inflation_forecast_dag to None, run_after=None
[2025-11-30T17:10:05.668+0000] {processor.py:183} INFO - Processing /opt/airflow/dags/inflation_forecast_dag.py took 0.090 seconds
[2025-11-30T17:10:36.187+0000] {processor.py:161} INFO - Started process (PID=2229) to work on /opt/airflow/dags/inflation_forecast_dag.py
[2025-11-30T17:10:36.188+0000] {processor.py:830} INFO - Processing file /opt/airflow/dags/inflation_forecast_dag.py for tasks to queue
[2025-11-30T17:10:36.190+0000] {logging_mixin.py:188} INFO - [2025-11-30T17:10:36.190+0000] {dagbag.py:545} INFO - Filling up the DagBag from /opt/airflow/dags/inflation_forecast_dag.py
[2025-11-30T17:10:36.212+0000] {processor.py:840} INFO - DAG(s) 'inflation_forecast_dag' retrieved from /opt/airflow/dags/inflation_forecast_dag.py
[2025-11-30T17:10:36.237+0000] {logging_mixin.py:188} INFO - [2025-11-30T17:10:36.237+0000] {dag.py:3089} INFO - Sync 1 DAGs
[2025-11-30T17:10:36.247+0000] {logging_mixin.py:188} INFO - [2025-11-30T17:10:36.247+0000] {dag.py:3947} INFO - Setting next_dagrun for inflation_forecast_dag to None, run_after=None
[2025-11-30T17:10:36.271+0000] {processor.py:183} INFO - Processing /opt/airflow/dags/inflation_forecast_dag.py took 0.089 seconds
[2025-11-30T17:11:06.510+0000] {processor.py:161} INFO - Started process (PID=2317) to work on /opt/airflow/dags/inflation_forecast_dag.py
[2025-11-30T17:11:06.511+0000] {processor.py:830} INFO - Processing file /opt/airflow/dags/inflation_forecast_dag.py for tasks to queue
[2025-11-30T17:11:06.512+0000] {logging_mixin.py:188} INFO - [2025-11-30T17:11:06.512+0000] {dagbag.py:545} INFO - Filling up the DagBag from /opt/airflow/dags/inflation_forecast_dag.py
[2025-11-30T17:11:06.531+0000] {processor.py:840} INFO - DAG(s) 'inflation_forecast_dag' retrieved from /opt/airflow/dags/inflation_forecast_dag.py
[2025-11-30T17:11:06.554+0000] {logging_mixin.py:188} INFO - [2025-11-30T17:11:06.554+0000] {dag.py:3089} INFO - Sync 1 DAGs
[2025-11-30T17:11:06.567+0000] {logging_mixin.py:188} INFO - [2025-11-30T17:11:06.567+0000] {dag.py:3947} INFO - Setting next_dagrun for inflation_forecast_dag to None, run_after=None
[2025-11-30T17:11:06.590+0000] {processor.py:183} INFO - Processing /opt/airflow/dags/inflation_forecast_dag.py took 0.085 seconds
[2025-11-30T17:11:36.663+0000] {processor.py:161} INFO - Started process (PID=2358) to work on /opt/airflow/dags/inflation_forecast_dag.py
[2025-11-30T17:11:36.664+0000] {processor.py:830} INFO - Processing file /opt/airflow/dags/inflation_forecast_dag.py for tasks to queue
[2025-11-30T17:11:36.665+0000] {logging_mixin.py:188} INFO - [2025-11-30T17:11:36.665+0000] {dagbag.py:545} INFO - Filling up the DagBag from /opt/airflow/dags/inflation_forecast_dag.py
[2025-11-30T17:11:36.687+0000] {processor.py:840} INFO - DAG(s) 'inflation_forecast_dag' retrieved from /opt/airflow/dags/inflation_forecast_dag.py
[2025-11-30T17:11:36.714+0000] {logging_mixin.py:188} INFO - [2025-11-30T17:11:36.714+0000] {dag.py:3089} INFO - Sync 1 DAGs
[2025-11-30T17:11:36.728+0000] {logging_mixin.py:188} INFO - [2025-11-30T17:11:36.728+0000] {dag.py:3947} INFO - Setting next_dagrun for inflation_forecast_dag to None, run_after=None
[2025-11-30T17:11:36.752+0000] {processor.py:183} INFO - Processing /opt/airflow/dags/inflation_forecast_dag.py took 0.094 seconds
[2025-11-30T17:12:07.223+0000] {processor.py:161} INFO - Started process (PID=2399) to work on /opt/airflow/dags/inflation_forecast_dag.py
[2025-11-30T17:12:07.223+0000] {processor.py:830} INFO - Processing file /opt/airflow/dags/inflation_forecast_dag.py for tasks to queue
[2025-11-30T17:12:07.225+0000] {logging_mixin.py:188} INFO - [2025-11-30T17:12:07.225+0000] {dagbag.py:545} INFO - Filling up the DagBag from /opt/airflow/dags/inflation_forecast_dag.py
[2025-11-30T17:12:07.242+0000] {processor.py:840} INFO - DAG(s) 'inflation_forecast_dag' retrieved from /opt/airflow/dags/inflation_forecast_dag.py
[2025-11-30T17:12:07.268+0000] {logging_mixin.py:188} INFO - [2025-11-30T17:12:07.268+0000] {dag.py:3089} INFO - Sync 1 DAGs
[2025-11-30T17:12:07.280+0000] {logging_mixin.py:188} INFO - [2025-11-30T17:12:07.280+0000] {dag.py:3947} INFO - Setting next_dagrun for inflation_forecast_dag to None, run_after=None
[2025-11-30T17:12:07.306+0000] {processor.py:183} INFO - Processing /opt/airflow/dags/inflation_forecast_dag.py took 0.088 seconds
[2025-11-30T17:12:38.923+0000] {processor.py:161} INFO - Started process (PID=2440) to work on /opt/airflow/dags/inflation_forecast_dag.py
[2025-11-30T17:12:38.924+0000] {processor.py:830} INFO - Processing file /opt/airflow/dags/inflation_forecast_dag.py for tasks to queue
[2025-11-30T17:12:38.925+0000] {logging_mixin.py:188} INFO - [2025-11-30T17:12:38.925+0000] {dagbag.py:545} INFO - Filling up the DagBag from /opt/airflow/dags/inflation_forecast_dag.py
[2025-11-30T17:12:38.942+0000] {processor.py:840} INFO - DAG(s) 'inflation_forecast_dag' retrieved from /opt/airflow/dags/inflation_forecast_dag.py
[2025-11-30T17:12:38.964+0000] {logging_mixin.py:188} INFO - [2025-11-30T17:12:38.964+0000] {dag.py:3089} INFO - Sync 1 DAGs
[2025-11-30T17:12:38.974+0000] {logging_mixin.py:188} INFO - [2025-11-30T17:12:38.974+0000] {dag.py:3947} INFO - Setting next_dagrun for inflation_forecast_dag to None, run_after=None
[2025-11-30T17:12:38.999+0000] {processor.py:183} INFO - Processing /opt/airflow/dags/inflation_forecast_dag.py took 0.081 seconds
[2025-11-30T17:13:09.321+0000] {processor.py:161} INFO - Started process (PID=2481) to work on /opt/airflow/dags/inflation_forecast_dag.py
[2025-11-30T17:13:09.322+0000] {processor.py:830} INFO - Processing file /opt/airflow/dags/inflation_forecast_dag.py for tasks to queue
[2025-11-30T17:13:09.324+0000] {logging_mixin.py:188} INFO - [2025-11-30T17:13:09.324+0000] {dagbag.py:545} INFO - Filling up the DagBag from /opt/airflow/dags/inflation_forecast_dag.py
[2025-11-30T17:13:09.344+0000] {processor.py:840} INFO - DAG(s) 'inflation_forecast_dag' retrieved from /opt/airflow/dags/inflation_forecast_dag.py
[2025-11-30T17:13:09.368+0000] {logging_mixin.py:188} INFO - [2025-11-30T17:13:09.368+0000] {dag.py:3089} INFO - Sync 1 DAGs
[2025-11-30T17:13:09.381+0000] {logging_mixin.py:188} INFO - [2025-11-30T17:13:09.381+0000] {dag.py:3947} INFO - Setting next_dagrun for inflation_forecast_dag to None, run_after=None
[2025-11-30T17:13:09.407+0000] {processor.py:183} INFO - Processing /opt/airflow/dags/inflation_forecast_dag.py took 0.090 seconds
[2025-11-30T17:13:40.068+0000] {processor.py:161} INFO - Started process (PID=2522) to work on /opt/airflow/dags/inflation_forecast_dag.py
[2025-11-30T17:13:40.069+0000] {processor.py:830} INFO - Processing file /opt/airflow/dags/inflation_forecast_dag.py for tasks to queue
[2025-11-30T17:13:40.071+0000] {logging_mixin.py:188} INFO - [2025-11-30T17:13:40.070+0000] {dagbag.py:545} INFO - Filling up the DagBag from /opt/airflow/dags/inflation_forecast_dag.py
[2025-11-30T17:13:40.089+0000] {processor.py:840} INFO - DAG(s) 'inflation_forecast_dag' retrieved from /opt/airflow/dags/inflation_forecast_dag.py
[2025-11-30T17:13:40.113+0000] {logging_mixin.py:188} INFO - [2025-11-30T17:13:40.113+0000] {dag.py:3089} INFO - Sync 1 DAGs
[2025-11-30T17:13:40.123+0000] {logging_mixin.py:188} INFO - [2025-11-30T17:13:40.123+0000] {dag.py:3947} INFO - Setting next_dagrun for inflation_forecast_dag to None, run_after=None
[2025-11-30T17:13:40.151+0000] {processor.py:183} INFO - Processing /opt/airflow/dags/inflation_forecast_dag.py took 0.088 seconds
[2025-11-30T17:14:10.414+0000] {processor.py:161} INFO - Started process (PID=2563) to work on /opt/airflow/dags/inflation_forecast_dag.py
[2025-11-30T17:14:10.415+0000] {processor.py:830} INFO - Processing file /opt/airflow/dags/inflation_forecast_dag.py for tasks to queue
[2025-11-30T17:14:10.417+0000] {logging_mixin.py:188} INFO - [2025-11-30T17:14:10.416+0000] {dagbag.py:545} INFO - Filling up the DagBag from /opt/airflow/dags/inflation_forecast_dag.py
[2025-11-30T17:14:10.439+0000] {processor.py:840} INFO - DAG(s) 'inflation_forecast_dag' retrieved from /opt/airflow/dags/inflation_forecast_dag.py
[2025-11-30T17:14:10.463+0000] {logging_mixin.py:188} INFO - [2025-11-30T17:14:10.462+0000] {dag.py:3089} INFO - Sync 1 DAGs
[2025-11-30T17:14:10.473+0000] {logging_mixin.py:188} INFO - [2025-11-30T17:14:10.473+0000] {dag.py:3947} INFO - Setting next_dagrun for inflation_forecast_dag to None, run_after=None
[2025-11-30T17:14:10.497+0000] {processor.py:183} INFO - Processing /opt/airflow/dags/inflation_forecast_dag.py took 0.088 seconds
[2025-11-30T17:14:41.952+0000] {processor.py:161} INFO - Started process (PID=2604) to work on /opt/airflow/dags/inflation_forecast_dag.py
[2025-11-30T17:14:41.953+0000] {processor.py:830} INFO - Processing file /opt/airflow/dags/inflation_forecast_dag.py for tasks to queue
[2025-11-30T17:14:41.955+0000] {logging_mixin.py:188} INFO - [2025-11-30T17:14:41.954+0000] {dagbag.py:545} INFO - Filling up the DagBag from /opt/airflow/dags/inflation_forecast_dag.py
[2025-11-30T17:14:41.972+0000] {processor.py:840} INFO - DAG(s) 'inflation_forecast_dag' retrieved from /opt/airflow/dags/inflation_forecast_dag.py
[2025-11-30T17:14:41.996+0000] {logging_mixin.py:188} INFO - [2025-11-30T17:14:41.996+0000] {dag.py:3089} INFO - Sync 1 DAGs
[2025-11-30T17:14:42.006+0000] {logging_mixin.py:188} INFO - [2025-11-30T17:14:42.006+0000] {dag.py:3947} INFO - Setting next_dagrun for inflation_forecast_dag to None, run_after=None
[2025-11-30T17:14:42.032+0000] {processor.py:183} INFO - Processing /opt/airflow/dags/inflation_forecast_dag.py took 0.084 seconds
[2025-11-30T17:15:12.769+0000] {processor.py:161} INFO - Started process (PID=2645) to work on /opt/airflow/dags/inflation_forecast_dag.py
[2025-11-30T17:15:12.770+0000] {processor.py:830} INFO - Processing file /opt/airflow/dags/inflation_forecast_dag.py for tasks to queue
[2025-11-30T17:15:12.772+0000] {logging_mixin.py:188} INFO - [2025-11-30T17:15:12.772+0000] {dagbag.py:545} INFO - Filling up the DagBag from /opt/airflow/dags/inflation_forecast_dag.py
[2025-11-30T17:15:12.794+0000] {processor.py:840} INFO - DAG(s) 'inflation_forecast_dag' retrieved from /opt/airflow/dags/inflation_forecast_dag.py
[2025-11-30T17:15:12.818+0000] {logging_mixin.py:188} INFO - [2025-11-30T17:15:12.818+0000] {dag.py:3089} INFO - Sync 1 DAGs
[2025-11-30T17:15:12.828+0000] {logging_mixin.py:188} INFO - [2025-11-30T17:15:12.828+0000] {dag.py:3947} INFO - Setting next_dagrun for inflation_forecast_dag to None, run_after=None
[2025-11-30T17:15:12.850+0000] {processor.py:183} INFO - Processing /opt/airflow/dags/inflation_forecast_dag.py took 0.085 seconds
[2025-11-30T17:15:43.374+0000] {processor.py:161} INFO - Started process (PID=2686) to work on /opt/airflow/dags/inflation_forecast_dag.py
[2025-11-30T17:15:43.375+0000] {processor.py:830} INFO - Processing file /opt/airflow/dags/inflation_forecast_dag.py for tasks to queue
[2025-11-30T17:15:43.376+0000] {logging_mixin.py:188} INFO - [2025-11-30T17:15:43.376+0000] {dagbag.py:545} INFO - Filling up the DagBag from /opt/airflow/dags/inflation_forecast_dag.py
[2025-11-30T17:15:43.397+0000] {processor.py:840} INFO - DAG(s) 'inflation_forecast_dag' retrieved from /opt/airflow/dags/inflation_forecast_dag.py
[2025-11-30T17:15:43.421+0000] {logging_mixin.py:188} INFO - [2025-11-30T17:15:43.420+0000] {dag.py:3089} INFO - Sync 1 DAGs
[2025-11-30T17:15:43.431+0000] {logging_mixin.py:188} INFO - [2025-11-30T17:15:43.431+0000] {dag.py:3947} INFO - Setting next_dagrun for inflation_forecast_dag to None, run_after=None
[2025-11-30T17:15:43.459+0000] {processor.py:183} INFO - Processing /opt/airflow/dags/inflation_forecast_dag.py took 0.090 seconds
[2025-11-30T17:16:13.822+0000] {processor.py:161} INFO - Started process (PID=2727) to work on /opt/airflow/dags/inflation_forecast_dag.py
[2025-11-30T17:16:13.823+0000] {processor.py:830} INFO - Processing file /opt/airflow/dags/inflation_forecast_dag.py for tasks to queue
[2025-11-30T17:16:13.825+0000] {logging_mixin.py:188} INFO - [2025-11-30T17:16:13.824+0000] {dagbag.py:545} INFO - Filling up the DagBag from /opt/airflow/dags/inflation_forecast_dag.py
[2025-11-30T17:16:13.843+0000] {processor.py:840} INFO - DAG(s) 'inflation_forecast_dag' retrieved from /opt/airflow/dags/inflation_forecast_dag.py
[2025-11-30T17:16:13.868+0000] {logging_mixin.py:188} INFO - [2025-11-30T17:16:13.868+0000] {dag.py:3089} INFO - Sync 1 DAGs
[2025-11-30T17:16:13.882+0000] {logging_mixin.py:188} INFO - [2025-11-30T17:16:13.882+0000] {dag.py:3947} INFO - Setting next_dagrun for inflation_forecast_dag to None, run_after=None
[2025-11-30T17:16:13.906+0000] {processor.py:183} INFO - Processing /opt/airflow/dags/inflation_forecast_dag.py took 0.091 seconds
[2025-11-30T17:16:45.376+0000] {processor.py:161} INFO - Started process (PID=2768) to work on /opt/airflow/dags/inflation_forecast_dag.py
[2025-11-30T17:16:45.377+0000] {processor.py:830} INFO - Processing file /opt/airflow/dags/inflation_forecast_dag.py for tasks to queue
[2025-11-30T17:16:45.378+0000] {logging_mixin.py:188} INFO - [2025-11-30T17:16:45.378+0000] {dagbag.py:545} INFO - Filling up the DagBag from /opt/airflow/dags/inflation_forecast_dag.py
[2025-11-30T17:16:45.396+0000] {processor.py:840} INFO - DAG(s) 'inflation_forecast_dag' retrieved from /opt/airflow/dags/inflation_forecast_dag.py
[2025-11-30T17:16:45.420+0000] {logging_mixin.py:188} INFO - [2025-11-30T17:16:45.420+0000] {dag.py:3089} INFO - Sync 1 DAGs
[2025-11-30T17:16:45.431+0000] {logging_mixin.py:188} INFO - [2025-11-30T17:16:45.431+0000] {dag.py:3947} INFO - Setting next_dagrun for inflation_forecast_dag to None, run_after=None
[2025-11-30T17:16:45.453+0000] {processor.py:183} INFO - Processing /opt/airflow/dags/inflation_forecast_dag.py took 0.082 seconds
[2025-11-30T17:17:15.735+0000] {processor.py:161} INFO - Started process (PID=2809) to work on /opt/airflow/dags/inflation_forecast_dag.py
[2025-11-30T17:17:15.736+0000] {processor.py:830} INFO - Processing file /opt/airflow/dags/inflation_forecast_dag.py for tasks to queue
[2025-11-30T17:17:15.737+0000] {logging_mixin.py:188} INFO - [2025-11-30T17:17:15.737+0000] {dagbag.py:545} INFO - Filling up the DagBag from /opt/airflow/dags/inflation_forecast_dag.py
[2025-11-30T17:17:15.755+0000] {processor.py:840} INFO - DAG(s) 'inflation_forecast_dag' retrieved from /opt/airflow/dags/inflation_forecast_dag.py
[2025-11-30T17:17:15.781+0000] {logging_mixin.py:188} INFO - [2025-11-30T17:17:15.781+0000] {dag.py:3089} INFO - Sync 1 DAGs
[2025-11-30T17:17:15.794+0000] {logging_mixin.py:188} INFO - [2025-11-30T17:17:15.794+0000] {dag.py:3947} INFO - Setting next_dagrun for inflation_forecast_dag to None, run_after=None
[2025-11-30T17:17:15.819+0000] {processor.py:183} INFO - Processing /opt/airflow/dags/inflation_forecast_dag.py took 0.088 seconds
[2025-11-30T17:17:46.891+0000] {processor.py:161} INFO - Started process (PID=2850) to work on /opt/airflow/dags/inflation_forecast_dag.py
[2025-11-30T17:17:46.892+0000] {processor.py:830} INFO - Processing file /opt/airflow/dags/inflation_forecast_dag.py for tasks to queue
[2025-11-30T17:17:46.894+0000] {logging_mixin.py:188} INFO - [2025-11-30T17:17:46.893+0000] {dagbag.py:545} INFO - Filling up the DagBag from /opt/airflow/dags/inflation_forecast_dag.py
[2025-11-30T17:17:46.917+0000] {processor.py:840} INFO - DAG(s) 'inflation_forecast_dag' retrieved from /opt/airflow/dags/inflation_forecast_dag.py
[2025-11-30T17:17:46.950+0000] {logging_mixin.py:188} INFO - [2025-11-30T17:17:46.950+0000] {dag.py:3089} INFO - Sync 1 DAGs
[2025-11-30T17:17:46.967+0000] {logging_mixin.py:188} INFO - [2025-11-30T17:17:46.966+0000] {dag.py:3947} INFO - Setting next_dagrun for inflation_forecast_dag to None, run_after=None
[2025-11-30T17:17:47.001+0000] {processor.py:183} INFO - Processing /opt/airflow/dags/inflation_forecast_dag.py took 0.116 seconds
[2025-11-30T23:51:26.001+0000] {processor.py:161} INFO - Started process (PID=185) to work on /opt/airflow/dags/inflation_forecast_dag.py
[2025-11-30T23:51:26.002+0000] {processor.py:830} INFO - Processing file /opt/airflow/dags/inflation_forecast_dag.py for tasks to queue
[2025-11-30T23:51:26.004+0000] {logging_mixin.py:188} INFO - [2025-11-30T23:51:26.004+0000] {dagbag.py:545} INFO - Filling up the DagBag from /opt/airflow/dags/inflation_forecast_dag.py
[2025-11-30T23:51:26.027+0000] {processor.py:840} INFO - DAG(s) 'inflation_forecast_dag' retrieved from /opt/airflow/dags/inflation_forecast_dag.py
[2025-11-30T23:51:26.040+0000] {logging_mixin.py:188} INFO - [2025-11-30T23:51:26.040+0000] {dag.py:3089} INFO - Sync 1 DAGs
[2025-11-30T23:51:26.055+0000] {logging_mixin.py:188} INFO - [2025-11-30T23:51:26.055+0000] {dag.py:3947} INFO - Setting next_dagrun for inflation_forecast_dag to None, run_after=None
[2025-11-30T23:51:26.084+0000] {processor.py:183} INFO - Processing /opt/airflow/dags/inflation_forecast_dag.py took 0.090 seconds
[2025-11-30T23:51:56.302+0000] {processor.py:161} INFO - Started process (PID=222) to work on /opt/airflow/dags/inflation_forecast_dag.py
[2025-11-30T23:51:56.304+0000] {processor.py:830} INFO - Processing file /opt/airflow/dags/inflation_forecast_dag.py for tasks to queue
[2025-11-30T23:51:56.305+0000] {logging_mixin.py:188} INFO - [2025-11-30T23:51:56.305+0000] {dagbag.py:545} INFO - Filling up the DagBag from /opt/airflow/dags/inflation_forecast_dag.py
[2025-11-30T23:51:56.332+0000] {processor.py:840} INFO - DAG(s) 'inflation_forecast_dag' retrieved from /opt/airflow/dags/inflation_forecast_dag.py
[2025-11-30T23:51:56.401+0000] {logging_mixin.py:188} INFO - [2025-11-30T23:51:56.400+0000] {dag.py:3089} INFO - Sync 1 DAGs
[2025-11-30T23:51:56.408+0000] {logging_mixin.py:188} INFO - [2025-11-30T23:51:56.408+0000] {dag.py:3947} INFO - Setting next_dagrun for inflation_forecast_dag to None, run_after=None
[2025-11-30T23:51:56.432+0000] {processor.py:183} INFO - Processing /opt/airflow/dags/inflation_forecast_dag.py took 0.133 seconds
