[2025-11-30T16:56:50.819+0000] {local_task_job_runner.py:120} INFO - ::group::Pre task execution logs
[2025-11-30T16:56:50.850+0000] {taskinstance.py:2076} INFO - Dependencies all met for dep_context=non-requeueable deps ti=<TaskInstance: iris_classification.evaluate_model manual__2025-11-30T16:56:40.435356+00:00 [queued]>
[2025-11-30T16:56:50.859+0000] {taskinstance.py:2076} INFO - Dependencies all met for dep_context=requeueable deps ti=<TaskInstance: iris_classification.evaluate_model manual__2025-11-30T16:56:40.435356+00:00 [queued]>
[2025-11-30T16:56:50.860+0000] {taskinstance.py:2306} INFO - Starting attempt 1 of 1
[2025-11-30T16:56:50.875+0000] {taskinstance.py:2330} INFO - Executing <Task(PythonOperator): evaluate_model> on 2025-11-30 16:56:40.435356+00:00
[2025-11-30T16:56:50.888+0000] {logging_mixin.py:188} WARNING - /home/***/.local/lib/python3.12/site-packages/***/task/task_runner/standard_task_runner.py:62 DeprecationWarning: This process (pid=1363) is multi-threaded, use of fork() may lead to deadlocks in the child.
[2025-11-30T16:56:50.888+0000] {standard_task_runner.py:90} INFO - Running: ['***', 'tasks', 'run', 'iris_classification', 'evaluate_model', 'manual__2025-11-30T16:56:40.435356+00:00', '--job-id', '63', '--raw', '--subdir', 'DAGS_FOLDER/iris_classification_dag.py', '--cfg-path', '/tmp/tmp0oqva166']
[2025-11-30T16:56:50.891+0000] {standard_task_runner.py:64} INFO - Started process 1405 to run task
[2025-11-30T16:56:50.891+0000] {standard_task_runner.py:91} INFO - Job 63: Subtask evaluate_model
[2025-11-30T16:56:50.909+0000] {logging_mixin.py:188} WARNING - /home/***/.local/lib/python3.12/site-packages/***/settings.py:195 DeprecationWarning: The sql_alchemy_conn option in [core] has been moved to the sql_alchemy_conn option in [database] - the old setting has been used, but please update your config.
[2025-11-30T16:56:51.047+0000] {task_command.py:426} INFO - Running <TaskInstance: iris_classification.evaluate_model manual__2025-11-30T16:56:40.435356+00:00 [running]> on host 251ca1b54482
[2025-11-30T16:56:51.157+0000] {taskinstance.py:2648} INFO - Exporting env vars: AIRFLOW_CTX_DAG_OWNER='***' AIRFLOW_CTX_DAG_ID='iris_classification' AIRFLOW_CTX_TASK_ID='evaluate_model' AIRFLOW_CTX_EXECUTION_DATE='2025-11-30T16:56:40.435356+00:00' AIRFLOW_CTX_TRY_NUMBER='1' AIRFLOW_CTX_DAG_RUN_ID='manual__2025-11-30T16:56:40.435356+00:00'
[2025-11-30T16:56:51.159+0000] {taskinstance.py:430} INFO - ::endgroup::
[2025-11-30T16:56:51.231+0000] {logging_mixin.py:188} INFO - Test Accuracy: 1.0
[2025-11-30T16:56:51.232+0000] {python.py:237} INFO - Done. Returned value was: None
[2025-11-30T16:56:51.233+0000] {taskinstance.py:441} INFO - ::group::Post task execution logs
[2025-11-30T16:56:51.244+0000] {taskinstance.py:1206} INFO - Marking task as SUCCESS. dag_id=iris_classification, task_id=evaluate_model, run_id=manual__2025-11-30T16:56:40.435356+00:00, execution_date=20251130T165640, start_date=20251130T165650, end_date=20251130T165651
[2025-11-30T16:56:51.272+0000] {local_task_job_runner.py:243} INFO - Task exited with return code 0
[2025-11-30T16:56:51.289+0000] {taskinstance.py:3503} INFO - 0 downstream tasks scheduled from follow-on schedule check
[2025-11-30T16:56:51.292+0000] {local_task_job_runner.py:222} INFO - ::endgroup::
