[2025-12-01T07:31:23.066+0000] {local_task_job_runner.py:120} INFO - ::group::Pre task execution logs
[2025-12-01T07:31:23.092+0000] {taskinstance.py:2076} INFO - Dependencies all met for dep_context=non-requeueable deps ti=<TaskInstance: inflation_forecast_dag.ingest_inflation manual__2025-12-01T07:31:22.126821+00:00 [queued]>
[2025-12-01T07:31:23.099+0000] {taskinstance.py:2076} INFO - Dependencies all met for dep_context=requeueable deps ti=<TaskInstance: inflation_forecast_dag.ingest_inflation manual__2025-12-01T07:31:22.126821+00:00 [queued]>
[2025-12-01T07:31:23.099+0000] {taskinstance.py:2306} INFO - Starting attempt 1 of 1
[2025-12-01T07:31:23.108+0000] {taskinstance.py:2330} INFO - Executing <Task(PythonOperator): ingest_inflation> on 2025-12-01 07:31:22.126821+00:00
[2025-12-01T07:31:23.113+0000] {logging_mixin.py:188} WARNING - /home/***/.local/lib/python3.12/site-packages/***/task/task_runner/standard_task_runner.py:62 DeprecationWarning: This process (pid=3453) is multi-threaded, use of fork() may lead to deadlocks in the child.
[2025-12-01T07:31:23.113+0000] {standard_task_runner.py:90} INFO - Running: ['***', 'tasks', 'run', 'inflation_forecast_dag', 'ingest_inflation', 'manual__2025-12-01T07:31:22.126821+00:00', '--job-id', '103', '--raw', '--subdir', 'DAGS_FOLDER/inflation_forecast_dag.py', '--cfg-path', '/tmp/tmphmcl8sfn']
[2025-12-01T07:31:23.114+0000] {standard_task_runner.py:64} INFO - Started process 3457 to run task
[2025-12-01T07:31:23.115+0000] {standard_task_runner.py:91} INFO - Job 103: Subtask ingest_inflation
[2025-12-01T07:31:23.125+0000] {logging_mixin.py:188} WARNING - /home/***/.local/lib/python3.12/site-packages/***/settings.py:195 DeprecationWarning: The sql_alchemy_conn option in [core] has been moved to the sql_alchemy_conn option in [database] - the old setting has been used, but please update your config.
[2025-12-01T07:31:23.162+0000] {task_command.py:426} INFO - Running <TaskInstance: inflation_forecast_dag.ingest_inflation manual__2025-12-01T07:31:22.126821+00:00 [running]> on host 251ca1b54482
[2025-12-01T07:31:23.242+0000] {taskinstance.py:2648} INFO - Exporting env vars: AIRFLOW_CTX_DAG_OWNER='***' AIRFLOW_CTX_DAG_ID='inflation_forecast_dag' AIRFLOW_CTX_TASK_ID='ingest_inflation' AIRFLOW_CTX_EXECUTION_DATE='2025-12-01T07:31:22.126821+00:00' AIRFLOW_CTX_TRY_NUMBER='1' AIRFLOW_CTX_DAG_RUN_ID='manual__2025-12-01T07:31:22.126821+00:00'
[2025-12-01T07:31:23.256+0000] {taskinstance.py:430} INFO - ::endgroup::
[2025-12-01T07:31:23.899+0000] {logging_mixin.py:188} INFO - Ingested: /opt/***/data/inflation_raw.csv shape (50000, 5)
[2025-12-01T07:31:23.900+0000] {python.py:237} INFO - Done. Returned value was: None
[2025-12-01T07:31:23.900+0000] {taskinstance.py:441} INFO - ::group::Post task execution logs
[2025-12-01T07:31:23.914+0000] {taskinstance.py:1206} INFO - Marking task as SUCCESS. dag_id=inflation_forecast_dag, task_id=ingest_inflation, run_id=manual__2025-12-01T07:31:22.126821+00:00, execution_date=20251201T073122, start_date=20251201T073123, end_date=20251201T073123
[2025-12-01T07:31:23.946+0000] {local_task_job_runner.py:243} INFO - Task exited with return code 0
[2025-12-01T07:31:23.961+0000] {taskinstance.py:3503} INFO - 1 downstream tasks scheduled from follow-on schedule check
[2025-12-01T07:31:23.963+0000] {local_task_job_runner.py:222} INFO - ::endgroup::
