[2025-11-30T17:10:50.274+0000] {local_task_job_runner.py:120} INFO - ::group::Pre task execution logs
[2025-11-30T17:10:50.295+0000] {taskinstance.py:2076} INFO - Dependencies all met for dep_context=non-requeueable deps ti=<TaskInstance: heart_train_dag.load_dataset manual__2025-11-30T17:10:49.005732+00:00 [queued]>
[2025-11-30T17:10:50.301+0000] {taskinstance.py:2076} INFO - Dependencies all met for dep_context=requeueable deps ti=<TaskInstance: heart_train_dag.load_dataset manual__2025-11-30T17:10:49.005732+00:00 [queued]>
[2025-11-30T17:10:50.302+0000] {taskinstance.py:2306} INFO - Starting attempt 1 of 1
[2025-11-30T17:10:50.312+0000] {taskinstance.py:2330} INFO - Executing <Task(PythonOperator): load_dataset> on 2025-11-30 17:10:49.005732+00:00
[2025-11-30T17:10:50.319+0000] {logging_mixin.py:188} WARNING - /home/***/.local/lib/python3.12/site-packages/***/task/task_runner/standard_task_runner.py:62 DeprecationWarning: This process (pid=2267) is multi-threaded, use of fork() may lead to deadlocks in the child.
[2025-11-30T17:10:50.319+0000] {standard_task_runner.py:90} INFO - Running: ['***', 'tasks', 'run', 'heart_train_dag', 'load_dataset', 'manual__2025-11-30T17:10:49.005732+00:00', '--job-id', '65', '--raw', '--subdir', 'DAGS_FOLDER/heart_train_dag.py', '--cfg-path', '/tmp/tmpejw9v7mm']
[2025-11-30T17:10:50.321+0000] {standard_task_runner.py:64} INFO - Started process 2269 to run task
[2025-11-30T17:10:50.321+0000] {standard_task_runner.py:91} INFO - Job 65: Subtask load_dataset
[2025-11-30T17:10:50.336+0000] {logging_mixin.py:188} WARNING - /home/***/.local/lib/python3.12/site-packages/***/settings.py:195 DeprecationWarning: The sql_alchemy_conn option in [core] has been moved to the sql_alchemy_conn option in [database] - the old setting has been used, but please update your config.
[2025-11-30T17:10:50.381+0000] {task_command.py:426} INFO - Running <TaskInstance: heart_train_dag.load_dataset manual__2025-11-30T17:10:49.005732+00:00 [running]> on host 251ca1b54482
[2025-11-30T17:10:50.561+0000] {taskinstance.py:2648} INFO - Exporting env vars: AIRFLOW_CTX_DAG_OWNER='***' AIRFLOW_CTX_DAG_ID='heart_train_dag' AIRFLOW_CTX_TASK_ID='load_dataset' AIRFLOW_CTX_EXECUTION_DATE='2025-11-30T17:10:49.005732+00:00' AIRFLOW_CTX_TRY_NUMBER='1' AIRFLOW_CTX_DAG_RUN_ID='manual__2025-11-30T17:10:49.005732+00:00'
[2025-11-30T17:10:50.562+0000] {taskinstance.py:430} INFO - ::endgroup::
[2025-11-30T17:10:50.587+0000] {logging_mixin.py:188} INFO -    Age Sex ChestPainType  ...  Oldpeak  ST_Slope  HeartDisease
0   40   M           ATA  ...      0.0        Up             0
1   49   F           NAP  ...      1.0      Flat             1
2   37   M           ATA  ...      0.0        Up             0
3   48   F           ASY  ...      1.5      Flat             1
4   54   M           NAP  ...      0.0        Up             0

[5 rows x 12 columns]
[2025-11-30T17:10:50.588+0000] {python.py:237} INFO - Done. Returned value was: 918
[2025-11-30T17:10:50.589+0000] {taskinstance.py:441} INFO - ::group::Post task execution logs
[2025-11-30T17:10:50.617+0000] {taskinstance.py:1206} INFO - Marking task as SUCCESS. dag_id=heart_train_dag, task_id=load_dataset, run_id=manual__2025-11-30T17:10:49.005732+00:00, execution_date=20251130T171049, start_date=20251130T171050, end_date=20251130T171050
[2025-11-30T17:10:50.656+0000] {local_task_job_runner.py:243} INFO - Task exited with return code 0
[2025-11-30T17:10:50.672+0000] {taskinstance.py:3503} INFO - 1 downstream tasks scheduled from follow-on schedule check
[2025-11-30T17:10:50.677+0000] {local_task_job_runner.py:222} INFO - ::endgroup::
