[2025-11-30T17:10:51.979+0000] {local_task_job_runner.py:120} INFO - ::group::Pre task execution logs
[2025-11-30T17:10:52.001+0000] {taskinstance.py:2076} INFO - Dependencies all met for dep_context=non-requeueable deps ti=<TaskInstance: heart_train_dag.train_model manual__2025-11-30T17:10:49.005732+00:00 [queued]>
[2025-11-30T17:10:52.008+0000] {taskinstance.py:2076} INFO - Dependencies all met for dep_context=requeueable deps ti=<TaskInstance: heart_train_dag.train_model manual__2025-11-30T17:10:49.005732+00:00 [queued]>
[2025-11-30T17:10:52.008+0000] {taskinstance.py:2306} INFO - Starting attempt 1 of 1
[2025-11-30T17:10:52.019+0000] {taskinstance.py:2330} INFO - Executing <Task(PythonOperator): train_model> on 2025-11-30 17:10:49.005732+00:00
[2025-11-30T17:10:52.025+0000] {logging_mixin.py:188} WARNING - /home/***/.local/lib/python3.12/site-packages/***/task/task_runner/standard_task_runner.py:62 DeprecationWarning: This process (pid=2270) is multi-threaded, use of fork() may lead to deadlocks in the child.
[2025-11-30T17:10:52.025+0000] {standard_task_runner.py:90} INFO - Running: ['***', 'tasks', 'run', 'heart_train_dag', 'train_model', 'manual__2025-11-30T17:10:49.005732+00:00', '--job-id', '66', '--raw', '--subdir', 'DAGS_FOLDER/heart_train_dag.py', '--cfg-path', '/tmp/tmpfz18tvf8']
[2025-11-30T17:10:52.027+0000] {standard_task_runner.py:64} INFO - Started process 2272 to run task
[2025-11-30T17:10:52.028+0000] {standard_task_runner.py:91} INFO - Job 66: Subtask train_model
[2025-11-30T17:10:52.042+0000] {logging_mixin.py:188} WARNING - /home/***/.local/lib/python3.12/site-packages/***/settings.py:195 DeprecationWarning: The sql_alchemy_conn option in [core] has been moved to the sql_alchemy_conn option in [database] - the old setting has been used, but please update your config.
[2025-11-30T17:10:52.091+0000] {task_command.py:426} INFO - Running <TaskInstance: heart_train_dag.train_model manual__2025-11-30T17:10:49.005732+00:00 [running]> on host 251ca1b54482
[2025-11-30T17:10:52.288+0000] {taskinstance.py:2648} INFO - Exporting env vars: AIRFLOW_CTX_DAG_OWNER='***' AIRFLOW_CTX_DAG_ID='heart_train_dag' AIRFLOW_CTX_TASK_ID='train_model' AIRFLOW_CTX_EXECUTION_DATE='2025-11-30T17:10:49.005732+00:00' AIRFLOW_CTX_TRY_NUMBER='1' AIRFLOW_CTX_DAG_RUN_ID='manual__2025-11-30T17:10:49.005732+00:00'
[2025-11-30T17:10:52.289+0000] {taskinstance.py:430} INFO - ::endgroup::
[2025-11-30T17:10:52.825+0000] {logging_mixin.py:188} INFO - Model saved.
[2025-11-30T17:10:52.825+0000] {python.py:237} INFO - Done. Returned value was: None
[2025-11-30T17:10:52.826+0000] {taskinstance.py:441} INFO - ::group::Post task execution logs
[2025-11-30T17:10:52.844+0000] {taskinstance.py:1206} INFO - Marking task as SUCCESS. dag_id=heart_train_dag, task_id=train_model, run_id=manual__2025-11-30T17:10:49.005732+00:00, execution_date=20251130T171049, start_date=20251130T171052, end_date=20251130T171052
[2025-11-30T17:10:52.907+0000] {local_task_job_runner.py:243} INFO - Task exited with return code 0
[2025-11-30T17:10:52.920+0000] {taskinstance.py:3503} INFO - 1 downstream tasks scheduled from follow-on schedule check
[2025-11-30T17:10:52.924+0000] {local_task_job_runner.py:222} INFO - ::endgroup::
