[2025-11-30T16:56:36.973+0000] {local_task_job_runner.py:120} INFO - ::group::Pre task execution logs
[2025-11-30T16:56:37.022+0000] {taskinstance.py:2076} INFO - Dependencies all met for dep_context=non-requeueable deps ti=<TaskInstance: energy_consumption_dag.train_energy_model manual__2025-11-30T16:56:32.025513+00:00 [queued]>
[2025-11-30T16:56:37.031+0000] {taskinstance.py:2076} INFO - Dependencies all met for dep_context=requeueable deps ti=<TaskInstance: energy_consumption_dag.train_energy_model manual__2025-11-30T16:56:32.025513+00:00 [queued]>
[2025-11-30T16:56:37.032+0000] {taskinstance.py:2306} INFO - Starting attempt 1 of 1
[2025-11-30T16:56:37.045+0000] {taskinstance.py:2330} INFO - Executing <Task(PythonOperator): train_energy_model> on 2025-11-30 16:56:32.025513+00:00
[2025-11-30T16:56:37.053+0000] {logging_mixin.py:188} WARNING - /home/***/.local/lib/python3.12/site-packages/***/task/task_runner/standard_task_runner.py:62 DeprecationWarning: This process (pid=1130) is multi-threaded, use of fork() may lead to deadlocks in the child.
[2025-11-30T16:56:37.054+0000] {standard_task_runner.py:64} INFO - Started process 1131 to run task
[2025-11-30T16:56:37.053+0000] {standard_task_runner.py:90} INFO - Running: ['***', 'tasks', 'run', 'energy_consumption_dag', 'train_energy_model', 'manual__2025-11-30T16:56:32.025513+00:00', '--job-id', '52', '--raw', '--subdir', 'DAGS_FOLDER/energy_consumption_dag.py', '--cfg-path', '/tmp/tmp0mzvfe88']
[2025-11-30T16:56:37.056+0000] {standard_task_runner.py:91} INFO - Job 52: Subtask train_energy_model
[2025-11-30T16:56:37.076+0000] {logging_mixin.py:188} WARNING - /home/***/.local/lib/python3.12/site-packages/***/settings.py:195 DeprecationWarning: The sql_alchemy_conn option in [core] has been moved to the sql_alchemy_conn option in [database] - the old setting has been used, but please update your config.
[2025-11-30T16:56:37.134+0000] {task_command.py:426} INFO - Running <TaskInstance: energy_consumption_dag.train_energy_model manual__2025-11-30T16:56:32.025513+00:00 [running]> on host 251ca1b54482
[2025-11-30T16:56:37.225+0000] {taskinstance.py:2648} INFO - Exporting env vars: AIRFLOW_CTX_DAG_OWNER='***' AIRFLOW_CTX_DAG_ID='energy_consumption_dag' AIRFLOW_CTX_TASK_ID='train_energy_model' AIRFLOW_CTX_EXECUTION_DATE='2025-11-30T16:56:32.025513+00:00' AIRFLOW_CTX_TRY_NUMBER='1' AIRFLOW_CTX_DAG_RUN_ID='manual__2025-11-30T16:56:32.025513+00:00'
[2025-11-30T16:56:37.227+0000] {taskinstance.py:430} INFO - ::endgroup::
[2025-11-30T16:56:52.004+0000] {logging_mixin.py:188} INFO - Energy model saved: /opt/***/models/energy_model.pkl MSE: 359150.96000226634
[2025-11-30T16:56:52.015+0000] {python.py:237} INFO - Done. Returned value was: None
[2025-11-30T16:56:52.016+0000] {taskinstance.py:441} INFO - ::group::Post task execution logs
[2025-11-30T16:56:52.045+0000] {taskinstance.py:1206} INFO - Marking task as SUCCESS. dag_id=energy_consumption_dag, task_id=train_energy_model, run_id=manual__2025-11-30T16:56:32.025513+00:00, execution_date=20251130T165632, start_date=20251130T165637, end_date=20251130T165652
[2025-11-30T16:56:52.102+0000] {local_task_job_runner.py:243} INFO - Task exited with return code 0
[2025-11-30T16:56:52.119+0000] {taskinstance.py:3503} INFO - 1 downstream tasks scheduled from follow-on schedule check
[2025-11-30T16:56:52.121+0000] {local_task_job_runner.py:222} INFO - ::endgroup::
