[2025-12-01T07:31:30.451+0000] {local_task_job_runner.py:120} INFO - ::group::Pre task execution logs
[2025-12-01T07:31:30.472+0000] {taskinstance.py:2076} INFO - Dependencies all met for dep_context=non-requeueable deps ti=<TaskInstance: iris_classification.evaluate_model manual__2025-12-01T07:31:22.662241+00:00 [queued]>
[2025-12-01T07:31:30.478+0000] {taskinstance.py:2076} INFO - Dependencies all met for dep_context=requeueable deps ti=<TaskInstance: iris_classification.evaluate_model manual__2025-12-01T07:31:22.662241+00:00 [queued]>
[2025-12-01T07:31:30.479+0000] {taskinstance.py:2306} INFO - Starting attempt 1 of 1
[2025-12-01T07:31:30.489+0000] {taskinstance.py:2330} INFO - Executing <Task(PythonOperator): evaluate_model> on 2025-12-01 07:31:22.662241+00:00
[2025-12-01T07:31:30.498+0000] {logging_mixin.py:188} WARNING - /home/***/.local/lib/python3.12/site-packages/***/task/task_runner/standard_task_runner.py:62 DeprecationWarning: This process (pid=3651) is multi-threaded, use of fork() may lead to deadlocks in the child.
[2025-12-01T07:31:30.499+0000] {standard_task_runner.py:64} INFO - Started process 3693 to run task
[2025-12-01T07:31:30.498+0000] {standard_task_runner.py:90} INFO - Running: ['***', 'tasks', 'run', 'iris_classification', 'evaluate_model', 'manual__2025-12-01T07:31:22.662241+00:00', '--job-id', '113', '--raw', '--subdir', 'DAGS_FOLDER/iris_classification_dag.py', '--cfg-path', '/tmp/tmpz7tc_qn7']
[2025-12-01T07:31:30.501+0000] {standard_task_runner.py:91} INFO - Job 113: Subtask evaluate_model
[2025-12-01T07:31:30.515+0000] {logging_mixin.py:188} WARNING - /home/***/.local/lib/python3.12/site-packages/***/settings.py:195 DeprecationWarning: The sql_alchemy_conn option in [core] has been moved to the sql_alchemy_conn option in [database] - the old setting has been used, but please update your config.
[2025-12-01T07:31:30.564+0000] {task_command.py:426} INFO - Running <TaskInstance: iris_classification.evaluate_model manual__2025-12-01T07:31:22.662241+00:00 [running]> on host 251ca1b54482
[2025-12-01T07:31:30.626+0000] {taskinstance.py:2648} INFO - Exporting env vars: AIRFLOW_CTX_DAG_OWNER='***' AIRFLOW_CTX_DAG_ID='iris_classification' AIRFLOW_CTX_TASK_ID='evaluate_model' AIRFLOW_CTX_EXECUTION_DATE='2025-12-01T07:31:22.662241+00:00' AIRFLOW_CTX_TRY_NUMBER='1' AIRFLOW_CTX_DAG_RUN_ID='manual__2025-12-01T07:31:22.662241+00:00'
[2025-12-01T07:31:30.628+0000] {taskinstance.py:430} INFO - ::endgroup::
[2025-12-01T07:31:30.764+0000] {logging_mixin.py:188} INFO - Test Accuracy: 1.0
[2025-12-01T07:31:30.765+0000] {python.py:237} INFO - Done. Returned value was: None
[2025-12-01T07:31:30.766+0000] {taskinstance.py:441} INFO - ::group::Post task execution logs
[2025-12-01T07:31:30.772+0000] {taskinstance.py:1206} INFO - Marking task as SUCCESS. dag_id=iris_classification, task_id=evaluate_model, run_id=manual__2025-12-01T07:31:22.662241+00:00, execution_date=20251201T073122, start_date=20251201T073130, end_date=20251201T073130
[2025-12-01T07:31:30.797+0000] {local_task_job_runner.py:243} INFO - Task exited with return code 0
[2025-12-01T07:31:30.809+0000] {taskinstance.py:3503} INFO - 0 downstream tasks scheduled from follow-on schedule check
[2025-12-01T07:31:30.811+0000] {local_task_job_runner.py:222} INFO - ::endgroup::
