[2025-11-30T09:42:04.055+0000] {local_task_job_runner.py:120} INFO - ::group::Pre task execution logs
[2025-11-30T09:42:04.078+0000] {taskinstance.py:2076} INFO - Dependencies all met for dep_context=non-requeueable deps ti=<TaskInstance: iris_classification.preprocess manual__2025-11-30T09:42:00.253667+00:00 [queued]>
[2025-11-30T09:42:04.086+0000] {taskinstance.py:2076} INFO - Dependencies all met for dep_context=requeueable deps ti=<TaskInstance: iris_classification.preprocess manual__2025-11-30T09:42:00.253667+00:00 [queued]>
[2025-11-30T09:42:04.087+0000] {taskinstance.py:2306} INFO - Starting attempt 1 of 1
[2025-11-30T09:42:04.102+0000] {taskinstance.py:2330} INFO - Executing <Task(PythonOperator): preprocess> on 2025-11-30 09:42:00.253667+00:00
[2025-11-30T09:42:04.113+0000] {standard_task_runner.py:90} INFO - Running: ['***', 'tasks', 'run', 'iris_classification', 'preprocess', 'manual__2025-11-30T09:42:00.253667+00:00', '--job-id', '22', '--raw', '--subdir', 'DAGS_FOLDER/iris_classification_dag.py', '--cfg-path', '/tmp/tmpgdrv20tj']
[2025-11-30T09:42:04.115+0000] {logging_mixin.py:188} WARNING - /home/***/.local/lib/python3.12/site-packages/***/task/task_runner/standard_task_runner.py:62 DeprecationWarning: This process (pid=887) is multi-threaded, use of fork() may lead to deadlocks in the child.
[2025-11-30T09:42:04.117+0000] {standard_task_runner.py:91} INFO - Job 22: Subtask preprocess
[2025-11-30T09:42:04.119+0000] {standard_task_runner.py:64} INFO - Started process 910 to run task
[2025-11-30T09:42:04.135+0000] {logging_mixin.py:188} WARNING - /home/***/.local/lib/python3.12/site-packages/***/settings.py:195 DeprecationWarning: The sql_alchemy_conn option in [core] has been moved to the sql_alchemy_conn option in [database] - the old setting has been used, but please update your config.
[2025-11-30T09:42:04.201+0000] {task_command.py:426} INFO - Running <TaskInstance: iris_classification.preprocess manual__2025-11-30T09:42:00.253667+00:00 [running]> on host b0ec58fbce72
[2025-11-30T09:42:04.268+0000] {taskinstance.py:2648} INFO - Exporting env vars: AIRFLOW_CTX_DAG_OWNER='***' AIRFLOW_CTX_DAG_ID='iris_classification' AIRFLOW_CTX_TASK_ID='preprocess' AIRFLOW_CTX_EXECUTION_DATE='2025-11-30T09:42:00.253667+00:00' AIRFLOW_CTX_TRY_NUMBER='1' AIRFLOW_CTX_DAG_RUN_ID='manual__2025-11-30T09:42:00.253667+00:00'
[2025-11-30T09:42:04.271+0000] {taskinstance.py:430} INFO - ::endgroup::
[2025-11-30T09:42:04.334+0000] {logging_mixin.py:188} INFO - Preprocessed data saved.
[2025-11-30T09:42:04.335+0000] {python.py:237} INFO - Done. Returned value was: None
[2025-11-30T09:42:04.336+0000] {taskinstance.py:441} INFO - ::group::Post task execution logs
[2025-11-30T09:42:04.345+0000] {taskinstance.py:1206} INFO - Marking task as SUCCESS. dag_id=iris_classification, task_id=preprocess, run_id=manual__2025-11-30T09:42:00.253667+00:00, execution_date=20251130T094200, start_date=20251130T094204, end_date=20251130T094204
[2025-11-30T09:42:04.389+0000] {local_task_job_runner.py:243} INFO - Task exited with return code 0
[2025-11-30T09:42:04.407+0000] {taskinstance.py:3503} INFO - 1 downstream tasks scheduled from follow-on schedule check
[2025-11-30T09:42:04.410+0000] {local_task_job_runner.py:222} INFO - ::endgroup::
