[2025-12-01T07:23:07.545+0000] {local_task_job_runner.py:120} INFO - ::group::Pre task execution logs
[2025-12-01T07:23:07.569+0000] {taskinstance.py:2076} INFO - Dependencies all met for dep_context=non-requeueable deps ti=<TaskInstance: energy_consumption_dag.train_energy_model manual__2025-12-01T07:23:04.314006+00:00 [queued]>
[2025-12-01T07:23:07.575+0000] {taskinstance.py:2076} INFO - Dependencies all met for dep_context=requeueable deps ti=<TaskInstance: energy_consumption_dag.train_energy_model manual__2025-12-01T07:23:04.314006+00:00 [queued]>
[2025-12-01T07:23:07.576+0000] {taskinstance.py:2306} INFO - Starting attempt 1 of 1
[2025-12-01T07:23:07.586+0000] {taskinstance.py:2330} INFO - Executing <Task(PythonOperator): train_energy_model> on 2025-12-01 07:23:04.314006+00:00
[2025-12-01T07:23:07.592+0000] {logging_mixin.py:188} WARNING - /home/***/.local/lib/python3.12/site-packages/***/task/task_runner/standard_task_runner.py:62 DeprecationWarning: This process (pid=2718) is multi-threaded, use of fork() may lead to deadlocks in the child.
[2025-12-01T07:23:07.593+0000] {standard_task_runner.py:64} INFO - Started process 2719 to run task
[2025-12-01T07:23:07.592+0000] {standard_task_runner.py:90} INFO - Running: ['***', 'tasks', 'run', 'energy_consumption_dag', 'train_energy_model', 'manual__2025-12-01T07:23:04.314006+00:00', '--job-id', '94', '--raw', '--subdir', 'DAGS_FOLDER/energy_consumption_dag.py', '--cfg-path', '/tmp/tmpib5prws1']
[2025-12-01T07:23:07.594+0000] {standard_task_runner.py:91} INFO - Job 94: Subtask train_energy_model
[2025-12-01T07:23:07.605+0000] {logging_mixin.py:188} WARNING - /home/***/.local/lib/python3.12/site-packages/***/settings.py:195 DeprecationWarning: The sql_alchemy_conn option in [core] has been moved to the sql_alchemy_conn option in [database] - the old setting has been used, but please update your config.
[2025-12-01T07:23:07.641+0000] {task_command.py:426} INFO - Running <TaskInstance: energy_consumption_dag.train_energy_model manual__2025-12-01T07:23:04.314006+00:00 [running]> on host 251ca1b54482
[2025-12-01T07:23:07.700+0000] {taskinstance.py:2648} INFO - Exporting env vars: AIRFLOW_CTX_DAG_OWNER='***' AIRFLOW_CTX_DAG_ID='energy_consumption_dag' AIRFLOW_CTX_TASK_ID='train_energy_model' AIRFLOW_CTX_EXECUTION_DATE='2025-12-01T07:23:04.314006+00:00' AIRFLOW_CTX_TRY_NUMBER='1' AIRFLOW_CTX_DAG_RUN_ID='manual__2025-12-01T07:23:04.314006+00:00'
[2025-12-01T07:23:07.702+0000] {taskinstance.py:430} INFO - ::endgroup::
[2025-12-01T07:23:15.915+0000] {logging_mixin.py:188} INFO - Energy model saved: /opt/***/models/energy_model.pkl MSE: 359150.96000226634
[2025-12-01T07:23:15.921+0000] {python.py:237} INFO - Done. Returned value was: None
[2025-12-01T07:23:15.922+0000] {taskinstance.py:441} INFO - ::group::Post task execution logs
[2025-12-01T07:23:15.940+0000] {taskinstance.py:1206} INFO - Marking task as SUCCESS. dag_id=energy_consumption_dag, task_id=train_energy_model, run_id=manual__2025-12-01T07:23:04.314006+00:00, execution_date=20251201T072304, start_date=20251201T072307, end_date=20251201T072315
[2025-12-01T07:23:15.991+0000] {local_task_job_runner.py:243} INFO - Task exited with return code 0
[2025-12-01T07:23:16.004+0000] {taskinstance.py:3503} INFO - 1 downstream tasks scheduled from follow-on schedule check
[2025-12-01T07:23:16.007+0000] {local_task_job_runner.py:222} INFO - ::endgroup::
