[2025-12-01T04:48:17.374+0000] {local_task_job_runner.py:120} INFO - ::group::Pre task execution logs
[2025-12-01T04:48:17.406+0000] {taskinstance.py:2076} INFO - Dependencies all met for dep_context=non-requeueable deps ti=<TaskInstance: energy_consumption_dag.ingest_energy manual__2025-12-01T04:48:16.412170+00:00 [queued]>
[2025-12-01T04:48:17.413+0000] {taskinstance.py:2076} INFO - Dependencies all met for dep_context=requeueable deps ti=<TaskInstance: energy_consumption_dag.ingest_energy manual__2025-12-01T04:48:16.412170+00:00 [queued]>
[2025-12-01T04:48:17.414+0000] {taskinstance.py:2306} INFO - Starting attempt 1 of 1
[2025-12-01T04:48:17.423+0000] {taskinstance.py:2330} INFO - Executing <Task(PythonOperator): ingest_energy> on 2025-12-01 04:48:16.412170+00:00
[2025-12-01T04:48:17.428+0000] {logging_mixin.py:188} WARNING - /home/***/.local/lib/python3.12/site-packages/***/task/task_runner/standard_task_runner.py:62 DeprecationWarning: This process (pid=972) is multi-threaded, use of fork() may lead to deadlocks in the child.
[2025-12-01T04:48:17.430+0000] {standard_task_runner.py:64} INFO - Started process 973 to run task
[2025-12-01T04:48:17.429+0000] {standard_task_runner.py:90} INFO - Running: ['***', 'tasks', 'run', 'energy_consumption_dag', 'ingest_energy', 'manual__2025-12-01T04:48:16.412170+00:00', '--job-id', '69', '--raw', '--subdir', 'DAGS_FOLDER/energy_consumption_dag.py', '--cfg-path', '/tmp/tmpsin665l5']
[2025-12-01T04:48:17.431+0000] {standard_task_runner.py:91} INFO - Job 69: Subtask ingest_energy
[2025-12-01T04:48:17.443+0000] {logging_mixin.py:188} WARNING - /home/***/.local/lib/python3.12/site-packages/***/settings.py:195 DeprecationWarning: The sql_alchemy_conn option in [core] has been moved to the sql_alchemy_conn option in [database] - the old setting has been used, but please update your config.
[2025-12-01T04:48:17.490+0000] {task_command.py:426} INFO - Running <TaskInstance: energy_consumption_dag.ingest_energy manual__2025-12-01T04:48:16.412170+00:00 [running]> on host 251ca1b54482
[2025-12-01T04:48:17.556+0000] {taskinstance.py:2648} INFO - Exporting env vars: AIRFLOW_CTX_DAG_OWNER='***' AIRFLOW_CTX_DAG_ID='energy_consumption_dag' AIRFLOW_CTX_TASK_ID='ingest_energy' AIRFLOW_CTX_EXECUTION_DATE='2025-12-01T04:48:16.412170+00:00' AIRFLOW_CTX_TRY_NUMBER='1' AIRFLOW_CTX_DAG_RUN_ID='manual__2025-12-01T04:48:16.412170+00:00'
[2025-12-01T04:48:17.558+0000] {taskinstance.py:430} INFO - ::endgroup::
[2025-12-01T04:48:18.099+0000] {logging_mixin.py:188} INFO - Ingested energy: /opt/***/data/energy_raw.csv shape (50000, 6)
[2025-12-01T04:48:18.100+0000] {python.py:237} INFO - Done. Returned value was: None
[2025-12-01T04:48:18.101+0000] {taskinstance.py:441} INFO - ::group::Post task execution logs
[2025-12-01T04:48:18.118+0000] {taskinstance.py:1206} INFO - Marking task as SUCCESS. dag_id=energy_consumption_dag, task_id=ingest_energy, run_id=manual__2025-12-01T04:48:16.412170+00:00, execution_date=20251201T044816, start_date=20251201T044817, end_date=20251201T044818
[2025-12-01T04:48:18.165+0000] {local_task_job_runner.py:243} INFO - Task exited with return code 0
[2025-12-01T04:48:18.193+0000] {taskinstance.py:3503} INFO - 1 downstream tasks scheduled from follow-on schedule check
[2025-12-01T04:48:18.197+0000] {local_task_job_runner.py:222} INFO - ::endgroup::
