[2025-11-30T16:56:10.675+0000] {local_task_job_runner.py:120} INFO - ::group::Pre task execution logs
[2025-11-30T16:56:10.706+0000] {taskinstance.py:2076} INFO - Dependencies all met for dep_context=non-requeueable deps ti=<TaskInstance: inflation_forecast_dag.preprocess_inflation manual__2025-11-30T16:56:07.682807+00:00 [queued]>
[2025-11-30T16:56:10.715+0000] {taskinstance.py:2076} INFO - Dependencies all met for dep_context=requeueable deps ti=<TaskInstance: inflation_forecast_dag.preprocess_inflation manual__2025-11-30T16:56:07.682807+00:00 [queued]>
[2025-11-30T16:56:10.716+0000] {taskinstance.py:2306} INFO - Starting attempt 1 of 1
[2025-11-30T16:56:10.728+0000] {taskinstance.py:2330} INFO - Executing <Task(PythonOperator): preprocess_inflation> on 2025-11-30 16:56:07.682807+00:00
[2025-11-30T16:56:10.735+0000] {logging_mixin.py:188} WARNING - /home/***/.local/lib/python3.12/site-packages/***/task/task_runner/standard_task_runner.py:62 DeprecationWarning: This process (pid=969) is multi-threaded, use of fork() may lead to deadlocks in the child.
[2025-11-30T16:56:10.736+0000] {standard_task_runner.py:64} INFO - Started process 970 to run task
[2025-11-30T16:56:10.735+0000] {standard_task_runner.py:90} INFO - Running: ['***', 'tasks', 'run', 'inflation_forecast_dag', 'preprocess_inflation', 'manual__2025-11-30T16:56:07.682807+00:00', '--job-id', '46', '--raw', '--subdir', 'DAGS_FOLDER/inflation_forecast_dag.py', '--cfg-path', '/tmp/tmp_y2esjun']
[2025-11-30T16:56:10.738+0000] {standard_task_runner.py:91} INFO - Job 46: Subtask preprocess_inflation
[2025-11-30T16:56:10.753+0000] {logging_mixin.py:188} WARNING - /home/***/.local/lib/python3.12/site-packages/***/settings.py:195 DeprecationWarning: The sql_alchemy_conn option in [core] has been moved to the sql_alchemy_conn option in [database] - the old setting has been used, but please update your config.
[2025-11-30T16:56:10.805+0000] {task_command.py:426} INFO - Running <TaskInstance: inflation_forecast_dag.preprocess_inflation manual__2025-11-30T16:56:07.682807+00:00 [running]> on host 251ca1b54482
[2025-11-30T16:56:10.879+0000] {taskinstance.py:2648} INFO - Exporting env vars: AIRFLOW_CTX_DAG_OWNER='***' AIRFLOW_CTX_DAG_ID='inflation_forecast_dag' AIRFLOW_CTX_TASK_ID='preprocess_inflation' AIRFLOW_CTX_EXECUTION_DATE='2025-11-30T16:56:07.682807+00:00' AIRFLOW_CTX_TRY_NUMBER='1' AIRFLOW_CTX_DAG_RUN_ID='manual__2025-11-30T16:56:07.682807+00:00'
[2025-11-30T16:56:10.881+0000] {taskinstance.py:430} INFO - ::endgroup::
[2025-11-30T16:56:12.296+0000] {logging_mixin.py:188} INFO - Preprocessed saved: /opt/***/data/inflation_processed.csv encoders: ['country']
[2025-11-30T16:56:12.297+0000] {python.py:237} INFO - Done. Returned value was: None
[2025-11-30T16:56:12.298+0000] {taskinstance.py:441} INFO - ::group::Post task execution logs
[2025-11-30T16:56:12.306+0000] {taskinstance.py:1206} INFO - Marking task as SUCCESS. dag_id=inflation_forecast_dag, task_id=preprocess_inflation, run_id=manual__2025-11-30T16:56:07.682807+00:00, execution_date=20251130T165607, start_date=20251130T165610, end_date=20251130T165612
[2025-11-30T16:56:12.340+0000] {local_task_job_runner.py:243} INFO - Task exited with return code 0
[2025-11-30T16:56:12.360+0000] {taskinstance.py:3503} INFO - 1 downstream tasks scheduled from follow-on schedule check
[2025-11-30T16:56:12.363+0000] {local_task_job_runner.py:222} INFO - ::endgroup::
