[2025-11-30T05:47:23.993+0000] {local_task_job_runner.py:120} INFO - ::group::Pre task execution logs
[2025-11-30T05:47:24.013+0000] {taskinstance.py:2076} INFO - Dependencies all met for dep_context=non-requeueable deps ti=<TaskInstance: iris_classification.train_model manual__2025-11-30T05:47:19.812617+00:00 [queued]>
[2025-11-30T05:47:24.021+0000] {taskinstance.py:2076} INFO - Dependencies all met for dep_context=requeueable deps ti=<TaskInstance: iris_classification.train_model manual__2025-11-30T05:47:19.812617+00:00 [queued]>
[2025-11-30T05:47:24.022+0000] {taskinstance.py:2306} INFO - Starting attempt 1 of 1
[2025-11-30T05:47:24.034+0000] {taskinstance.py:2330} INFO - Executing <Task(PythonOperator): train_model> on 2025-11-30 05:47:19.812617+00:00
[2025-11-30T05:47:24.046+0000] {logging_mixin.py:188} WARNING - /home/***/.local/lib/python3.12/site-packages/***/task/task_runner/standard_task_runner.py:62 DeprecationWarning: This process (pid=783) is multi-threaded, use of fork() may lead to deadlocks in the child.
[2025-11-30T05:47:24.046+0000] {standard_task_runner.py:90} INFO - Running: ['***', 'tasks', 'run', 'iris_classification', 'train_model', 'manual__2025-11-30T05:47:19.812617+00:00', '--job-id', '9', '--raw', '--subdir', 'DAGS_FOLDER/iris_classification_dag.py', '--cfg-path', '/tmp/tmpgowfnuwo']
[2025-11-30T05:47:24.047+0000] {standard_task_runner.py:64} INFO - Started process 804 to run task
[2025-11-30T05:47:24.048+0000] {standard_task_runner.py:91} INFO - Job 9: Subtask train_model
[2025-11-30T05:47:24.062+0000] {logging_mixin.py:188} WARNING - /home/***/.local/lib/python3.12/site-packages/***/settings.py:195 DeprecationWarning: The sql_alchemy_conn option in [core] has been moved to the sql_alchemy_conn option in [database] - the old setting has been used, but please update your config.
[2025-11-30T05:47:24.109+0000] {task_command.py:426} INFO - Running <TaskInstance: iris_classification.train_model manual__2025-11-30T05:47:19.812617+00:00 [running]> on host b0ec58fbce72
[2025-11-30T05:47:24.184+0000] {taskinstance.py:2648} INFO - Exporting env vars: AIRFLOW_CTX_DAG_OWNER='***' AIRFLOW_CTX_DAG_ID='iris_classification' AIRFLOW_CTX_TASK_ID='train_model' AIRFLOW_CTX_EXECUTION_DATE='2025-11-30T05:47:19.812617+00:00' AIRFLOW_CTX_TRY_NUMBER='1' AIRFLOW_CTX_DAG_RUN_ID='manual__2025-11-30T05:47:19.812617+00:00'
[2025-11-30T05:47:24.185+0000] {taskinstance.py:430} INFO - ::endgroup::
[2025-11-30T05:47:24.302+0000] {logging_mixin.py:188} INFO - Model trained and saved.
[2025-11-30T05:47:24.303+0000] {python.py:237} INFO - Done. Returned value was: None
[2025-11-30T05:47:24.304+0000] {taskinstance.py:441} INFO - ::group::Post task execution logs
[2025-11-30T05:47:24.315+0000] {taskinstance.py:1206} INFO - Marking task as SUCCESS. dag_id=iris_classification, task_id=train_model, run_id=manual__2025-11-30T05:47:19.812617+00:00, execution_date=20251130T054719, start_date=20251130T054724, end_date=20251130T054724
[2025-11-30T05:47:24.345+0000] {local_task_job_runner.py:243} INFO - Task exited with return code 0
[2025-11-30T05:47:24.363+0000] {taskinstance.py:3503} INFO - 1 downstream tasks scheduled from follow-on schedule check
[2025-11-30T05:47:24.366+0000] {local_task_job_runner.py:222} INFO - ::endgroup::
