[2025-11-30T06:05:51.635+0000] {local_task_job_runner.py:120} INFO - ::group::Pre task execution logs
[2025-11-30T06:05:51.667+0000] {taskinstance.py:2076} INFO - Dependencies all met for dep_context=non-requeueable deps ti=<TaskInstance: iris_classification.load_data manual__2025-11-30T06:05:49.726995+00:00 [queued]>
[2025-11-30T06:05:51.675+0000] {taskinstance.py:2076} INFO - Dependencies all met for dep_context=requeueable deps ti=<TaskInstance: iris_classification.load_data manual__2025-11-30T06:05:49.726995+00:00 [queued]>
[2025-11-30T06:05:51.676+0000] {taskinstance.py:2306} INFO - Starting attempt 1 of 1
[2025-11-30T06:05:51.685+0000] {taskinstance.py:2330} INFO - Executing <Task(PythonOperator): load_data> on 2025-11-30 06:05:49.726995+00:00
[2025-11-30T06:05:51.698+0000] {logging_mixin.py:188} WARNING - /home/***/.local/lib/python3.12/site-packages/***/task/task_runner/standard_task_runner.py:62 DeprecationWarning: This process (pid=1702) is multi-threaded, use of fork() may lead to deadlocks in the child.
[2025-11-30T06:05:51.697+0000] {standard_task_runner.py:90} INFO - Running: ['***', 'tasks', 'run', 'iris_classification', 'load_data', 'manual__2025-11-30T06:05:49.726995+00:00', '--job-id', '11', '--raw', '--subdir', 'DAGS_FOLDER/iris_classification_dag.py', '--cfg-path', '/tmp/tmpfx43wv2l']
[2025-11-30T06:05:51.700+0000] {standard_task_runner.py:64} INFO - Started process 1723 to run task
[2025-11-30T06:05:51.701+0000] {standard_task_runner.py:91} INFO - Job 11: Subtask load_data
[2025-11-30T06:05:51.743+0000] {logging_mixin.py:188} WARNING - /home/***/.local/lib/python3.12/site-packages/***/settings.py:195 DeprecationWarning: The sql_alchemy_conn option in [core] has been moved to the sql_alchemy_conn option in [database] - the old setting has been used, but please update your config.
[2025-11-30T06:05:51.817+0000] {task_command.py:426} INFO - Running <TaskInstance: iris_classification.load_data manual__2025-11-30T06:05:49.726995+00:00 [running]> on host b0ec58fbce72
[2025-11-30T06:05:51.946+0000] {taskinstance.py:2648} INFO - Exporting env vars: AIRFLOW_CTX_DAG_OWNER='***' AIRFLOW_CTX_DAG_ID='iris_classification' AIRFLOW_CTX_TASK_ID='load_data' AIRFLOW_CTX_EXECUTION_DATE='2025-11-30T06:05:49.726995+00:00' AIRFLOW_CTX_TRY_NUMBER='1' AIRFLOW_CTX_DAG_RUN_ID='manual__2025-11-30T06:05:49.726995+00:00'
[2025-11-30T06:05:51.948+0000] {taskinstance.py:430} INFO - ::endgroup::
[2025-11-30T06:05:51.998+0000] {logging_mixin.py:188} INFO - Data saved to /opt/***/data/iris_raw.csv
[2025-11-30T06:05:51.999+0000] {python.py:237} INFO - Done. Returned value was: None
[2025-11-30T06:05:51.999+0000] {taskinstance.py:441} INFO - ::group::Post task execution logs
[2025-11-30T06:05:52.015+0000] {taskinstance.py:1206} INFO - Marking task as SUCCESS. dag_id=iris_classification, task_id=load_data, run_id=manual__2025-11-30T06:05:49.726995+00:00, execution_date=20251130T060549, start_date=20251130T060551, end_date=20251130T060552
[2025-11-30T06:05:52.047+0000] {local_task_job_runner.py:243} INFO - Task exited with return code 0
[2025-11-30T06:05:52.063+0000] {taskinstance.py:3503} INFO - 1 downstream tasks scheduled from follow-on schedule check
[2025-11-30T06:05:52.066+0000] {local_task_job_runner.py:222} INFO - ::endgroup::
