[2025-11-30T16:56:40.673+0000] {local_task_job_runner.py:120} INFO - ::group::Pre task execution logs
[2025-11-30T16:56:40.720+0000] {taskinstance.py:2076} INFO - Dependencies all met for dep_context=non-requeueable deps ti=<TaskInstance: heart_train_dag.train_model manual__2025-11-30T16:56:37.082623+00:00 [queued]>
[2025-11-30T16:56:40.731+0000] {taskinstance.py:2076} INFO - Dependencies all met for dep_context=requeueable deps ti=<TaskInstance: heart_train_dag.train_model manual__2025-11-30T16:56:37.082623+00:00 [queued]>
[2025-11-30T16:56:40.732+0000] {taskinstance.py:2306} INFO - Starting attempt 1 of 1
[2025-11-30T16:56:40.745+0000] {taskinstance.py:2330} INFO - Executing <Task(PythonOperator): train_model> on 2025-11-30 16:56:37.082623+00:00
[2025-11-30T16:56:40.758+0000] {logging_mixin.py:188} WARNING - /home/***/.local/lib/python3.12/site-packages/***/task/task_runner/standard_task_runner.py:62 DeprecationWarning: This process (pid=1180) is multi-threaded, use of fork() may lead to deadlocks in the child.
[2025-11-30T16:56:40.757+0000] {standard_task_runner.py:90} INFO - Running: ['***', 'tasks', 'run', 'heart_train_dag', 'train_model', 'manual__2025-11-30T16:56:37.082623+00:00', '--job-id', '55', '--raw', '--subdir', 'DAGS_FOLDER/heart_train_dag.py', '--cfg-path', '/tmp/tmp4x3h5yf6']
[2025-11-30T16:56:40.759+0000] {standard_task_runner.py:64} INFO - Started process 1189 to run task
[2025-11-30T16:56:40.760+0000] {standard_task_runner.py:91} INFO - Job 55: Subtask train_model
[2025-11-30T16:56:40.777+0000] {logging_mixin.py:188} WARNING - /home/***/.local/lib/python3.12/site-packages/***/settings.py:195 DeprecationWarning: The sql_alchemy_conn option in [core] has been moved to the sql_alchemy_conn option in [database] - the old setting has been used, but please update your config.
[2025-11-30T16:56:40.832+0000] {task_command.py:426} INFO - Running <TaskInstance: heart_train_dag.train_model manual__2025-11-30T16:56:37.082623+00:00 [running]> on host 251ca1b54482
[2025-11-30T16:56:41.133+0000] {taskinstance.py:2648} INFO - Exporting env vars: AIRFLOW_CTX_DAG_OWNER='***' AIRFLOW_CTX_DAG_ID='heart_train_dag' AIRFLOW_CTX_TASK_ID='train_model' AIRFLOW_CTX_EXECUTION_DATE='2025-11-30T16:56:37.082623+00:00' AIRFLOW_CTX_TRY_NUMBER='1' AIRFLOW_CTX_DAG_RUN_ID='manual__2025-11-30T16:56:37.082623+00:00'
[2025-11-30T16:56:41.134+0000] {taskinstance.py:430} INFO - ::endgroup::
[2025-11-30T16:56:42.573+0000] {logging_mixin.py:188} INFO - Model saved.
[2025-11-30T16:56:42.574+0000] {python.py:237} INFO - Done. Returned value was: None
[2025-11-30T16:56:42.575+0000] {taskinstance.py:441} INFO - ::group::Post task execution logs
[2025-11-30T16:56:42.605+0000] {taskinstance.py:1206} INFO - Marking task as SUCCESS. dag_id=heart_train_dag, task_id=train_model, run_id=manual__2025-11-30T16:56:37.082623+00:00, execution_date=20251130T165637, start_date=20251130T165640, end_date=20251130T165642
[2025-11-30T16:56:42.650+0000] {local_task_job_runner.py:243} INFO - Task exited with return code 0
[2025-11-30T16:56:42.668+0000] {taskinstance.py:3503} INFO - 1 downstream tasks scheduled from follow-on schedule check
[2025-11-30T16:56:42.670+0000] {local_task_job_runner.py:222} INFO - ::endgroup::
