[2025-11-30T09:41:52.799+0000] {local_task_job_runner.py:120} INFO - ::group::Pre task execution logs
[2025-11-30T09:41:52.822+0000] {taskinstance.py:2076} INFO - Dependencies all met for dep_context=non-requeueable deps ti=<TaskInstance: heart_train_dag.load_dataset manual__2025-11-30T09:41:50.584696+00:00 [queued]>
[2025-11-30T09:41:52.829+0000] {taskinstance.py:2076} INFO - Dependencies all met for dep_context=requeueable deps ti=<TaskInstance: heart_train_dag.load_dataset manual__2025-11-30T09:41:50.584696+00:00 [queued]>
[2025-11-30T09:41:52.830+0000] {taskinstance.py:2306} INFO - Starting attempt 1 of 1
[2025-11-30T09:41:52.842+0000] {taskinstance.py:2330} INFO - Executing <Task(PythonOperator): load_dataset> on 2025-11-30 09:41:50.584696+00:00
[2025-11-30T09:41:52.851+0000] {logging_mixin.py:188} WARNING - /home/***/.local/lib/python3.12/site-packages/***/task/task_runner/standard_task_runner.py:62 DeprecationWarning: This process (pid=750) is multi-threaded, use of fork() may lead to deadlocks in the child.
[2025-11-30T09:41:52.851+0000] {standard_task_runner.py:90} INFO - Running: ['***', 'tasks', 'run', 'heart_train_dag', 'load_dataset', 'manual__2025-11-30T09:41:50.584696+00:00', '--job-id', '18', '--raw', '--subdir', 'DAGS_FOLDER/heart_train_dag.py', '--cfg-path', '/tmp/tmpiuctiuzc']
[2025-11-30T09:41:52.853+0000] {standard_task_runner.py:64} INFO - Started process 771 to run task
[2025-11-30T09:41:52.854+0000] {standard_task_runner.py:91} INFO - Job 18: Subtask load_dataset
[2025-11-30T09:41:52.869+0000] {logging_mixin.py:188} WARNING - /home/***/.local/lib/python3.12/site-packages/***/settings.py:195 DeprecationWarning: The sql_alchemy_conn option in [core] has been moved to the sql_alchemy_conn option in [database] - the old setting has been used, but please update your config.
[2025-11-30T09:41:52.930+0000] {task_command.py:426} INFO - Running <TaskInstance: heart_train_dag.load_dataset manual__2025-11-30T09:41:50.584696+00:00 [running]> on host b0ec58fbce72
[2025-11-30T09:41:52.992+0000] {taskinstance.py:2648} INFO - Exporting env vars: AIRFLOW_CTX_DAG_OWNER='***' AIRFLOW_CTX_DAG_ID='heart_train_dag' AIRFLOW_CTX_TASK_ID='load_dataset' AIRFLOW_CTX_EXECUTION_DATE='2025-11-30T09:41:50.584696+00:00' AIRFLOW_CTX_TRY_NUMBER='1' AIRFLOW_CTX_DAG_RUN_ID='manual__2025-11-30T09:41:50.584696+00:00'
[2025-11-30T09:41:52.994+0000] {taskinstance.py:430} INFO - ::endgroup::
[2025-11-30T09:41:53.037+0000] {logging_mixin.py:188} INFO -    Age Sex ChestPainType  ...  Oldpeak  ST_Slope  HeartDisease
0   40   M           ATA  ...      0.0        Up             0
1   49   F           NAP  ...      1.0      Flat             1
2   37   M           ATA  ...      0.0        Up             0
3   48   F           ASY  ...      1.5      Flat             1
4   54   M           NAP  ...      0.0        Up             0

[5 rows x 12 columns]
[2025-11-30T09:41:53.039+0000] {python.py:237} INFO - Done. Returned value was: 918
[2025-11-30T09:41:53.039+0000] {taskinstance.py:441} INFO - ::group::Post task execution logs
[2025-11-30T09:41:53.060+0000] {taskinstance.py:1206} INFO - Marking task as SUCCESS. dag_id=heart_train_dag, task_id=load_dataset, run_id=manual__2025-11-30T09:41:50.584696+00:00, execution_date=20251130T094150, start_date=20251130T094152, end_date=20251130T094153
[2025-11-30T09:41:53.077+0000] {local_task_job_runner.py:243} INFO - Task exited with return code 0
[2025-11-30T09:41:53.099+0000] {taskinstance.py:3503} INFO - 1 downstream tasks scheduled from follow-on schedule check
[2025-11-30T09:41:53.103+0000] {local_task_job_runner.py:222} INFO - ::endgroup::
