[2025-11-30T06:05:53.590+0000] {local_task_job_runner.py:120} INFO - ::group::Pre task execution logs
[2025-11-30T06:05:53.615+0000] {taskinstance.py:2076} INFO - Dependencies all met for dep_context=non-requeueable deps ti=<TaskInstance: iris_classification.preprocess manual__2025-11-30T06:05:49.726995+00:00 [queued]>
[2025-11-30T06:05:53.622+0000] {taskinstance.py:2076} INFO - Dependencies all met for dep_context=requeueable deps ti=<TaskInstance: iris_classification.preprocess manual__2025-11-30T06:05:49.726995+00:00 [queued]>
[2025-11-30T06:05:53.623+0000] {taskinstance.py:2306} INFO - Starting attempt 1 of 1
[2025-11-30T06:05:53.633+0000] {taskinstance.py:2330} INFO - Executing <Task(PythonOperator): preprocess> on 2025-11-30 06:05:49.726995+00:00
[2025-11-30T06:05:53.644+0000] {logging_mixin.py:188} WARNING - /home/***/.local/lib/python3.12/site-packages/***/task/task_runner/standard_task_runner.py:62 DeprecationWarning: This process (pid=1724) is multi-threaded, use of fork() may lead to deadlocks in the child.
[2025-11-30T06:05:53.644+0000] {standard_task_runner.py:90} INFO - Running: ['***', 'tasks', 'run', 'iris_classification', 'preprocess', 'manual__2025-11-30T06:05:49.726995+00:00', '--job-id', '12', '--raw', '--subdir', 'DAGS_FOLDER/iris_classification_dag.py', '--cfg-path', '/tmp/tmph_d0dzmh']
[2025-11-30T06:05:53.645+0000] {standard_task_runner.py:64} INFO - Started process 1745 to run task
[2025-11-30T06:05:53.646+0000] {standard_task_runner.py:91} INFO - Job 12: Subtask preprocess
[2025-11-30T06:05:53.658+0000] {logging_mixin.py:188} WARNING - /home/***/.local/lib/python3.12/site-packages/***/settings.py:195 DeprecationWarning: The sql_alchemy_conn option in [core] has been moved to the sql_alchemy_conn option in [database] - the old setting has been used, but please update your config.
[2025-11-30T06:05:53.698+0000] {task_command.py:426} INFO - Running <TaskInstance: iris_classification.preprocess manual__2025-11-30T06:05:49.726995+00:00 [running]> on host b0ec58fbce72
[2025-11-30T06:05:53.756+0000] {taskinstance.py:2648} INFO - Exporting env vars: AIRFLOW_CTX_DAG_OWNER='***' AIRFLOW_CTX_DAG_ID='iris_classification' AIRFLOW_CTX_TASK_ID='preprocess' AIRFLOW_CTX_EXECUTION_DATE='2025-11-30T06:05:49.726995+00:00' AIRFLOW_CTX_TRY_NUMBER='1' AIRFLOW_CTX_DAG_RUN_ID='manual__2025-11-30T06:05:49.726995+00:00'
[2025-11-30T06:05:53.757+0000] {taskinstance.py:430} INFO - ::endgroup::
[2025-11-30T06:05:53.784+0000] {logging_mixin.py:188} INFO - Preprocessed data saved.
[2025-11-30T06:05:53.784+0000] {python.py:237} INFO - Done. Returned value was: None
[2025-11-30T06:05:53.785+0000] {taskinstance.py:441} INFO - ::group::Post task execution logs
[2025-11-30T06:05:53.793+0000] {taskinstance.py:1206} INFO - Marking task as SUCCESS. dag_id=iris_classification, task_id=preprocess, run_id=manual__2025-11-30T06:05:49.726995+00:00, execution_date=20251130T060549, start_date=20251130T060553, end_date=20251130T060553
[2025-11-30T06:05:53.825+0000] {local_task_job_runner.py:243} INFO - Task exited with return code 0
[2025-11-30T06:05:53.843+0000] {taskinstance.py:3503} INFO - 1 downstream tasks scheduled from follow-on schedule check
[2025-11-30T06:05:53.845+0000] {local_task_job_runner.py:222} INFO - ::endgroup::
