[2025-11-30T16:56:40.326+0000] {local_task_job_runner.py:120} INFO - ::group::Pre task execution logs
[2025-11-30T16:56:40.360+0000] {taskinstance.py:2076} INFO - Dependencies all met for dep_context=non-requeueable deps ti=<TaskInstance: inflation_forecast_dag.ingest_inflation manual__2025-11-30T16:56:39.060111+00:00 [queued]>
[2025-11-30T16:56:40.369+0000] {taskinstance.py:2076} INFO - Dependencies all met for dep_context=requeueable deps ti=<TaskInstance: inflation_forecast_dag.ingest_inflation manual__2025-11-30T16:56:39.060111+00:00 [queued]>
[2025-11-30T16:56:40.370+0000] {taskinstance.py:2306} INFO - Starting attempt 1 of 1
[2025-11-30T16:56:40.383+0000] {taskinstance.py:2330} INFO - Executing <Task(PythonOperator): ingest_inflation> on 2025-11-30 16:56:39.060111+00:00
[2025-11-30T16:56:40.391+0000] {logging_mixin.py:188} WARNING - /home/***/.local/lib/python3.12/site-packages/***/task/task_runner/standard_task_runner.py:62 DeprecationWarning: This process (pid=1181) is multi-threaded, use of fork() may lead to deadlocks in the child.
[2025-11-30T16:56:40.393+0000] {standard_task_runner.py:64} INFO - Started process 1186 to run task
[2025-11-30T16:56:40.391+0000] {standard_task_runner.py:90} INFO - Running: ['***', 'tasks', 'run', 'inflation_forecast_dag', 'ingest_inflation', 'manual__2025-11-30T16:56:39.060111+00:00', '--job-id', '54', '--raw', '--subdir', 'DAGS_FOLDER/inflation_forecast_dag.py', '--cfg-path', '/tmp/tmphmua89cm']
[2025-11-30T16:56:40.394+0000] {standard_task_runner.py:91} INFO - Job 54: Subtask ingest_inflation
[2025-11-30T16:56:40.410+0000] {logging_mixin.py:188} WARNING - /home/***/.local/lib/python3.12/site-packages/***/settings.py:195 DeprecationWarning: The sql_alchemy_conn option in [core] has been moved to the sql_alchemy_conn option in [database] - the old setting has been used, but please update your config.
[2025-11-30T16:56:40.473+0000] {task_command.py:426} INFO - Running <TaskInstance: inflation_forecast_dag.ingest_inflation manual__2025-11-30T16:56:39.060111+00:00 [running]> on host 251ca1b54482
[2025-11-30T16:56:40.583+0000] {taskinstance.py:2648} INFO - Exporting env vars: AIRFLOW_CTX_DAG_OWNER='***' AIRFLOW_CTX_DAG_ID='inflation_forecast_dag' AIRFLOW_CTX_TASK_ID='ingest_inflation' AIRFLOW_CTX_EXECUTION_DATE='2025-11-30T16:56:39.060111+00:00' AIRFLOW_CTX_TRY_NUMBER='1' AIRFLOW_CTX_DAG_RUN_ID='manual__2025-11-30T16:56:39.060111+00:00'
[2025-11-30T16:56:40.586+0000] {taskinstance.py:430} INFO - ::endgroup::
[2025-11-30T16:56:41.483+0000] {logging_mixin.py:188} INFO - Ingested: /opt/***/data/inflation_raw.csv shape (50000, 5)
[2025-11-30T16:56:41.484+0000] {python.py:237} INFO - Done. Returned value was: None
[2025-11-30T16:56:41.485+0000] {taskinstance.py:441} INFO - ::group::Post task execution logs
[2025-11-30T16:56:41.505+0000] {taskinstance.py:1206} INFO - Marking task as SUCCESS. dag_id=inflation_forecast_dag, task_id=ingest_inflation, run_id=manual__2025-11-30T16:56:39.060111+00:00, execution_date=20251130T165639, start_date=20251130T165640, end_date=20251130T165641
[2025-11-30T16:56:41.552+0000] {local_task_job_runner.py:243} INFO - Task exited with return code 0
[2025-11-30T16:56:41.578+0000] {taskinstance.py:3503} INFO - 1 downstream tasks scheduled from follow-on schedule check
[2025-11-30T16:56:41.581+0000] {local_task_job_runner.py:222} INFO - ::endgroup::
