[2025-12-01T07:31:27.297+0000] {local_task_job_runner.py:120} INFO - ::group::Pre task execution logs
[2025-12-01T07:31:27.322+0000] {taskinstance.py:2076} INFO - Dependencies all met for dep_context=non-requeueable deps ti=<TaskInstance: inflation_forecast_dag.train_inflation_model manual__2025-12-01T07:31:22.126821+00:00 [queued]>
[2025-12-01T07:31:27.329+0000] {taskinstance.py:2076} INFO - Dependencies all met for dep_context=requeueable deps ti=<TaskInstance: inflation_forecast_dag.train_inflation_model manual__2025-12-01T07:31:22.126821+00:00 [queued]>
[2025-12-01T07:31:27.330+0000] {taskinstance.py:2306} INFO - Starting attempt 1 of 1
[2025-12-01T07:31:27.341+0000] {taskinstance.py:2330} INFO - Executing <Task(PythonOperator): train_inflation_model> on 2025-12-01 07:31:22.126821+00:00
[2025-12-01T07:31:27.346+0000] {logging_mixin.py:188} WARNING - /home/***/.local/lib/python3.12/site-packages/***/task/task_runner/standard_task_runner.py:62 DeprecationWarning: This process (pid=3587) is multi-threaded, use of fork() may lead to deadlocks in the child.
[2025-12-01T07:31:27.347+0000] {standard_task_runner.py:64} INFO - Started process 3590 to run task
[2025-12-01T07:31:27.346+0000] {standard_task_runner.py:90} INFO - Running: ['***', 'tasks', 'run', 'inflation_forecast_dag', 'train_inflation_model', 'manual__2025-12-01T07:31:22.126821+00:00', '--job-id', '110', '--raw', '--subdir', 'DAGS_FOLDER/inflation_forecast_dag.py', '--cfg-path', '/tmp/tmp0exi2606']
[2025-12-01T07:31:27.348+0000] {standard_task_runner.py:91} INFO - Job 110: Subtask train_inflation_model
[2025-12-01T07:31:27.359+0000] {logging_mixin.py:188} WARNING - /home/***/.local/lib/python3.12/site-packages/***/settings.py:195 DeprecationWarning: The sql_alchemy_conn option in [core] has been moved to the sql_alchemy_conn option in [database] - the old setting has been used, but please update your config.
[2025-12-01T07:31:27.403+0000] {task_command.py:426} INFO - Running <TaskInstance: inflation_forecast_dag.train_inflation_model manual__2025-12-01T07:31:22.126821+00:00 [running]> on host 251ca1b54482
[2025-12-01T07:31:27.541+0000] {taskinstance.py:2648} INFO - Exporting env vars: AIRFLOW_CTX_DAG_OWNER='***' AIRFLOW_CTX_DAG_ID='inflation_forecast_dag' AIRFLOW_CTX_TASK_ID='train_inflation_model' AIRFLOW_CTX_EXECUTION_DATE='2025-12-01T07:31:22.126821+00:00' AIRFLOW_CTX_TRY_NUMBER='1' AIRFLOW_CTX_DAG_RUN_ID='manual__2025-12-01T07:31:22.126821+00:00'
[2025-12-01T07:31:27.542+0000] {taskinstance.py:430} INFO - ::endgroup::
[2025-12-01T07:31:28.542+0000] {logging_mixin.py:188} INFO - Trained model saved: /opt/***/models/inflation_model.pkl MAE: 3.503786744411815
[2025-12-01T07:31:28.544+0000] {python.py:237} INFO - Done. Returned value was: None
[2025-12-01T07:31:28.549+0000] {taskinstance.py:441} INFO - ::group::Post task execution logs
[2025-12-01T07:31:28.595+0000] {taskinstance.py:1206} INFO - Marking task as SUCCESS. dag_id=inflation_forecast_dag, task_id=train_inflation_model, run_id=manual__2025-12-01T07:31:22.126821+00:00, execution_date=20251201T073122, start_date=20251201T073127, end_date=20251201T073128
[2025-12-01T07:31:28.628+0000] {local_task_job_runner.py:243} INFO - Task exited with return code 0
[2025-12-01T07:31:28.643+0000] {taskinstance.py:3503} INFO - 1 downstream tasks scheduled from follow-on schedule check
[2025-12-01T07:31:28.645+0000] {local_task_job_runner.py:222} INFO - ::endgroup::
