[2025-11-30T09:42:08.618+0000] {local_task_job_runner.py:120} INFO - ::group::Pre task execution logs
[2025-11-30T09:42:08.640+0000] {taskinstance.py:2076} INFO - Dependencies all met for dep_context=non-requeueable deps ti=<TaskInstance: iris_classification.load_data manual__2025-11-30T09:42:06.951563+00:00 [queued]>
[2025-11-30T09:42:08.649+0000] {taskinstance.py:2076} INFO - Dependencies all met for dep_context=requeueable deps ti=<TaskInstance: iris_classification.load_data manual__2025-11-30T09:42:06.951563+00:00 [queued]>
[2025-11-30T09:42:08.650+0000] {taskinstance.py:2306} INFO - Starting attempt 1 of 1
[2025-11-30T09:42:08.663+0000] {taskinstance.py:2330} INFO - Executing <Task(PythonOperator): load_data> on 2025-11-30 09:42:06.951563+00:00
[2025-11-30T09:42:08.674+0000] {logging_mixin.py:188} WARNING - /home/***/.local/lib/python3.12/site-packages/***/task/task_runner/standard_task_runner.py:62 DeprecationWarning: This process (pid=975) is multi-threaded, use of fork() may lead to deadlocks in the child.
[2025-11-30T09:42:08.674+0000] {standard_task_runner.py:90} INFO - Running: ['***', 'tasks', 'run', 'iris_classification', 'load_data', 'manual__2025-11-30T09:42:06.951563+00:00', '--job-id', '26', '--raw', '--subdir', 'DAGS_FOLDER/iris_classification_dag.py', '--cfg-path', '/tmp/tmpmea8as23']
[2025-11-30T09:42:08.676+0000] {standard_task_runner.py:64} INFO - Started process 997 to run task
[2025-11-30T09:42:08.677+0000] {standard_task_runner.py:91} INFO - Job 26: Subtask load_data
[2025-11-30T09:42:08.696+0000] {logging_mixin.py:188} WARNING - /home/***/.local/lib/python3.12/site-packages/***/settings.py:195 DeprecationWarning: The sql_alchemy_conn option in [core] has been moved to the sql_alchemy_conn option in [database] - the old setting has been used, but please update your config.
[2025-11-30T09:42:08.769+0000] {task_command.py:426} INFO - Running <TaskInstance: iris_classification.load_data manual__2025-11-30T09:42:06.951563+00:00 [running]> on host b0ec58fbce72
[2025-11-30T09:42:08.841+0000] {taskinstance.py:2648} INFO - Exporting env vars: AIRFLOW_CTX_DAG_OWNER='***' AIRFLOW_CTX_DAG_ID='iris_classification' AIRFLOW_CTX_TASK_ID='load_data' AIRFLOW_CTX_EXECUTION_DATE='2025-11-30T09:42:06.951563+00:00' AIRFLOW_CTX_TRY_NUMBER='1' AIRFLOW_CTX_DAG_RUN_ID='manual__2025-11-30T09:42:06.951563+00:00'
[2025-11-30T09:42:08.849+0000] {taskinstance.py:430} INFO - ::endgroup::
[2025-11-30T09:42:08.925+0000] {logging_mixin.py:188} INFO - Data saved to /opt/***/data/iris_raw.csv
[2025-11-30T09:42:08.937+0000] {python.py:237} INFO - Done. Returned value was: None
[2025-11-30T09:42:08.947+0000] {taskinstance.py:441} INFO - ::group::Post task execution logs
[2025-11-30T09:42:08.970+0000] {taskinstance.py:1206} INFO - Marking task as SUCCESS. dag_id=iris_classification, task_id=load_data, run_id=manual__2025-11-30T09:42:06.951563+00:00, execution_date=20251130T094206, start_date=20251130T094208, end_date=20251130T094208
[2025-11-30T09:42:09.030+0000] {local_task_job_runner.py:243} INFO - Task exited with return code 0
[2025-11-30T09:42:09.053+0000] {taskinstance.py:3503} INFO - 1 downstream tasks scheduled from follow-on schedule check
[2025-11-30T09:42:09.060+0000] {local_task_job_runner.py:222} INFO - ::endgroup::
