[2025-11-30T05:47:23.178+0000] {local_task_job_runner.py:120} INFO - ::group::Pre task execution logs
[2025-11-30T05:47:23.198+0000] {taskinstance.py:2076} INFO - Dependencies all met for dep_context=non-requeueable deps ti=<TaskInstance: iris_classification.preprocess manual__2025-11-30T05:47:19.812617+00:00 [queued]>
[2025-11-30T05:47:23.205+0000] {taskinstance.py:2076} INFO - Dependencies all met for dep_context=requeueable deps ti=<TaskInstance: iris_classification.preprocess manual__2025-11-30T05:47:19.812617+00:00 [queued]>
[2025-11-30T05:47:23.206+0000] {taskinstance.py:2306} INFO - Starting attempt 1 of 1
[2025-11-30T05:47:23.219+0000] {taskinstance.py:2330} INFO - Executing <Task(PythonOperator): preprocess> on 2025-11-30 05:47:19.812617+00:00
[2025-11-30T05:47:23.228+0000] {logging_mixin.py:188} WARNING - /home/***/.local/lib/python3.12/site-packages/***/task/task_runner/standard_task_runner.py:62 DeprecationWarning: This process (pid=761) is multi-threaded, use of fork() may lead to deadlocks in the child.
[2025-11-30T05:47:23.228+0000] {standard_task_runner.py:90} INFO - Running: ['***', 'tasks', 'run', 'iris_classification', 'preprocess', 'manual__2025-11-30T05:47:19.812617+00:00', '--job-id', '8', '--raw', '--subdir', 'DAGS_FOLDER/iris_classification_dag.py', '--cfg-path', '/tmp/tmpp0d1j07g']
[2025-11-30T05:47:23.230+0000] {standard_task_runner.py:64} INFO - Started process 782 to run task
[2025-11-30T05:47:23.231+0000] {standard_task_runner.py:91} INFO - Job 8: Subtask preprocess
[2025-11-30T05:47:22.912+0000] {logging_mixin.py:188} WARNING - /home/***/.local/lib/python3.12/site-packages/***/settings.py:195 DeprecationWarning: The sql_alchemy_conn option in [core] has been moved to the sql_alchemy_conn option in [database] - the old setting has been used, but please update your config.
[2025-11-30T05:47:22.962+0000] {task_command.py:426} INFO - Running <TaskInstance: iris_classification.preprocess manual__2025-11-30T05:47:19.812617+00:00 [running]> on host b0ec58fbce72
[2025-11-30T05:47:23.025+0000] {taskinstance.py:2648} INFO - Exporting env vars: AIRFLOW_CTX_DAG_OWNER='***' AIRFLOW_CTX_DAG_ID='iris_classification' AIRFLOW_CTX_TASK_ID='preprocess' AIRFLOW_CTX_EXECUTION_DATE='2025-11-30T05:47:19.812617+00:00' AIRFLOW_CTX_TRY_NUMBER='1' AIRFLOW_CTX_DAG_RUN_ID='manual__2025-11-30T05:47:19.812617+00:00'
[2025-11-30T05:47:23.027+0000] {taskinstance.py:430} INFO - ::endgroup::
[2025-11-30T05:47:23.052+0000] {logging_mixin.py:188} INFO - Preprocessed data saved.
[2025-11-30T05:47:23.053+0000] {python.py:237} INFO - Done. Returned value was: None
[2025-11-30T05:47:23.053+0000] {taskinstance.py:441} INFO - ::group::Post task execution logs
[2025-11-30T05:47:23.060+0000] {taskinstance.py:1206} INFO - Marking task as SUCCESS. dag_id=iris_classification, task_id=preprocess, run_id=manual__2025-11-30T05:47:19.812617+00:00, execution_date=20251130T054719, start_date=20251130T054723, end_date=20251130T054723
[2025-11-30T05:47:23.075+0000] {local_task_job_runner.py:243} INFO - Task exited with return code 0
[2025-11-30T05:47:23.091+0000] {taskinstance.py:3503} INFO - 1 downstream tasks scheduled from follow-on schedule check
[2025-11-30T05:47:23.096+0000] {local_task_job_runner.py:222} INFO - ::endgroup::
