[2025-11-30T05:39:04.778+0000] {local_task_job_runner.py:120} INFO - ::group::Pre task execution logs
[2025-11-30T05:39:04.799+0000] {taskinstance.py:2076} INFO - Dependencies all met for dep_context=non-requeueable deps ti=<TaskInstance: iris_classification.train_model manual__2025-11-30T05:38:59.833094+00:00 [queued]>
[2025-11-30T05:39:04.805+0000] {taskinstance.py:2076} INFO - Dependencies all met for dep_context=requeueable deps ti=<TaskInstance: iris_classification.train_model manual__2025-11-30T05:38:59.833094+00:00 [queued]>
[2025-11-30T05:39:04.806+0000] {taskinstance.py:2306} INFO - Starting attempt 1 of 1
[2025-11-30T05:39:04.816+0000] {taskinstance.py:2330} INFO - Executing <Task(PythonOperator): train_model> on 2025-11-30 05:38:59.833094+00:00
[2025-11-30T05:39:04.825+0000] {logging_mixin.py:188} WARNING - /home/***/.local/lib/python3.12/site-packages/***/task/task_runner/standard_task_runner.py:62 DeprecationWarning: This process (pid=295) is multi-threaded, use of fork() may lead to deadlocks in the child.
[2025-11-30T05:39:04.825+0000] {standard_task_runner.py:90} INFO - Running: ['***', 'tasks', 'run', 'iris_classification', 'train_model', 'manual__2025-11-30T05:38:59.833094+00:00', '--job-id', '5', '--raw', '--subdir', 'DAGS_FOLDER/iris_classification_dag.py', '--cfg-path', '/tmp/tmpm7c2msve']
[2025-11-30T05:39:04.827+0000] {standard_task_runner.py:64} INFO - Started process 316 to run task
[2025-11-30T05:39:04.828+0000] {standard_task_runner.py:91} INFO - Job 5: Subtask train_model
[2025-11-30T05:39:04.842+0000] {logging_mixin.py:188} WARNING - /home/***/.local/lib/python3.12/site-packages/***/settings.py:195 DeprecationWarning: The sql_alchemy_conn option in [core] has been moved to the sql_alchemy_conn option in [database] - the old setting has been used, but please update your config.
[2025-11-30T05:39:04.891+0000] {task_command.py:426} INFO - Running <TaskInstance: iris_classification.train_model manual__2025-11-30T05:38:59.833094+00:00 [running]> on host b0ec58fbce72
[2025-11-30T05:39:04.954+0000] {taskinstance.py:2648} INFO - Exporting env vars: AIRFLOW_CTX_DAG_OWNER='***' AIRFLOW_CTX_DAG_ID='iris_classification' AIRFLOW_CTX_TASK_ID='train_model' AIRFLOW_CTX_EXECUTION_DATE='2025-11-30T05:38:59.833094+00:00' AIRFLOW_CTX_TRY_NUMBER='1' AIRFLOW_CTX_DAG_RUN_ID='manual__2025-11-30T05:38:59.833094+00:00'
[2025-11-30T05:39:04.955+0000] {taskinstance.py:430} INFO - ::endgroup::
[2025-11-30T05:39:05.039+0000] {logging_mixin.py:188} INFO - Model trained and saved.
[2025-11-30T05:39:05.040+0000] {python.py:237} INFO - Done. Returned value was: None
[2025-11-30T05:39:05.041+0000] {taskinstance.py:441} INFO - ::group::Post task execution logs
[2025-11-30T05:39:05.049+0000] {taskinstance.py:1206} INFO - Marking task as SUCCESS. dag_id=iris_classification, task_id=train_model, run_id=manual__2025-11-30T05:38:59.833094+00:00, execution_date=20251130T053859, start_date=20251130T053904, end_date=20251130T053905
[2025-11-30T05:39:05.090+0000] {local_task_job_runner.py:243} INFO - Task exited with return code 0
[2025-11-30T05:39:05.105+0000] {taskinstance.py:3503} INFO - 1 downstream tasks scheduled from follow-on schedule check
[2025-11-30T05:39:05.109+0000] {local_task_job_runner.py:222} INFO - ::endgroup::
