[2025-11-30T16:56:06.231+0000] {local_task_job_runner.py:120} INFO - ::group::Pre task execution logs
[2025-11-30T16:56:06.262+0000] {taskinstance.py:2076} INFO - Dependencies all met for dep_context=non-requeueable deps ti=<TaskInstance: energy_consumption_dag.preprocess_energy manual__2025-11-30T16:56:04.008257+00:00 [queued]>
[2025-11-30T16:56:06.269+0000] {taskinstance.py:2076} INFO - Dependencies all met for dep_context=requeueable deps ti=<TaskInstance: energy_consumption_dag.preprocess_energy manual__2025-11-30T16:56:04.008257+00:00 [queued]>
[2025-11-30T16:56:06.270+0000] {taskinstance.py:2306} INFO - Starting attempt 1 of 1
[2025-11-30T16:56:06.283+0000] {taskinstance.py:2330} INFO - Executing <Task(PythonOperator): preprocess_energy> on 2025-11-30 16:56:04.008257+00:00
[2025-11-30T16:56:06.290+0000] {logging_mixin.py:188} WARNING - /home/***/.local/lib/python3.12/site-packages/***/task/task_runner/standard_task_runner.py:62 DeprecationWarning: This process (pid=891) is multi-threaded, use of fork() may lead to deadlocks in the child.
[2025-11-30T16:56:06.290+0000] {standard_task_runner.py:90} INFO - Running: ['***', 'tasks', 'run', 'energy_consumption_dag', 'preprocess_energy', 'manual__2025-11-30T16:56:04.008257+00:00', '--job-id', '43', '--raw', '--subdir', 'DAGS_FOLDER/energy_consumption_dag.py', '--cfg-path', '/tmp/tmpyqclefdx']
[2025-11-30T16:56:06.292+0000] {standard_task_runner.py:64} INFO - Started process 892 to run task
[2025-11-30T16:56:06.293+0000] {standard_task_runner.py:91} INFO - Job 43: Subtask preprocess_energy
[2025-11-30T16:56:06.309+0000] {logging_mixin.py:188} WARNING - /home/***/.local/lib/python3.12/site-packages/***/settings.py:195 DeprecationWarning: The sql_alchemy_conn option in [core] has been moved to the sql_alchemy_conn option in [database] - the old setting has been used, but please update your config.
[2025-11-30T16:56:06.363+0000] {task_command.py:426} INFO - Running <TaskInstance: energy_consumption_dag.preprocess_energy manual__2025-11-30T16:56:04.008257+00:00 [running]> on host 251ca1b54482
[2025-11-30T16:56:06.444+0000] {taskinstance.py:2648} INFO - Exporting env vars: AIRFLOW_CTX_DAG_OWNER='***' AIRFLOW_CTX_DAG_ID='energy_consumption_dag' AIRFLOW_CTX_TASK_ID='preprocess_energy' AIRFLOW_CTX_EXECUTION_DATE='2025-11-30T16:56:04.008257+00:00' AIRFLOW_CTX_TRY_NUMBER='1' AIRFLOW_CTX_DAG_RUN_ID='manual__2025-11-30T16:56:04.008257+00:00'
[2025-11-30T16:56:06.445+0000] {taskinstance.py:430} INFO - ::endgroup::
[2025-11-30T16:56:07.899+0000] {logging_mixin.py:188} INFO - Preprocessed energy saved: /opt/***/data/energy_processed.csv
[2025-11-30T16:56:07.900+0000] {python.py:237} INFO - Done. Returned value was: None
[2025-11-30T16:56:07.901+0000] {taskinstance.py:441} INFO - ::group::Post task execution logs
[2025-11-30T16:56:07.912+0000] {taskinstance.py:1206} INFO - Marking task as SUCCESS. dag_id=energy_consumption_dag, task_id=preprocess_energy, run_id=manual__2025-11-30T16:56:04.008257+00:00, execution_date=20251130T165604, start_date=20251130T165606, end_date=20251130T165607
[2025-11-30T16:56:07.958+0000] {local_task_job_runner.py:243} INFO - Task exited with return code 0
[2025-11-30T16:56:08.001+0000] {taskinstance.py:3503} INFO - 1 downstream tasks scheduled from follow-on schedule check
[2025-11-30T16:56:08.008+0000] {local_task_job_runner.py:222} INFO - ::endgroup::
