[2025-11-30T16:56:35.171+0000] {local_task_job_runner.py:120} INFO - ::group::Pre task execution logs
[2025-11-30T16:56:35.195+0000] {taskinstance.py:2076} INFO - Dependencies all met for dep_context=non-requeueable deps ti=<TaskInstance: energy_consumption_dag.preprocess_energy manual__2025-11-30T16:56:32.025513+00:00 [queued]>
[2025-11-30T16:56:35.204+0000] {taskinstance.py:2076} INFO - Dependencies all met for dep_context=requeueable deps ti=<TaskInstance: energy_consumption_dag.preprocess_energy manual__2025-11-30T16:56:32.025513+00:00 [queued]>
[2025-11-30T16:56:35.205+0000] {taskinstance.py:2306} INFO - Starting attempt 1 of 1
[2025-11-30T16:56:35.216+0000] {taskinstance.py:2330} INFO - Executing <Task(PythonOperator): preprocess_energy> on 2025-11-30 16:56:32.025513+00:00
[2025-11-30T16:56:35.222+0000] {logging_mixin.py:188} WARNING - /home/***/.local/lib/python3.12/site-packages/***/task/task_runner/standard_task_runner.py:62 DeprecationWarning: This process (pid=1108) is multi-threaded, use of fork() may lead to deadlocks in the child.
[2025-11-30T16:56:35.222+0000] {standard_task_runner.py:90} INFO - Running: ['***', 'tasks', 'run', 'energy_consumption_dag', 'preprocess_energy', 'manual__2025-11-30T16:56:32.025513+00:00', '--job-id', '51', '--raw', '--subdir', 'DAGS_FOLDER/energy_consumption_dag.py', '--cfg-path', '/tmp/tmpaq3nls28']
[2025-11-30T16:56:35.224+0000] {standard_task_runner.py:64} INFO - Started process 1109 to run task
[2025-11-30T16:56:35.224+0000] {standard_task_runner.py:91} INFO - Job 51: Subtask preprocess_energy
[2025-11-30T16:56:35.237+0000] {logging_mixin.py:188} WARNING - /home/***/.local/lib/python3.12/site-packages/***/settings.py:195 DeprecationWarning: The sql_alchemy_conn option in [core] has been moved to the sql_alchemy_conn option in [database] - the old setting has been used, but please update your config.
[2025-11-30T16:56:35.284+0000] {task_command.py:426} INFO - Running <TaskInstance: energy_consumption_dag.preprocess_energy manual__2025-11-30T16:56:32.025513+00:00 [running]> on host 251ca1b54482
[2025-11-30T16:56:35.350+0000] {taskinstance.py:2648} INFO - Exporting env vars: AIRFLOW_CTX_DAG_OWNER='***' AIRFLOW_CTX_DAG_ID='energy_consumption_dag' AIRFLOW_CTX_TASK_ID='preprocess_energy' AIRFLOW_CTX_EXECUTION_DATE='2025-11-30T16:56:32.025513+00:00' AIRFLOW_CTX_TRY_NUMBER='1' AIRFLOW_CTX_DAG_RUN_ID='manual__2025-11-30T16:56:32.025513+00:00'
[2025-11-30T16:56:35.351+0000] {taskinstance.py:430} INFO - ::endgroup::
[2025-11-30T16:56:36.619+0000] {logging_mixin.py:188} INFO - Preprocessed energy saved: /opt/***/data/energy_processed.csv
[2025-11-30T16:56:36.620+0000] {python.py:237} INFO - Done. Returned value was: None
[2025-11-30T16:56:36.622+0000] {taskinstance.py:441} INFO - ::group::Post task execution logs
[2025-11-30T16:56:36.631+0000] {taskinstance.py:1206} INFO - Marking task as SUCCESS. dag_id=energy_consumption_dag, task_id=preprocess_energy, run_id=manual__2025-11-30T16:56:32.025513+00:00, execution_date=20251130T165632, start_date=20251130T165635, end_date=20251130T165636
[2025-11-30T16:56:36.663+0000] {local_task_job_runner.py:243} INFO - Task exited with return code 0
[2025-11-30T16:56:36.684+0000] {taskinstance.py:3503} INFO - 1 downstream tasks scheduled from follow-on schedule check
[2025-11-30T16:56:36.687+0000] {local_task_job_runner.py:222} INFO - ::endgroup::
