[2025-11-30T09:38:19.190+0000] {local_task_job_runner.py:120} INFO - ::group::Pre task execution logs
[2025-11-30T09:38:19.212+0000] {taskinstance.py:2076} INFO - Dependencies all met for dep_context=non-requeueable deps ti=<TaskInstance: heart_train_dag.load_dataset manual__2025-11-30T09:38:17.041176+00:00 [queued]>
[2025-11-30T09:38:19.220+0000] {taskinstance.py:2076} INFO - Dependencies all met for dep_context=requeueable deps ti=<TaskInstance: heart_train_dag.load_dataset manual__2025-11-30T09:38:17.041176+00:00 [queued]>
[2025-11-30T09:38:19.221+0000] {taskinstance.py:2306} INFO - Starting attempt 1 of 1
[2025-11-30T09:38:19.232+0000] {taskinstance.py:2330} INFO - Executing <Task(PythonOperator): load_dataset> on 2025-11-30 09:38:17.041176+00:00
[2025-11-30T09:38:19.241+0000] {logging_mixin.py:188} WARNING - /home/***/.local/lib/python3.12/site-packages/***/task/task_runner/standard_task_runner.py:62 DeprecationWarning: This process (pid=406) is multi-threaded, use of fork() may lead to deadlocks in the child.
[2025-11-30T09:38:19.242+0000] {standard_task_runner.py:64} INFO - Started process 427 to run task
[2025-11-30T09:38:19.241+0000] {standard_task_runner.py:90} INFO - Running: ['***', 'tasks', 'run', 'heart_train_dag', 'load_dataset', 'manual__2025-11-30T09:38:17.041176+00:00', '--job-id', '16', '--raw', '--subdir', 'DAGS_FOLDER/heart_train_dag.py', '--cfg-path', '/tmp/tmpmej4c1ip']
[2025-11-30T09:38:19.244+0000] {standard_task_runner.py:91} INFO - Job 16: Subtask load_dataset
[2025-11-30T09:38:19.256+0000] {logging_mixin.py:188} WARNING - /home/***/.local/lib/python3.12/site-packages/***/settings.py:195 DeprecationWarning: The sql_alchemy_conn option in [core] has been moved to the sql_alchemy_conn option in [database] - the old setting has been used, but please update your config.
[2025-11-30T09:38:19.316+0000] {task_command.py:426} INFO - Running <TaskInstance: heart_train_dag.load_dataset manual__2025-11-30T09:38:17.041176+00:00 [running]> on host b0ec58fbce72
[2025-11-30T09:38:19.384+0000] {taskinstance.py:2648} INFO - Exporting env vars: AIRFLOW_CTX_DAG_OWNER='***' AIRFLOW_CTX_DAG_ID='heart_train_dag' AIRFLOW_CTX_TASK_ID='load_dataset' AIRFLOW_CTX_EXECUTION_DATE='2025-11-30T09:38:17.041176+00:00' AIRFLOW_CTX_TRY_NUMBER='1' AIRFLOW_CTX_DAG_RUN_ID='manual__2025-11-30T09:38:17.041176+00:00'
[2025-11-30T09:38:19.385+0000] {taskinstance.py:430} INFO - ::endgroup::
[2025-11-30T09:38:19.452+0000] {logging_mixin.py:188} INFO -    Age Sex ChestPainType  ...  Oldpeak  ST_Slope  HeartDisease
0   40   M           ATA  ...      0.0        Up             0
1   49   F           NAP  ...      1.0      Flat             1
2   37   M           ATA  ...      0.0        Up             0
3   48   F           ASY  ...      1.5      Flat             1
4   54   M           NAP  ...      0.0        Up             0

[5 rows x 12 columns]
[2025-11-30T09:38:19.455+0000] {python.py:237} INFO - Done. Returned value was: 918
[2025-11-30T09:38:19.456+0000] {taskinstance.py:441} INFO - ::group::Post task execution logs
[2025-11-30T09:38:19.478+0000] {taskinstance.py:1206} INFO - Marking task as SUCCESS. dag_id=heart_train_dag, task_id=load_dataset, run_id=manual__2025-11-30T09:38:17.041176+00:00, execution_date=20251130T093817, start_date=20251130T093819, end_date=20251130T093819
[2025-11-30T09:38:19.510+0000] {local_task_job_runner.py:243} INFO - Task exited with return code 0
[2025-11-30T09:38:19.529+0000] {taskinstance.py:3503} INFO - 1 downstream tasks scheduled from follow-on schedule check
[2025-11-30T09:38:19.532+0000] {local_task_job_runner.py:222} INFO - ::endgroup::
