[2025-12-01T04:48:30.187+0000] {local_task_job_runner.py:120} INFO - ::group::Pre task execution logs
[2025-12-01T04:48:30.207+0000] {taskinstance.py:2076} INFO - Dependencies all met for dep_context=non-requeueable deps ti=<TaskInstance: iris_classification.evaluate_model manual__2025-12-01T04:48:22.061015+00:00 [queued]>
[2025-12-01T04:48:30.213+0000] {taskinstance.py:2076} INFO - Dependencies all met for dep_context=requeueable deps ti=<TaskInstance: iris_classification.evaluate_model manual__2025-12-01T04:48:22.061015+00:00 [queued]>
[2025-12-01T04:48:30.214+0000] {taskinstance.py:2306} INFO - Starting attempt 1 of 1
[2025-12-01T04:48:30.223+0000] {taskinstance.py:2330} INFO - Executing <Task(PythonOperator): evaluate_model> on 2025-12-01 04:48:22.061015+00:00
[2025-12-01T04:48:30.233+0000] {logging_mixin.py:188} WARNING - /home/***/.local/lib/python3.12/site-packages/***/task/task_runner/standard_task_runner.py:62 DeprecationWarning: This process (pid=1219) is multi-threaded, use of fork() may lead to deadlocks in the child.
[2025-12-01T04:48:30.232+0000] {standard_task_runner.py:90} INFO - Running: ['***', 'tasks', 'run', 'iris_classification', 'evaluate_model', 'manual__2025-12-01T04:48:22.061015+00:00', '--job-id', '80', '--raw', '--subdir', 'DAGS_FOLDER/iris_classification_dag.py', '--cfg-path', '/tmp/tmpw_08lrvi']
[2025-12-01T04:48:30.235+0000] {standard_task_runner.py:64} INFO - Started process 1240 to run task
[2025-12-01T04:48:30.236+0000] {standard_task_runner.py:91} INFO - Job 80: Subtask evaluate_model
[2025-12-01T04:48:30.250+0000] {logging_mixin.py:188} WARNING - /home/***/.local/lib/python3.12/site-packages/***/settings.py:195 DeprecationWarning: The sql_alchemy_conn option in [core] has been moved to the sql_alchemy_conn option in [database] - the old setting has been used, but please update your config.
[2025-12-01T04:48:30.296+0000] {task_command.py:426} INFO - Running <TaskInstance: iris_classification.evaluate_model manual__2025-12-01T04:48:22.061015+00:00 [running]> on host 251ca1b54482
[2025-12-01T04:48:30.357+0000] {taskinstance.py:2648} INFO - Exporting env vars: AIRFLOW_CTX_DAG_OWNER='***' AIRFLOW_CTX_DAG_ID='iris_classification' AIRFLOW_CTX_TASK_ID='evaluate_model' AIRFLOW_CTX_EXECUTION_DATE='2025-12-01T04:48:22.061015+00:00' AIRFLOW_CTX_TRY_NUMBER='1' AIRFLOW_CTX_DAG_RUN_ID='manual__2025-12-01T04:48:22.061015+00:00'
[2025-12-01T04:48:30.359+0000] {taskinstance.py:430} INFO - ::endgroup::
[2025-12-01T04:48:30.425+0000] {logging_mixin.py:188} INFO - Test Accuracy: 1.0
[2025-12-01T04:48:30.426+0000] {python.py:237} INFO - Done. Returned value was: None
[2025-12-01T04:48:30.427+0000] {taskinstance.py:441} INFO - ::group::Post task execution logs
[2025-12-01T04:48:30.434+0000] {taskinstance.py:1206} INFO - Marking task as SUCCESS. dag_id=iris_classification, task_id=evaluate_model, run_id=manual__2025-12-01T04:48:22.061015+00:00, execution_date=20251201T044822, start_date=20251201T044830, end_date=20251201T044830
[2025-12-01T04:48:30.451+0000] {local_task_job_runner.py:243} INFO - Task exited with return code 0
[2025-12-01T04:48:30.464+0000] {taskinstance.py:3503} INFO - 0 downstream tasks scheduled from follow-on schedule check
[2025-12-01T04:48:30.466+0000] {local_task_job_runner.py:222} INFO - ::endgroup::
