[2025-12-01T04:48:23.231+0000] {local_task_job_runner.py:120} INFO - ::group::Pre task execution logs
[2025-12-01T04:48:23.258+0000] {taskinstance.py:2076} INFO - Dependencies all met for dep_context=non-requeueable deps ti=<TaskInstance: inflation_forecast_dag.preprocess_inflation manual__2025-12-01T04:48:20.430764+00:00 [queued]>
[2025-12-01T04:48:23.264+0000] {taskinstance.py:2076} INFO - Dependencies all met for dep_context=requeueable deps ti=<TaskInstance: inflation_forecast_dag.preprocess_inflation manual__2025-12-01T04:48:20.430764+00:00 [queued]>
[2025-12-01T04:48:23.265+0000] {taskinstance.py:2306} INFO - Starting attempt 1 of 1
[2025-12-01T04:48:23.274+0000] {taskinstance.py:2330} INFO - Executing <Task(PythonOperator): preprocess_inflation> on 2025-12-01 04:48:20.430764+00:00
[2025-12-01T04:48:23.280+0000] {logging_mixin.py:188} WARNING - /home/***/.local/lib/python3.12/site-packages/***/task/task_runner/standard_task_runner.py:62 DeprecationWarning: This process (pid=1025) is multi-threaded, use of fork() may lead to deadlocks in the child.
[2025-12-01T04:48:23.281+0000] {standard_task_runner.py:64} INFO - Started process 1027 to run task
[2025-12-01T04:48:23.280+0000] {standard_task_runner.py:90} INFO - Running: ['***', 'tasks', 'run', 'inflation_forecast_dag', 'preprocess_inflation', 'manual__2025-12-01T04:48:20.430764+00:00', '--job-id', '74', '--raw', '--subdir', 'DAGS_FOLDER/inflation_forecast_dag.py', '--cfg-path', '/tmp/tmp64vgac70']
[2025-12-01T04:48:23.282+0000] {standard_task_runner.py:91} INFO - Job 74: Subtask preprocess_inflation
[2025-12-01T04:48:23.294+0000] {logging_mixin.py:188} WARNING - /home/***/.local/lib/python3.12/site-packages/***/settings.py:195 DeprecationWarning: The sql_alchemy_conn option in [core] has been moved to the sql_alchemy_conn option in [database] - the old setting has been used, but please update your config.
[2025-12-01T04:48:23.340+0000] {task_command.py:426} INFO - Running <TaskInstance: inflation_forecast_dag.preprocess_inflation manual__2025-12-01T04:48:20.430764+00:00 [running]> on host 251ca1b54482
[2025-12-01T04:48:23.514+0000] {taskinstance.py:2648} INFO - Exporting env vars: AIRFLOW_CTX_DAG_OWNER='***' AIRFLOW_CTX_DAG_ID='inflation_forecast_dag' AIRFLOW_CTX_TASK_ID='preprocess_inflation' AIRFLOW_CTX_EXECUTION_DATE='2025-12-01T04:48:20.430764+00:00' AIRFLOW_CTX_TRY_NUMBER='1' AIRFLOW_CTX_DAG_RUN_ID='manual__2025-12-01T04:48:20.430764+00:00'
[2025-12-01T04:48:23.515+0000] {taskinstance.py:430} INFO - ::endgroup::
[2025-12-01T04:48:24.633+0000] {logging_mixin.py:188} INFO - Preprocessed saved: /opt/***/data/inflation_processed.csv encoders: ['country']
[2025-12-01T04:48:24.635+0000] {python.py:237} INFO - Done. Returned value was: None
[2025-12-01T04:48:24.635+0000] {taskinstance.py:441} INFO - ::group::Post task execution logs
[2025-12-01T04:48:24.646+0000] {taskinstance.py:1206} INFO - Marking task as SUCCESS. dag_id=inflation_forecast_dag, task_id=preprocess_inflation, run_id=manual__2025-12-01T04:48:20.430764+00:00, execution_date=20251201T044820, start_date=20251201T044823, end_date=20251201T044824
[2025-12-01T04:48:24.686+0000] {local_task_job_runner.py:243} INFO - Task exited with return code 0
[2025-12-01T04:48:24.705+0000] {taskinstance.py:3503} INFO - 1 downstream tasks scheduled from follow-on schedule check
[2025-12-01T04:48:24.707+0000] {local_task_job_runner.py:222} INFO - ::endgroup::
