[2025-12-01T07:31:34.824+0000] {local_task_job_runner.py:120} INFO - ::group::Pre task execution logs
[2025-12-01T07:31:34.848+0000] {taskinstance.py:2076} INFO - Dependencies all met for dep_context=non-requeueable deps ti=<TaskInstance: energy_consumption_dag.evaluate_energy_model manual__2025-12-01T07:31:20.525301+00:00 [queued]>
[2025-12-01T07:31:34.854+0000] {taskinstance.py:2076} INFO - Dependencies all met for dep_context=requeueable deps ti=<TaskInstance: energy_consumption_dag.evaluate_energy_model manual__2025-12-01T07:31:20.525301+00:00 [queued]>
[2025-12-01T07:31:34.855+0000] {taskinstance.py:2306} INFO - Starting attempt 1 of 1
[2025-12-01T07:31:34.864+0000] {taskinstance.py:2330} INFO - Executing <Task(PythonOperator): evaluate_energy_model> on 2025-12-01 07:31:20.525301+00:00
[2025-12-01T07:31:34.870+0000] {logging_mixin.py:188} WARNING - /home/***/.local/lib/python3.12/site-packages/***/task/task_runner/standard_task_runner.py:62 DeprecationWarning: This process (pid=3713) is multi-threaded, use of fork() may lead to deadlocks in the child.
[2025-12-01T07:31:34.872+0000] {standard_task_runner.py:64} INFO - Started process 3714 to run task
[2025-12-01T07:31:34.872+0000] {standard_task_runner.py:90} INFO - Running: ['***', 'tasks', 'run', 'energy_consumption_dag', 'evaluate_energy_model', 'manual__2025-12-01T07:31:20.525301+00:00', '--job-id', '114', '--raw', '--subdir', 'DAGS_FOLDER/energy_consumption_dag.py', '--cfg-path', '/tmp/tmpiuqchhn1']
[2025-12-01T07:31:34.874+0000] {standard_task_runner.py:91} INFO - Job 114: Subtask evaluate_energy_model
[2025-12-01T07:31:34.885+0000] {logging_mixin.py:188} WARNING - /home/***/.local/lib/python3.12/site-packages/***/settings.py:195 DeprecationWarning: The sql_alchemy_conn option in [core] has been moved to the sql_alchemy_conn option in [database] - the old setting has been used, but please update your config.
[2025-12-01T07:31:34.925+0000] {task_command.py:426} INFO - Running <TaskInstance: energy_consumption_dag.evaluate_energy_model manual__2025-12-01T07:31:20.525301+00:00 [running]> on host 251ca1b54482
[2025-12-01T07:31:34.987+0000] {taskinstance.py:2648} INFO - Exporting env vars: AIRFLOW_CTX_DAG_OWNER='***' AIRFLOW_CTX_DAG_ID='energy_consumption_dag' AIRFLOW_CTX_TASK_ID='evaluate_energy_model' AIRFLOW_CTX_EXECUTION_DATE='2025-12-01T07:31:20.525301+00:00' AIRFLOW_CTX_TRY_NUMBER='1' AIRFLOW_CTX_DAG_RUN_ID='manual__2025-12-01T07:31:20.525301+00:00'
[2025-12-01T07:31:34.988+0000] {taskinstance.py:430} INFO - ::endgroup::
[2025-12-01T07:31:36.412+0000] {logging_mixin.py:188} INFO - Full eval MSE: 113668.59623604729
[2025-12-01T07:31:36.429+0000] {python.py:237} INFO - Done. Returned value was: None
[2025-12-01T07:31:36.430+0000] {taskinstance.py:441} INFO - ::group::Post task execution logs
[2025-12-01T07:31:36.437+0000] {taskinstance.py:1206} INFO - Marking task as SUCCESS. dag_id=energy_consumption_dag, task_id=evaluate_energy_model, run_id=manual__2025-12-01T07:31:20.525301+00:00, execution_date=20251201T073120, start_date=20251201T073134, end_date=20251201T073136
[2025-12-01T07:31:36.459+0000] {local_task_job_runner.py:243} INFO - Task exited with return code 0
[2025-12-01T07:31:36.472+0000] {taskinstance.py:3503} INFO - 0 downstream tasks scheduled from follow-on schedule check
[2025-12-01T07:31:36.474+0000] {local_task_job_runner.py:222} INFO - ::endgroup::
