[2025-11-30T16:56:04.642+0000] {local_task_job_runner.py:120} INFO - ::group::Pre task execution logs
[2025-11-30T16:56:04.682+0000] {taskinstance.py:2076} INFO - Dependencies all met for dep_context=non-requeueable deps ti=<TaskInstance: energy_consumption_dag.ingest_energy manual__2025-11-30T16:56:04.008257+00:00 [queued]>
[2025-11-30T16:56:04.693+0000] {taskinstance.py:2076} INFO - Dependencies all met for dep_context=requeueable deps ti=<TaskInstance: energy_consumption_dag.ingest_energy manual__2025-11-30T16:56:04.008257+00:00 [queued]>
[2025-11-30T16:56:04.694+0000] {taskinstance.py:2306} INFO - Starting attempt 1 of 1
[2025-11-30T16:56:04.706+0000] {taskinstance.py:2330} INFO - Executing <Task(PythonOperator): ingest_energy> on 2025-11-30 16:56:04.008257+00:00
[2025-11-30T16:56:04.715+0000] {logging_mixin.py:188} WARNING - /home/***/.local/lib/python3.12/site-packages/***/task/task_runner/standard_task_runner.py:62 DeprecationWarning: This process (pid=888) is multi-threaded, use of fork() may lead to deadlocks in the child.
[2025-11-30T16:56:04.717+0000] {standard_task_runner.py:64} INFO - Started process 889 to run task
[2025-11-30T16:56:04.715+0000] {standard_task_runner.py:90} INFO - Running: ['***', 'tasks', 'run', 'energy_consumption_dag', 'ingest_energy', 'manual__2025-11-30T16:56:04.008257+00:00', '--job-id', '42', '--raw', '--subdir', 'DAGS_FOLDER/energy_consumption_dag.py', '--cfg-path', '/tmp/tmpiz13rovm']
[2025-11-30T16:56:04.719+0000] {standard_task_runner.py:91} INFO - Job 42: Subtask ingest_energy
[2025-11-30T16:56:04.740+0000] {logging_mixin.py:188} WARNING - /home/***/.local/lib/python3.12/site-packages/***/settings.py:195 DeprecationWarning: The sql_alchemy_conn option in [core] has been moved to the sql_alchemy_conn option in [database] - the old setting has been used, but please update your config.
[2025-11-30T16:56:04.812+0000] {task_command.py:426} INFO - Running <TaskInstance: energy_consumption_dag.ingest_energy manual__2025-11-30T16:56:04.008257+00:00 [running]> on host 251ca1b54482
[2025-11-30T16:56:04.910+0000] {taskinstance.py:2648} INFO - Exporting env vars: AIRFLOW_CTX_DAG_OWNER='***' AIRFLOW_CTX_DAG_ID='energy_consumption_dag' AIRFLOW_CTX_TASK_ID='ingest_energy' AIRFLOW_CTX_EXECUTION_DATE='2025-11-30T16:56:04.008257+00:00' AIRFLOW_CTX_TRY_NUMBER='1' AIRFLOW_CTX_DAG_RUN_ID='manual__2025-11-30T16:56:04.008257+00:00'
[2025-11-30T16:56:04.912+0000] {taskinstance.py:430} INFO - ::endgroup::
[2025-11-30T16:56:05.743+0000] {logging_mixin.py:188} INFO - Ingested energy: /opt/***/data/energy_raw.csv shape (50000, 6)
[2025-11-30T16:56:05.745+0000] {python.py:237} INFO - Done. Returned value was: None
[2025-11-30T16:56:05.746+0000] {taskinstance.py:441} INFO - ::group::Post task execution logs
[2025-11-30T16:56:05.769+0000] {taskinstance.py:1206} INFO - Marking task as SUCCESS. dag_id=energy_consumption_dag, task_id=ingest_energy, run_id=manual__2025-11-30T16:56:04.008257+00:00, execution_date=20251130T165604, start_date=20251130T165604, end_date=20251130T165605
[2025-11-30T16:56:05.819+0000] {local_task_job_runner.py:243} INFO - Task exited with return code 0
[2025-11-30T16:56:05.842+0000] {taskinstance.py:3503} INFO - 1 downstream tasks scheduled from follow-on schedule check
[2025-11-30T16:56:05.845+0000] {local_task_job_runner.py:222} INFO - ::endgroup::
