[2025-12-01T07:31:22.141+0000] {local_task_job_runner.py:120} INFO - ::group::Pre task execution logs
[2025-12-01T07:31:22.164+0000] {taskinstance.py:2076} INFO - Dependencies all met for dep_context=non-requeueable deps ti=<TaskInstance: heart_train_dag.load_dataset manual__2025-12-01T07:31:21.547689+00:00 [queued]>
[2025-12-01T07:31:22.170+0000] {taskinstance.py:2076} INFO - Dependencies all met for dep_context=requeueable deps ti=<TaskInstance: heart_train_dag.load_dataset manual__2025-12-01T07:31:21.547689+00:00 [queued]>
[2025-12-01T07:31:22.170+0000] {taskinstance.py:2306} INFO - Starting attempt 1 of 1
[2025-12-01T07:31:22.181+0000] {taskinstance.py:2330} INFO - Executing <Task(PythonOperator): load_dataset> on 2025-12-01 07:31:21.547689+00:00
[2025-12-01T07:31:22.187+0000] {logging_mixin.py:188} WARNING - /home/***/.local/lib/python3.12/site-packages/***/task/task_runner/standard_task_runner.py:62 DeprecationWarning: This process (pid=3428) is multi-threaded, use of fork() may lead to deadlocks in the child.
[2025-12-01T07:31:22.188+0000] {standard_task_runner.py:64} INFO - Started process 3432 to run task
[2025-12-01T07:31:22.188+0000] {standard_task_runner.py:90} INFO - Running: ['***', 'tasks', 'run', 'heart_train_dag', 'load_dataset', 'manual__2025-12-01T07:31:21.547689+00:00', '--job-id', '102', '--raw', '--subdir', 'DAGS_FOLDER/heart_train_dag.py', '--cfg-path', '/tmp/tmpufircs3o']
[2025-12-01T07:31:22.190+0000] {standard_task_runner.py:91} INFO - Job 102: Subtask load_dataset
[2025-12-01T07:31:22.200+0000] {logging_mixin.py:188} WARNING - /home/***/.local/lib/python3.12/site-packages/***/settings.py:195 DeprecationWarning: The sql_alchemy_conn option in [core] has been moved to the sql_alchemy_conn option in [database] - the old setting has been used, but please update your config.
[2025-12-01T07:31:22.240+0000] {task_command.py:426} INFO - Running <TaskInstance: heart_train_dag.load_dataset manual__2025-12-01T07:31:21.547689+00:00 [running]> on host 251ca1b54482
[2025-12-01T07:31:22.450+0000] {taskinstance.py:2648} INFO - Exporting env vars: AIRFLOW_CTX_DAG_OWNER='***' AIRFLOW_CTX_DAG_ID='heart_train_dag' AIRFLOW_CTX_TASK_ID='load_dataset' AIRFLOW_CTX_EXECUTION_DATE='2025-12-01T07:31:21.547689+00:00' AIRFLOW_CTX_TRY_NUMBER='1' AIRFLOW_CTX_DAG_RUN_ID='manual__2025-12-01T07:31:21.547689+00:00'
[2025-12-01T07:31:22.452+0000] {taskinstance.py:430} INFO - ::endgroup::
[2025-12-01T07:31:22.495+0000] {logging_mixin.py:188} INFO -    Age Sex ChestPainType  ...  Oldpeak  ST_Slope  HeartDisease
0   40   M           ATA  ...      0.0        Up             0
1   49   F           NAP  ...      1.0      Flat             1
2   37   M           ATA  ...      0.0        Up             0
3   48   F           ASY  ...      1.5      Flat             1
4   54   M           NAP  ...      0.0        Up             0

[5 rows x 12 columns]
[2025-12-01T07:31:22.496+0000] {python.py:237} INFO - Done. Returned value was: 918
[2025-12-01T07:31:22.496+0000] {taskinstance.py:441} INFO - ::group::Post task execution logs
[2025-12-01T07:31:22.518+0000] {taskinstance.py:1206} INFO - Marking task as SUCCESS. dag_id=heart_train_dag, task_id=load_dataset, run_id=manual__2025-12-01T07:31:21.547689+00:00, execution_date=20251201T073121, start_date=20251201T073122, end_date=20251201T073122
[2025-12-01T07:31:22.573+0000] {local_task_job_runner.py:243} INFO - Task exited with return code 0
[2025-12-01T07:31:22.630+0000] {taskinstance.py:3503} INFO - 1 downstream tasks scheduled from follow-on schedule check
[2025-12-01T07:31:22.632+0000] {local_task_job_runner.py:222} INFO - ::endgroup::
