[2025-12-01T07:23:09.550+0000] {local_task_job_runner.py:120} INFO - ::group::Pre task execution logs
[2025-12-01T07:23:09.570+0000] {taskinstance.py:2076} INFO - Dependencies all met for dep_context=non-requeueable deps ti=<TaskInstance: iris_classification.load_data manual__2025-12-01T07:23:08.023735+00:00 [queued]>
[2025-12-01T07:23:09.576+0000] {taskinstance.py:2076} INFO - Dependencies all met for dep_context=requeueable deps ti=<TaskInstance: iris_classification.load_data manual__2025-12-01T07:23:08.023735+00:00 [queued]>
[2025-12-01T07:23:09.577+0000] {taskinstance.py:2306} INFO - Starting attempt 1 of 1
[2025-12-01T07:23:09.587+0000] {taskinstance.py:2330} INFO - Executing <Task(PythonOperator): load_data> on 2025-12-01 07:23:08.023735+00:00
[2025-12-01T07:23:09.596+0000] {logging_mixin.py:188} WARNING - /home/***/.local/lib/python3.12/site-packages/***/task/task_runner/standard_task_runner.py:62 DeprecationWarning: This process (pid=2740) is multi-threaded, use of fork() may lead to deadlocks in the child.
[2025-12-01T07:23:09.595+0000] {standard_task_runner.py:90} INFO - Running: ['***', 'tasks', 'run', 'iris_classification', 'load_data', 'manual__2025-12-01T07:23:08.023735+00:00', '--job-id', '95', '--raw', '--subdir', 'DAGS_FOLDER/iris_classification_dag.py', '--cfg-path', '/tmp/tmpqji5ejz6']
[2025-12-01T07:23:09.597+0000] {standard_task_runner.py:64} INFO - Started process 2761 to run task
[2025-12-01T07:23:09.598+0000] {standard_task_runner.py:91} INFO - Job 95: Subtask load_data
[2025-12-01T07:23:09.612+0000] {logging_mixin.py:188} WARNING - /home/***/.local/lib/python3.12/site-packages/***/settings.py:195 DeprecationWarning: The sql_alchemy_conn option in [core] has been moved to the sql_alchemy_conn option in [database] - the old setting has been used, but please update your config.
[2025-12-01T07:23:09.661+0000] {task_command.py:426} INFO - Running <TaskInstance: iris_classification.load_data manual__2025-12-01T07:23:08.023735+00:00 [running]> on host 251ca1b54482
[2025-12-01T07:23:09.727+0000] {taskinstance.py:2648} INFO - Exporting env vars: AIRFLOW_CTX_DAG_OWNER='***' AIRFLOW_CTX_DAG_ID='iris_classification' AIRFLOW_CTX_TASK_ID='load_data' AIRFLOW_CTX_EXECUTION_DATE='2025-12-01T07:23:08.023735+00:00' AIRFLOW_CTX_TRY_NUMBER='1' AIRFLOW_CTX_DAG_RUN_ID='manual__2025-12-01T07:23:08.023735+00:00'
[2025-12-01T07:23:09.728+0000] {taskinstance.py:430} INFO - ::endgroup::
[2025-12-01T07:23:09.768+0000] {logging_mixin.py:188} INFO - Data saved to /opt/***/data/iris_raw.csv
[2025-12-01T07:23:09.769+0000] {python.py:237} INFO - Done. Returned value was: None
[2025-12-01T07:23:09.770+0000] {taskinstance.py:441} INFO - ::group::Post task execution logs
[2025-12-01T07:23:09.779+0000] {taskinstance.py:1206} INFO - Marking task as SUCCESS. dag_id=iris_classification, task_id=load_data, run_id=manual__2025-12-01T07:23:08.023735+00:00, execution_date=20251201T072308, start_date=20251201T072309, end_date=20251201T072309
[2025-12-01T07:23:09.811+0000] {local_task_job_runner.py:243} INFO - Task exited with return code 0
[2025-12-01T07:23:09.829+0000] {taskinstance.py:3503} INFO - 1 downstream tasks scheduled from follow-on schedule check
[2025-12-01T07:23:09.832+0000] {local_task_job_runner.py:222} INFO - ::endgroup::
