[2025-11-30T16:56:49.478+0000] {local_task_job_runner.py:120} INFO - ::group::Pre task execution logs
[2025-11-30T16:56:49.519+0000] {taskinstance.py:2076} INFO - Dependencies all met for dep_context=non-requeueable deps ti=<TaskInstance: inflation_forecast_dag.evaluate_inflation_model manual__2025-11-30T16:56:39.060111+00:00 [queued]>
[2025-11-30T16:56:49.528+0000] {taskinstance.py:2076} INFO - Dependencies all met for dep_context=requeueable deps ti=<TaskInstance: inflation_forecast_dag.evaluate_inflation_model manual__2025-11-30T16:56:39.060111+00:00 [queued]>
[2025-11-30T16:56:49.529+0000] {taskinstance.py:2306} INFO - Starting attempt 1 of 1
[2025-11-30T16:56:49.545+0000] {taskinstance.py:2330} INFO - Executing <Task(PythonOperator): evaluate_inflation_model> on 2025-11-30 16:56:39.060111+00:00
[2025-11-30T16:56:49.552+0000] {logging_mixin.py:188} WARNING - /home/***/.local/lib/python3.12/site-packages/***/task/task_runner/standard_task_runner.py:62 DeprecationWarning: This process (pid=1362) is multi-threaded, use of fork() may lead to deadlocks in the child.
[2025-11-30T16:56:49.554+0000] {standard_task_runner.py:64} INFO - Started process 1365 to run task
[2025-11-30T16:56:49.553+0000] {standard_task_runner.py:90} INFO - Running: ['***', 'tasks', 'run', 'inflation_forecast_dag', 'evaluate_inflation_model', 'manual__2025-11-30T16:56:39.060111+00:00', '--job-id', '62', '--raw', '--subdir', 'DAGS_FOLDER/inflation_forecast_dag.py', '--cfg-path', '/tmp/tmpdp9qces9']
[2025-11-30T16:56:49.556+0000] {standard_task_runner.py:91} INFO - Job 62: Subtask evaluate_inflation_model
[2025-11-30T16:56:49.572+0000] {logging_mixin.py:188} WARNING - /home/***/.local/lib/python3.12/site-packages/***/settings.py:195 DeprecationWarning: The sql_alchemy_conn option in [core] has been moved to the sql_alchemy_conn option in [database] - the old setting has been used, but please update your config.
[2025-11-30T16:56:49.630+0000] {task_command.py:426} INFO - Running <TaskInstance: inflation_forecast_dag.evaluate_inflation_model manual__2025-11-30T16:56:39.060111+00:00 [running]> on host 251ca1b54482
[2025-11-30T16:56:49.717+0000] {taskinstance.py:2648} INFO - Exporting env vars: AIRFLOW_CTX_DAG_OWNER='***' AIRFLOW_CTX_DAG_ID='inflation_forecast_dag' AIRFLOW_CTX_TASK_ID='evaluate_inflation_model' AIRFLOW_CTX_EXECUTION_DATE='2025-11-30T16:56:39.060111+00:00' AIRFLOW_CTX_TRY_NUMBER='1' AIRFLOW_CTX_DAG_RUN_ID='manual__2025-11-30T16:56:39.060111+00:00'
[2025-11-30T16:56:49.718+0000] {taskinstance.py:430} INFO - ::endgroup::
[2025-11-30T16:56:50.995+0000] {logging_mixin.py:188} INFO - Evaluation MAE (full): 3.5053410933606113
[2025-11-30T16:56:51.081+0000] {python.py:237} INFO - Done. Returned value was: None
[2025-11-30T16:56:51.084+0000] {taskinstance.py:441} INFO - ::group::Post task execution logs
[2025-11-30T16:56:51.097+0000] {taskinstance.py:1206} INFO - Marking task as SUCCESS. dag_id=inflation_forecast_dag, task_id=evaluate_inflation_model, run_id=manual__2025-11-30T16:56:39.060111+00:00, execution_date=20251130T165639, start_date=20251130T165649, end_date=20251130T165651
[2025-11-30T16:56:51.168+0000] {local_task_job_runner.py:243} INFO - Task exited with return code 0
[2025-11-30T16:56:51.185+0000] {taskinstance.py:3503} INFO - 0 downstream tasks scheduled from follow-on schedule check
[2025-11-30T16:56:51.188+0000] {local_task_job_runner.py:222} INFO - ::endgroup::
