[2025-11-30T16:56:48.849+0000] {local_task_job_runner.py:120} INFO - ::group::Pre task execution logs
[2025-11-30T16:56:48.876+0000] {taskinstance.py:2076} INFO - Dependencies all met for dep_context=non-requeueable deps ti=<TaskInstance: iris_classification.train_model manual__2025-11-30T16:56:40.435356+00:00 [queued]>
[2025-11-30T16:56:48.883+0000] {taskinstance.py:2076} INFO - Dependencies all met for dep_context=requeueable deps ti=<TaskInstance: iris_classification.train_model manual__2025-11-30T16:56:40.435356+00:00 [queued]>
[2025-11-30T16:56:48.884+0000] {taskinstance.py:2306} INFO - Starting attempt 1 of 1
[2025-11-30T16:56:48.897+0000] {taskinstance.py:2330} INFO - Executing <Task(PythonOperator): train_model> on 2025-11-30 16:56:40.435356+00:00
[2025-11-30T16:56:48.910+0000] {logging_mixin.py:188} WARNING - /home/***/.local/lib/python3.12/site-packages/***/task/task_runner/standard_task_runner.py:62 DeprecationWarning: This process (pid=1321) is multi-threaded, use of fork() may lead to deadlocks in the child.
[2025-11-30T16:56:48.912+0000] {standard_task_runner.py:64} INFO - Started process 1361 to run task
[2025-11-30T16:56:48.911+0000] {standard_task_runner.py:90} INFO - Running: ['***', 'tasks', 'run', 'iris_classification', 'train_model', 'manual__2025-11-30T16:56:40.435356+00:00', '--job-id', '61', '--raw', '--subdir', 'DAGS_FOLDER/iris_classification_dag.py', '--cfg-path', '/tmp/tmp8z8jue22']
[2025-11-30T16:56:48.914+0000] {standard_task_runner.py:91} INFO - Job 61: Subtask train_model
[2025-11-30T16:56:48.931+0000] {logging_mixin.py:188} WARNING - /home/***/.local/lib/python3.12/site-packages/***/settings.py:195 DeprecationWarning: The sql_alchemy_conn option in [core] has been moved to the sql_alchemy_conn option in [database] - the old setting has been used, but please update your config.
[2025-11-30T16:56:48.992+0000] {task_command.py:426} INFO - Running <TaskInstance: iris_classification.train_model manual__2025-11-30T16:56:40.435356+00:00 [running]> on host 251ca1b54482
[2025-11-30T16:56:49.073+0000] {taskinstance.py:2648} INFO - Exporting env vars: AIRFLOW_CTX_DAG_OWNER='***' AIRFLOW_CTX_DAG_ID='iris_classification' AIRFLOW_CTX_TASK_ID='train_model' AIRFLOW_CTX_EXECUTION_DATE='2025-11-30T16:56:40.435356+00:00' AIRFLOW_CTX_TRY_NUMBER='1' AIRFLOW_CTX_DAG_RUN_ID='manual__2025-11-30T16:56:40.435356+00:00'
[2025-11-30T16:56:49.075+0000] {taskinstance.py:430} INFO - ::endgroup::
[2025-11-30T16:56:49.213+0000] {logging_mixin.py:188} INFO - Model trained and saved.
[2025-11-30T16:56:49.214+0000] {python.py:237} INFO - Done. Returned value was: None
[2025-11-30T16:56:49.216+0000] {taskinstance.py:441} INFO - ::group::Post task execution logs
[2025-11-30T16:56:49.228+0000] {taskinstance.py:1206} INFO - Marking task as SUCCESS. dag_id=iris_classification, task_id=train_model, run_id=manual__2025-11-30T16:56:40.435356+00:00, execution_date=20251130T165640, start_date=20251130T165648, end_date=20251130T165649
[2025-11-30T16:56:49.289+0000] {local_task_job_runner.py:243} INFO - Task exited with return code 0
[2025-11-30T16:56:49.310+0000] {taskinstance.py:3503} INFO - 0 downstream tasks scheduled from follow-on schedule check
[2025-11-30T16:56:49.312+0000] {local_task_job_runner.py:222} INFO - ::endgroup::
